{"/Users/apple/Desktop/MinuteMeals/src/components/Badge.js": {"path":"/Users/apple/Desktop/MinuteMeals/src/components/Badge.js","statementMap":{"0":{"start":{"line":4,"column":21},"end":{"line":58,"column":1}},"1":{"start":{"line":5,"column":19},"end":{"line":19,"column":3}},"2":{"start":{"line":6,"column":4},"end":{"line":7,"column":26}},"3":{"start":{"line":7,"column":6},"end":{"line":7,"column":25}},"4":{"start":{"line":8,"column":4},"end":{"line":9,"column":27}},"5":{"start":{"line":9,"column":6},"end":{"line":9,"column":26}},"6":{"start":{"line":10,"column":4},"end":{"line":11,"column":24}},"7":{"start":{"line":11,"column":6},"end":{"line":11,"column":23}},"8":{"start":{"line":12,"column":4},"end":{"line":13,"column":25}},"9":{"start":{"line":13,"column":6},"end":{"line":13,"column":24}},"10":{"start":{"line":14,"column":4},"end":{"line":15,"column":28}},"11":{"start":{"line":15,"column":6},"end":{"line":15,"column":27}},"12":{"start":{"line":16,"column":4},"end":{"line":17,"column":28}},"13":{"start":{"line":17,"column":6},"end":{"line":17,"column":27}},"14":{"start":{"line":18,"column":4},"end":{"line":18,"column":22}},"15":{"start":{"line":21,"column":23},"end":{"line":35,"column":3}},"16":{"start":{"line":22,"column":4},"end":{"line":23,"column":30}},"17":{"start":{"line":23,"column":6},"end":{"line":23,"column":29}},"18":{"start":{"line":24,"column":4},"end":{"line":25,"column":31}},"19":{"start":{"line":25,"column":6},"end":{"line":25,"column":30}},"20":{"start":{"line":26,"column":4},"end":{"line":27,"column":28}},"21":{"start":{"line":27,"column":6},"end":{"line":27,"column":27}},"22":{"start":{"line":28,"column":4},"end":{"line":29,"column":29}},"23":{"start":{"line":29,"column":6},"end":{"line":29,"column":28}},"24":{"start":{"line":30,"column":4},"end":{"line":31,"column":32}},"25":{"start":{"line":31,"column":6},"end":{"line":31,"column":31}},"26":{"start":{"line":32,"column":4},"end":{"line":33,"column":32}},"27":{"start":{"line":33,"column":6},"end":{"line":33,"column":31}},"28":{"start":{"line":34,"column":4},"end":{"line":34,"column":26}},"29":{"start":{"line":37,"column":18},"end":{"line":43,"column":3}},"30":{"start":{"line":38,"column":4},"end":{"line":39,"column":26}},"31":{"start":{"line":39,"column":6},"end":{"line":39,"column":25}},"32":{"start":{"line":40,"column":4},"end":{"line":41,"column":26}},"33":{"start":{"line":41,"column":6},"end":{"line":41,"column":25}},"34":{"start":{"line":42,"column":4},"end":{"line":42,"column":24}},"35":{"start":{"line":45,"column":22},"end":{"line":51,"column":3}},"36":{"start":{"line":46,"column":4},"end":{"line":47,"column":30}},"37":{"start":{"line":47,"column":6},"end":{"line":47,"column":29}},"38":{"start":{"line":48,"column":4},"end":{"line":49,"column":30}},"39":{"start":{"line":49,"column":6},"end":{"line":49,"column":29}},"40":{"start":{"line":50,"column":4},"end":{"line":50,"column":28}},"41":{"start":{"line":53,"column":2},"end":{"line":57,"column":3}},"42":{"start":{"line":60,"column":15},"end":{"line":137,"column":2}}},"fnMap":{"0":{"name":"(anonymous_0)","decl":{"start":{"line":4,"column":21},"end":{"line":4,"column":22}},"loc":{"start":{"line":4,"column":76},"end":{"line":58,"column":1}},"line":4},"1":{"name":"(anonymous_1)","decl":{"start":{"line":5,"column":19},"end":{"line":5,"column":20}},"loc":{"start":{"line":5,"column":25},"end":{"line":19,"column":3}},"line":5},"2":{"name":"(anonymous_2)","decl":{"start":{"line":21,"column":23},"end":{"line":21,"column":24}},"loc":{"start":{"line":21,"column":29},"end":{"line":35,"column":3}},"line":21},"3":{"name":"(anonymous_3)","decl":{"start":{"line":37,"column":18},"end":{"line":37,"column":19}},"loc":{"start":{"line":37,"column":24},"end":{"line":43,"column":3}},"line":37},"4":{"name":"(anonymous_4)","decl":{"start":{"line":45,"column":22},"end":{"line":45,"column":23}},"loc":{"start":{"line":45,"column":28},"end":{"line":51,"column":3}},"line":45}},"branchMap":{"0":{"loc":{"start":{"line":4,"column":28},"end":{"line":4,"column":47}},"type":"default-arg","locations":[{"start":{"line":4,"column":38},"end":{"line":4,"column":47}}],"line":4},"1":{"loc":{"start":{"line":4,"column":48},"end":{"line":4,"column":63}},"type":"default-arg","locations":[{"start":{"line":4,"column":55},"end":{"line":4,"column":63}}],"line":4},"2":{"loc":{"start":{"line":6,"column":4},"end":{"line":7,"column":26}},"type":"if","locations":[{"start":{"line":6,"column":4},"end":{"line":7,"column":26}},{"start":{},"end":{}}],"line":6},"3":{"loc":{"start":{"line":8,"column":4},"end":{"line":9,"column":27}},"type":"if","locations":[{"start":{"line":8,"column":4},"end":{"line":9,"column":27}},{"start":{},"end":{}}],"line":8},"4":{"loc":{"start":{"line":10,"column":4},"end":{"line":11,"column":24}},"type":"if","locations":[{"start":{"line":10,"column":4},"end":{"line":11,"column":24}},{"start":{},"end":{}}],"line":10},"5":{"loc":{"start":{"line":12,"column":4},"end":{"line":13,"column":25}},"type":"if","locations":[{"start":{"line":12,"column":4},"end":{"line":13,"column":25}},{"start":{},"end":{}}],"line":12},"6":{"loc":{"start":{"line":14,"column":4},"end":{"line":15,"column":28}},"type":"if","locations":[{"start":{"line":14,"column":4},"end":{"line":15,"column":28}},{"start":{},"end":{}}],"line":14},"7":{"loc":{"start":{"line":16,"column":4},"end":{"line":17,"column":28}},"type":"if","locations":[{"start":{"line":16,"column":4},"end":{"line":17,"column":28}},{"start":{},"end":{}}],"line":16},"8":{"loc":{"start":{"line":22,"column":4},"end":{"line":23,"column":30}},"type":"if","locations":[{"start":{"line":22,"column":4},"end":{"line":23,"column":30}},{"start":{},"end":{}}],"line":22},"9":{"loc":{"start":{"line":24,"column":4},"end":{"line":25,"column":31}},"type":"if","locations":[{"start":{"line":24,"column":4},"end":{"line":25,"column":31}},{"start":{},"end":{}}],"line":24},"10":{"loc":{"start":{"line":26,"column":4},"end":{"line":27,"column":28}},"type":"if","locations":[{"start":{"line":26,"column":4},"end":{"line":27,"column":28}},{"start":{},"end":{}}],"line":26},"11":{"loc":{"start":{"line":28,"column":4},"end":{"line":29,"column":29}},"type":"if","locations":[{"start":{"line":28,"column":4},"end":{"line":29,"column":29}},{"start":{},"end":{}}],"line":28},"12":{"loc":{"start":{"line":30,"column":4},"end":{"line":31,"column":32}},"type":"if","locations":[{"start":{"line":30,"column":4},"end":{"line":31,"column":32}},{"start":{},"end":{}}],"line":30},"13":{"loc":{"start":{"line":32,"column":4},"end":{"line":33,"column":32}},"type":"if","locations":[{"start":{"line":32,"column":4},"end":{"line":33,"column":32}},{"start":{},"end":{}}],"line":32},"14":{"loc":{"start":{"line":38,"column":4},"end":{"line":39,"column":26}},"type":"if","locations":[{"start":{"line":38,"column":4},"end":{"line":39,"column":26}},{"start":{},"end":{}}],"line":38},"15":{"loc":{"start":{"line":40,"column":4},"end":{"line":41,"column":26}},"type":"if","locations":[{"start":{"line":40,"column":4},"end":{"line":41,"column":26}},{"start":{},"end":{}}],"line":40},"16":{"loc":{"start":{"line":46,"column":4},"end":{"line":47,"column":30}},"type":"if","locations":[{"start":{"line":46,"column":4},"end":{"line":47,"column":30}},{"start":{},"end":{}}],"line":46},"17":{"loc":{"start":{"line":48,"column":4},"end":{"line":49,"column":30}},"type":"if","locations":[{"start":{"line":48,"column":4},"end":{"line":49,"column":30}},{"start":{},"end":{}}],"line":48}},"s":{"0":0,"1":0,"2":0,"3":0,"4":0,"5":0,"6":0,"7":0,"8":0,"9":0,"10":0,"11":0,"12":0,"13":0,"14":0,"15":0,"16":0,"17":0,"18":0,"19":0,"20":0,"21":0,"22":0,"23":0,"24":0,"25":0,"26":0,"27":0,"28":0,"29":0,"30":0,"31":0,"32":0,"33":0,"34":0,"35":0,"36":0,"37":0,"38":0,"39":0,"40":0,"41":0,"42":0},"f":{"0":0,"1":0,"2":0,"3":0,"4":0},"b":{"0":[0],"1":[0],"2":[0,0],"3":[0,0],"4":[0,0],"5":[0,0],"6":[0,0],"7":[0,0],"8":[0,0],"9":[0,0],"10":[0,0],"11":[0,0],"12":[0,0],"13":[0,0],"14":[0,0],"15":[0,0],"16":[0,0],"17":[0,0]}}
,"/Users/apple/Desktop/MinuteMeals/src/components/EmptyState.js": {"path":"/Users/apple/Desktop/MinuteMeals/src/components/EmptyState.js","statementMap":{"0":{"start":{"line":5,"column":26},"end":{"line":25,"column":1}},"1":{"start":{"line":6,"column":26},"end":{"line":6,"column":37}},"2":{"start":{"line":7,"column":21},"end":{"line":7,"column":48}},"3":{"start":{"line":9,"column":2},"end":{"line":24,"column":3}},"4":{"start":{"line":27,"column":15},"end":{"line":63,"column":2}}},"fnMap":{"0":{"name":"(anonymous_0)","decl":{"start":{"line":5,"column":26},"end":{"line":5,"column":27}},"loc":{"start":{"line":5,"column":161},"end":{"line":25,"column":1}},"line":5}},"branchMap":{"0":{"loc":{"start":{"line":5,"column":28},"end":{"line":5,"column":53}},"type":"default-arg","locations":[{"start":{"line":5,"column":35},"end":{"line":5,"column":53}}],"line":5},"1":{"loc":{"start":{"line":5,"column":54},"end":{"line":5,"column":80}},"type":"default-arg","locations":[{"start":{"line":5,"column":62},"end":{"line":5,"column":80}}],"line":5},"2":{"loc":{"start":{"line":5,"column":81},"end":{"line":5,"column":126}},"type":"default-arg","locations":[{"start":{"line":5,"column":95},"end":{"line":5,"column":126}}],"line":5},"3":{"loc":{"start":{"line":7,"column":21},"end":{"line":7,"column":48}},"type":"binary-expr","locations":[{"start":{"line":7,"column":21},"end":{"line":7,"column":31}},{"start":{"line":7,"column":35},"end":{"line":7,"column":48}}],"line":7},"4":{"loc":{"start":{"line":15,"column":7},"end":{"line":17,"column":7}},"type":"binary-expr","locations":[{"start":{"line":15,"column":7},"end":{"line":15,"column":22}},{"start":{"line":16,"column":8},"end":{"line":16,"column":54}}],"line":15},"5":{"loc":{"start":{"line":18,"column":7},"end":{"line":22,"column":7}},"type":"binary-expr","locations":[{"start":{"line":18,"column":7},"end":{"line":18,"column":17}},{"start":{"line":19,"column":8},"end":{"line":21,"column":27}}],"line":18}},"s":{"0":0,"1":0,"2":0,"3":0,"4":0},"f":{"0":0},"b":{"0":[0],"1":[0],"2":[0],"3":[0,0],"4":[0,0],"5":[0,0]}}
,"/Users/apple/Desktop/MinuteMeals/src/components/FilterBar.js": {"path":"/Users/apple/Desktop/MinuteMeals/src/components/FilterBar.js","statementMap":{"0":{"start":{"line":4,"column":25},"end":{"line":26,"column":1}},"1":{"start":{"line":5,"column":21},"end":{"line":5,"column":70}},"2":{"start":{"line":5,"column":57},"end":{"line":5,"column":69}},"3":{"start":{"line":7,"column":17},"end":{"line":11,"column":3}},"4":{"start":{"line":8,"column":4},"end":{"line":10,"column":23}},"5":{"start":{"line":13,"column":16},"end":{"line":13,"column":44}},"6":{"start":{"line":14,"column":16},"end":{"line":14,"column":44}},"7":{"start":{"line":15,"column":19},"end":{"line":15,"column":48}},"8":{"start":{"line":17,"column":2},"end":{"line":25,"column":3}},"9":{"start":{"line":20,"column":58},"end":{"line":20,"column":93}},"10":{"start":{"line":21,"column":58},"end":{"line":21,"column":93}},"11":{"start":{"line":22,"column":65},"end":{"line":22,"column":101}},"12":{"start":{"line":28,"column":15},"end":{"line":56,"column":2}}},"fnMap":{"0":{"name":"(anonymous_0)","decl":{"start":{"line":4,"column":25},"end":{"line":4,"column":26}},"loc":{"start":{"line":4,"column":90},"end":{"line":26,"column":1}},"line":4},"1":{"name":"(anonymous_1)","decl":{"start":{"line":5,"column":49},"end":{"line":5,"column":50}},"loc":{"start":{"line":5,"column":57},"end":{"line":5,"column":69}},"line":5},"2":{"name":"(anonymous_2)","decl":{"start":{"line":7,"column":17},"end":{"line":7,"column":18}},"loc":{"start":{"line":8,"column":4},"end":{"line":10,"column":23}},"line":8},"3":{"name":"(anonymous_3)","decl":{"start":{"line":20,"column":52},"end":{"line":20,"column":53}},"loc":{"start":{"line":20,"column":58},"end":{"line":20,"column":93}},"line":20},"4":{"name":"(anonymous_4)","decl":{"start":{"line":21,"column":52},"end":{"line":21,"column":53}},"loc":{"start":{"line":21,"column":58},"end":{"line":21,"column":93}},"line":21},"5":{"name":"(anonymous_5)","decl":{"start":{"line":22,"column":59},"end":{"line":22,"column":60}},"loc":{"start":{"line":22,"column":65},"end":{"line":22,"column":101}},"line":22}},"branchMap":{"0":{"loc":{"start":{"line":4,"column":65},"end":{"line":4,"column":86}},"type":"default-arg","locations":[{"start":{"line":4,"column":84},"end":{"line":4,"column":86}}],"line":4},"1":{"loc":{"start":{"line":7,"column":39},"end":{"line":7,"column":53}},"type":"default-arg","locations":[{"start":{"line":7,"column":48},"end":{"line":7,"column":53}}],"line":7},"2":{"loc":{"start":{"line":8,"column":41},"end":{"line":8,"column":64}},"type":"binary-expr","locations":[{"start":{"line":8,"column":41},"end":{"line":8,"column":47}},{"start":{"line":8,"column":51},"end":{"line":8,"column":64}}],"line":8},"3":{"loc":{"start":{"line":9,"column":32},"end":{"line":9,"column":59}},"type":"binary-expr","locations":[{"start":{"line":9,"column":32},"end":{"line":9,"column":38}},{"start":{"line":9,"column":42},"end":{"line":9,"column":59}}],"line":9}},"s":{"0":0,"1":0,"2":0,"3":0,"4":0,"5":0,"6":0,"7":0,"8":0,"9":0,"10":0,"11":0,"12":0},"f":{"0":0,"1":0,"2":0,"3":0,"4":0,"5":0},"b":{"0":[0],"1":[0],"2":[0,0],"3":[0,0]}}
,"/Users/apple/Desktop/MinuteMeals/src/components/IngredientConfirmationDialog.js": {"path":"/Users/apple/Desktop/MinuteMeals/src/components/IngredientConfirmationDialog.js","statementMap":{"0":{"start":{"line":5,"column":44},"end":{"line":149,"column":1}},"1":{"start":{"line":6,"column":44},"end":{"line":6,"column":74}},"2":{"start":{"line":7,"column":38},"end":{"line":7,"column":50}},"3":{"start":{"line":10,"column":2},"end":{"line":12,"column":19}},"4":{"start":{"line":11,"column":4},"end":{"line":11,"column":42}},"5":{"start":{"line":14,"column":21},"end":{"line":24,"column":8}},"6":{"start":{"line":15,"column":4},"end":{"line":23,"column":6}},"7":{"start":{"line":16,"column":21},"end":{"line":16,"column":34}},"8":{"start":{"line":17,"column":6},"end":{"line":21,"column":7}},"9":{"start":{"line":18,"column":8},"end":{"line":18,"column":27}},"10":{"start":{"line":20,"column":8},"end":{"line":20,"column":24}},"11":{"start":{"line":22,"column":6},"end":{"line":22,"column":19}},"12":{"start":{"line":26,"column":24},"end":{"line":32,"column":18}},"13":{"start":{"line":27,"column":20},"end":{"line":27,"column":51}},"14":{"start":{"line":28,"column":4},"end":{"line":31,"column":5}},"15":{"start":{"line":29,"column":6},"end":{"line":29,"column":59}},"16":{"start":{"line":29,"column":31},"end":{"line":29,"column":58}},"17":{"start":{"line":30,"column":6},"end":{"line":30,"column":23}},"18":{"start":{"line":34,"column":24},"end":{"line":42,"column":32}},"19":{"start":{"line":35,"column":21},"end":{"line":35,"column":46}},"20":{"start":{"line":36,"column":4},"end":{"line":39,"column":5}},"21":{"start":{"line":37,"column":6},"end":{"line":37,"column":102}},"22":{"start":{"line":38,"column":6},"end":{"line":38,"column":12}},"23":{"start":{"line":40,"column":4},"end":{"line":40,"column":23}},"24":{"start":{"line":41,"column":4},"end":{"line":41,"column":21}},"25":{"start":{"line":44,"column":23},"end":{"line":47,"column":16}},"26":{"start":{"line":45,"column":4},"end":{"line":45,"column":21}},"27":{"start":{"line":46,"column":4},"end":{"line":46,"column":14}},"28":{"start":{"line":49,"column":19},"end":{"line":49,"column":74}},"29":{"start":{"line":51,"column":2},"end":{"line":148,"column":3}},"30":{"start":{"line":82,"column":16},"end":{"line":107,"column":35}},"31":{"start":{"line":85,"column":33},"end":{"line":85,"column":49}},"32":{"start":{"line":151,"column":15},"end":{"line":305,"column":2}}},"fnMap":{"0":{"name":"(anonymous_0)","decl":{"start":{"line":5,"column":44},"end":{"line":5,"column":45}},"loc":{"start":{"line":5,"column":93},"end":{"line":149,"column":1}},"line":5},"1":{"name":"(anonymous_1)","decl":{"start":{"line":10,"column":18},"end":{"line":10,"column":19}},"loc":{"start":{"line":10,"column":24},"end":{"line":12,"column":3}},"line":10},"2":{"name":"(anonymous_2)","decl":{"start":{"line":14,"column":33},"end":{"line":14,"column":34}},"loc":{"start":{"line":14,"column":43},"end":{"line":24,"column":3}},"line":14},"3":{"name":"(anonymous_3)","decl":{"start":{"line":15,"column":21},"end":{"line":15,"column":22}},"loc":{"start":{"line":15,"column":29},"end":{"line":23,"column":5}},"line":15},"4":{"name":"(anonymous_4)","decl":{"start":{"line":26,"column":36},"end":{"line":26,"column":37}},"loc":{"start":{"line":26,"column":42},"end":{"line":32,"column":3}},"line":26},"5":{"name":"(anonymous_5)","decl":{"start":{"line":29,"column":23},"end":{"line":29,"column":24}},"loc":{"start":{"line":29,"column":31},"end":{"line":29,"column":58}},"line":29},"6":{"name":"(anonymous_6)","decl":{"start":{"line":34,"column":36},"end":{"line":34,"column":37}},"loc":{"start":{"line":34,"column":42},"end":{"line":42,"column":3}},"line":34},"7":{"name":"(anonymous_7)","decl":{"start":{"line":44,"column":35},"end":{"line":44,"column":36}},"loc":{"start":{"line":44,"column":41},"end":{"line":47,"column":3}},"line":44},"8":{"name":"(anonymous_8)","decl":{"start":{"line":81,"column":27},"end":{"line":81,"column":28}},"loc":{"start":{"line":82,"column":16},"end":{"line":107,"column":35}},"line":82},"9":{"name":"(anonymous_9)","decl":{"start":{"line":85,"column":27},"end":{"line":85,"column":28}},"loc":{"start":{"line":85,"column":33},"end":{"line":85,"column":49}},"line":85}},"branchMap":{"0":{"loc":{"start":{"line":17,"column":6},"end":{"line":21,"column":7}},"type":"if","locations":[{"start":{"line":17,"column":6},"end":{"line":21,"column":7}},{"start":{"line":19,"column":13},"end":{"line":21,"column":7}}],"line":17},"1":{"loc":{"start":{"line":28,"column":4},"end":{"line":31,"column":5}},"type":"if","locations":[{"start":{"line":28,"column":4},"end":{"line":31,"column":5}},{"start":{},"end":{}}],"line":28},"2":{"loc":{"start":{"line":36,"column":4},"end":{"line":39,"column":5}},"type":"if","locations":[{"start":{"line":36,"column":4},"end":{"line":39,"column":5}},{"start":{},"end":{}}],"line":36},"3":{"loc":{"start":{"line":74,"column":13},"end":{"line":109,"column":13}},"type":"cond-expr","locations":[{"start":{"line":75,"column":14},"end":{"line":79,"column":21}},{"start":{"line":81,"column":14},"end":{"line":108,"column":16}}],"line":74},"4":{"loc":{"start":{"line":89,"column":22},"end":{"line":89,"column":71}},"type":"binary-expr","locations":[{"start":{"line":89,"column":22},"end":{"line":89,"column":45}},{"start":{"line":89,"column":49},"end":{"line":89,"column":71}}],"line":89},"5":{"loc":{"start":{"line":91,"column":23},"end":{"line":93,"column":23}},"type":"binary-expr","locations":[{"start":{"line":91,"column":23},"end":{"line":91,"column":46}},{"start":{"line":92,"column":24},"end":{"line":92,"column":77}}],"line":91},"6":{"loc":{"start":{"line":97,"column":22},"end":{"line":97,"column":71}},"type":"binary-expr","locations":[{"start":{"line":97,"column":22},"end":{"line":97,"column":45}},{"start":{"line":97,"column":49},"end":{"line":97,"column":71}}],"line":97},"7":{"loc":{"start":{"line":102,"column":19},"end":{"line":106,"column":19}},"type":"binary-expr","locations":[{"start":{"line":102,"column":19},"end":{"line":102,"column":46}},{"start":{"line":103,"column":20},"end":{"line":105,"column":27}}],"line":102},"8":{"loc":{"start":{"line":129,"column":23},"end":{"line":129,"column":61}},"type":"cond-expr","locations":[{"start":{"line":129,"column":43},"end":{"line":129,"column":52}},{"start":{"line":129,"column":55},"end":{"line":129,"column":61}}],"line":129},"9":{"loc":{"start":{"line":141,"column":46},"end":{"line":141,"column":81}},"type":"cond-expr","locations":[{"start":{"line":141,"column":73},"end":{"line":141,"column":76}},{"start":{"line":141,"column":79},"end":{"line":141,"column":81}}],"line":141}},"s":{"0":0,"1":0,"2":0,"3":0,"4":0,"5":0,"6":0,"7":0,"8":0,"9":0,"10":0,"11":0,"12":0,"13":0,"14":0,"15":0,"16":0,"17":0,"18":0,"19":0,"20":0,"21":0,"22":0,"23":0,"24":0,"25":0,"26":0,"27":0,"28":0,"29":0,"30":0,"31":0,"32":0},"f":{"0":0,"1":0,"2":0,"3":0,"4":0,"5":0,"6":0,"7":0,"8":0,"9":0},"b":{"0":[0,0],"1":[0,0],"2":[0,0],"3":[0,0],"4":[0,0],"5":[0,0],"6":[0,0],"7":[0,0],"8":[0,0],"9":[0,0]}}
,"/Users/apple/Desktop/MinuteMeals/src/components/ListItem.js": {"path":"/Users/apple/Desktop/MinuteMeals/src/components/ListItem.js","statementMap":{"0":{"start":{"line":5,"column":24},"end":{"line":48,"column":1}},"1":{"start":{"line":6,"column":24},"end":{"line":11,"column":3}},"2":{"start":{"line":7,"column":4},"end":{"line":7,"column":23}},"3":{"start":{"line":8,"column":4},"end":{"line":10,"column":5}},"4":{"start":{"line":9,"column":6},"end":{"line":9,"column":21}},"5":{"start":{"line":12,"column":25},"end":{"line":17,"column":3}},"6":{"start":{"line":13,"column":4},"end":{"line":13,"column":23}},"7":{"start":{"line":14,"column":4},"end":{"line":16,"column":5}},"8":{"start":{"line":15,"column":6},"end":{"line":15,"column":24}},"9":{"start":{"line":18,"column":22},"end":{"line":18,"column":34}},"10":{"start":{"line":19,"column":22},"end":{"line":19,"column":30}},"11":{"start":{"line":20,"column":22},"end":{"line":20,"column":30}},"12":{"start":{"line":21,"column":23},"end":{"line":21,"column":32}},"13":{"start":{"line":23,"column":2},"end":{"line":47,"column":3}},"14":{"start":{"line":50,"column":15},"end":{"line":89,"column":2}}},"fnMap":{"0":{"name":"(anonymous_0)","decl":{"start":{"line":5,"column":24},"end":{"line":5,"column":25}},"loc":{"start":{"line":5,"column":170},"end":{"line":48,"column":1}},"line":5},"1":{"name":"(anonymous_1)","decl":{"start":{"line":6,"column":24},"end":{"line":6,"column":25}},"loc":{"start":{"line":6,"column":29},"end":{"line":11,"column":3}},"line":6},"2":{"name":"(anonymous_2)","decl":{"start":{"line":12,"column":25},"end":{"line":12,"column":26}},"loc":{"start":{"line":12,"column":30},"end":{"line":17,"column":3}},"line":12}},"branchMap":{"0":{"loc":{"start":{"line":5,"column":85},"end":{"line":5,"column":100}},"type":"default-arg","locations":[{"start":{"line":5,"column":95},"end":{"line":5,"column":100}}],"line":5},"1":{"loc":{"start":{"line":5,"column":115},"end":{"line":5,"column":135}},"type":"default-arg","locations":[{"start":{"line":5,"column":130},"end":{"line":5,"column":135}}],"line":5},"2":{"loc":{"start":{"line":8,"column":4},"end":{"line":10,"column":5}},"type":"if","locations":[{"start":{"line":8,"column":4},"end":{"line":10,"column":5}},{"start":{},"end":{}}],"line":8},"3":{"loc":{"start":{"line":14,"column":4},"end":{"line":16,"column":5}},"type":"if","locations":[{"start":{"line":14,"column":4},"end":{"line":16,"column":5}},{"start":{},"end":{}}],"line":14},"4":{"loc":{"start":{"line":26,"column":9},"end":{"line":30,"column":9}},"type":"binary-expr","locations":[{"start":{"line":26,"column":9},"end":{"line":26,"column":20}},{"start":{"line":27,"column":10},"end":{"line":29,"column":29}}],"line":26},"5":{"loc":{"start":{"line":28,"column":28},"end":{"line":28,"column":67}},"type":"cond-expr","locations":[{"start":{"line":28,"column":38},"end":{"line":28,"column":48}},{"start":{"line":28,"column":51},"end":{"line":28,"column":67}}],"line":28},"6":{"loc":{"start":{"line":28,"column":86},"end":{"line":28,"column":114}},"type":"cond-expr","locations":[{"start":{"line":28,"column":96},"end":{"line":28,"column":105}},{"start":{"line":28,"column":108},"end":{"line":28,"column":114}}],"line":28},"7":{"loc":{"start":{"line":31,"column":9},"end":{"line":33,"column":9}},"type":"binary-expr","locations":[{"start":{"line":31,"column":9},"end":{"line":31,"column":20}},{"start":{"line":32,"column":10},"end":{"line":32,"column":53}}],"line":31},"8":{"loc":{"start":{"line":36,"column":11},"end":{"line":38,"column":11}},"type":"binary-expr","locations":[{"start":{"line":36,"column":11},"end":{"line":36,"column":22}},{"start":{"line":37,"column":12},"end":{"line":37,"column":88}}],"line":36},"9":{"loc":{"start":{"line":41,"column":7},"end":{"line":45,"column":7}},"type":"binary-expr","locations":[{"start":{"line":41,"column":7},"end":{"line":41,"column":19}},{"start":{"line":42,"column":8},"end":{"line":44,"column":27}}],"line":41},"10":{"loc":{"start":{"line":42,"column":56},"end":{"line":42,"column":83}},"type":"binary-expr","locations":[{"start":{"line":42,"column":56},"end":{"line":42,"column":72}},{"start":{"line":42,"column":76},"end":{"line":42,"column":83}}],"line":42}},"s":{"0":0,"1":0,"2":0,"3":0,"4":0,"5":0,"6":0,"7":0,"8":0,"9":0,"10":0,"11":0,"12":0,"13":0,"14":0},"f":{"0":0,"1":0,"2":0},"b":{"0":[0],"1":[0],"2":[0,0],"3":[0,0],"4":[0,0],"5":[0,0],"6":[0,0],"7":[0,0],"8":[0,0],"9":[0,0],"10":[0,0]}}
,"/Users/apple/Desktop/MinuteMeals/src/components/PantryIcon.js": {"path":"/Users/apple/Desktop/MinuteMeals/src/components/PantryIcon.js","statementMap":{"0":{"start":{"line":6,"column":26},"end":{"line":16,"column":1}},"1":{"start":{"line":7,"column":20},"end":{"line":7,"column":24}},"2":{"start":{"line":8,"column":2},"end":{"line":14,"column":3}},"3":{"start":{"line":9,"column":4},"end":{"line":13,"column":5}},"4":{"start":{"line":15,"column":2},"end":{"line":15,"column":83}},"5":{"start":{"line":18,"column":15},"end":{"line":24,"column":2}}},"fnMap":{"0":{"name":"(anonymous_0)","decl":{"start":{"line":6,"column":26},"end":{"line":6,"column":27}},"loc":{"start":{"line":6,"column":50},"end":{"line":16,"column":1}},"line":6}},"branchMap":{"0":{"loc":{"start":{"line":8,"column":2},"end":{"line":14,"column":3}},"type":"if","locations":[{"start":{"line":8,"column":2},"end":{"line":14,"column":3}},{"start":{},"end":{}}],"line":8}},"s":{"0":0,"1":0,"2":0,"3":0,"4":0,"5":0},"f":{"0":0},"b":{"0":[0,0]}}
,"/Users/apple/Desktop/MinuteMeals/src/components/RecipeCard.js": {"path":"/Users/apple/Desktop/MinuteMeals/src/components/RecipeCard.js","statementMap":{"0":{"start":{"line":6,"column":26},"end":{"line":87,"column":1}},"1":{"start":{"line":7,"column":21},"end":{"line":12,"column":3}},"2":{"start":{"line":8,"column":4},"end":{"line":8,"column":23}},"3":{"start":{"line":9,"column":4},"end":{"line":11,"column":5}},"4":{"start":{"line":10,"column":6},"end":{"line":10,"column":33}},"5":{"start":{"line":13,"column":18},"end":{"line":22,"column":3}},"6":{"start":{"line":14,"column":4},"end":{"line":15,"column":28}},"7":{"start":{"line":15,"column":6},"end":{"line":15,"column":27}},"8":{"start":{"line":16,"column":4},"end":{"line":18,"column":5}},"9":{"start":{"line":17,"column":6},"end":{"line":17,"column":39}},"10":{"start":{"line":19,"column":18},"end":{"line":19,"column":51}},"11":{"start":{"line":20,"column":20},"end":{"line":20,"column":41}},"12":{"start":{"line":21,"column":4},"end":{"line":21,"column":64}},"13":{"start":{"line":23,"column":29},"end":{"line":34,"column":3}},"14":{"start":{"line":24,"column":4},"end":{"line":26,"column":5}},"15":{"start":{"line":25,"column":6},"end":{"line":25,"column":22}},"16":{"start":{"line":27,"column":4},"end":{"line":29,"column":5}},"17":{"start":{"line":28,"column":6},"end":{"line":28,"column":22}},"18":{"start":{"line":30,"column":4},"end":{"line":32,"column":5}},"19":{"start":{"line":31,"column":6},"end":{"line":31,"column":22}},"20":{"start":{"line":33,"column":4},"end":{"line":33,"column":20}},"21":{"start":{"line":35,"column":24},"end":{"line":35,"column":41}},"22":{"start":{"line":36,"column":19},"end":{"line":36,"column":41}},"23":{"start":{"line":37,"column":21},"end":{"line":37,"column":43}},"24":{"start":{"line":38,"column":32},"end":{"line":38,"column":110}},"25":{"start":{"line":40,"column":2},"end":{"line":86,"column":3}},"26":{"start":{"line":71,"column":24},"end":{"line":75,"column":31}},"27":{"start":{"line":89,"column":15},"end":{"line":195,"column":2}}},"fnMap":{"0":{"name":"(anonymous_0)","decl":{"start":{"line":6,"column":26},"end":{"line":6,"column":27}},"loc":{"start":{"line":6,"column":109},"end":{"line":87,"column":1}},"line":6},"1":{"name":"(anonymous_1)","decl":{"start":{"line":7,"column":21},"end":{"line":7,"column":22}},"loc":{"start":{"line":7,"column":26},"end":{"line":12,"column":3}},"line":7},"2":{"name":"(anonymous_2)","decl":{"start":{"line":13,"column":18},"end":{"line":13,"column":19}},"loc":{"start":{"line":13,"column":22},"end":{"line":22,"column":3}},"line":13},"3":{"name":"(anonymous_3)","decl":{"start":{"line":23,"column":29},"end":{"line":23,"column":30}},"loc":{"start":{"line":23,"column":35},"end":{"line":34,"column":3}},"line":23},"4":{"name":"(anonymous_4)","decl":{"start":{"line":70,"column":55},"end":{"line":70,"column":56}},"loc":{"start":{"line":71,"column":24},"end":{"line":75,"column":31}},"line":71}},"branchMap":{"0":{"loc":{"start":{"line":6,"column":41},"end":{"line":6,"column":59}},"type":"default-arg","locations":[{"start":{"line":6,"column":54},"end":{"line":6,"column":59}}],"line":6},"1":{"loc":{"start":{"line":6,"column":85},"end":{"line":6,"column":105}},"type":"default-arg","locations":[{"start":{"line":6,"column":101},"end":{"line":6,"column":105}}],"line":6},"2":{"loc":{"start":{"line":9,"column":4},"end":{"line":11,"column":5}},"type":"if","locations":[{"start":{"line":9,"column":4},"end":{"line":11,"column":5}},{"start":{},"end":{}}],"line":9},"3":{"loc":{"start":{"line":14,"column":4},"end":{"line":15,"column":28}},"type":"if","locations":[{"start":{"line":14,"column":4},"end":{"line":15,"column":28}},{"start":{},"end":{}}],"line":14},"4":{"loc":{"start":{"line":16,"column":4},"end":{"line":18,"column":5}},"type":"if","locations":[{"start":{"line":16,"column":4},"end":{"line":18,"column":5}},{"start":{},"end":{}}],"line":16},"5":{"loc":{"start":{"line":21,"column":11},"end":{"line":21,"column":64}},"type":"cond-expr","locations":[{"start":{"line":21,"column":25},"end":{"line":21,"column":50}},{"start":{"line":21,"column":53},"end":{"line":21,"column":64}}],"line":21},"6":{"loc":{"start":{"line":24,"column":4},"end":{"line":26,"column":5}},"type":"if","locations":[{"start":{"line":24,"column":4},"end":{"line":26,"column":5}},{"start":{},"end":{}}],"line":24},"7":{"loc":{"start":{"line":27,"column":4},"end":{"line":29,"column":5}},"type":"if","locations":[{"start":{"line":27,"column":4},"end":{"line":29,"column":5}},{"start":{},"end":{}}],"line":27},"8":{"loc":{"start":{"line":30,"column":4},"end":{"line":32,"column":5}},"type":"if","locations":[{"start":{"line":30,"column":4},"end":{"line":32,"column":5}},{"start":{},"end":{}}],"line":30},"9":{"loc":{"start":{"line":36,"column":19},"end":{"line":36,"column":41}},"type":"binary-expr","locations":[{"start":{"line":36,"column":19},"end":{"line":36,"column":32}},{"start":{"line":36,"column":36},"end":{"line":36,"column":41}}],"line":36},"10":{"loc":{"start":{"line":37,"column":21},"end":{"line":37,"column":43}},"type":"binary-expr","locations":[{"start":{"line":37,"column":21},"end":{"line":37,"column":26}},{"start":{"line":37,"column":30},"end":{"line":37,"column":43}}],"line":37},"11":{"loc":{"start":{"line":38,"column":32},"end":{"line":38,"column":110}},"type":"binary-expr","locations":[{"start":{"line":38,"column":32},"end":{"line":38,"column":37}},{"start":{"line":38,"column":41},"end":{"line":38,"column":68}},{"start":{"line":38,"column":72},"end":{"line":38,"column":110}}],"line":38},"12":{"loc":{"start":{"line":44,"column":26},"end":{"line":44,"column":64}},"type":"cond-expr","locations":[{"start":{"line":44,"column":39},"end":{"line":44,"column":46}},{"start":{"line":44,"column":49},"end":{"line":44,"column":64}}],"line":44},"13":{"loc":{"start":{"line":44,"column":83},"end":{"line":44,"column":114}},"type":"cond-expr","locations":[{"start":{"line":44,"column":96},"end":{"line":44,"column":105}},{"start":{"line":44,"column":108},"end":{"line":44,"column":114}}],"line":44},"14":{"loc":{"start":{"line":52,"column":11},"end":{"line":57,"column":11}},"type":"binary-expr","locations":[{"start":{"line":52,"column":11},"end":{"line":52,"column":24}},{"start":{"line":53,"column":12},"end":{"line":56,"column":19}}],"line":52},"15":{"loc":{"start":{"line":59,"column":9},"end":{"line":83,"column":9}},"type":"binary-expr","locations":[{"start":{"line":59,"column":9},"end":{"line":59,"column":17}},{"start":{"line":60,"column":10},"end":{"line":82,"column":17}}],"line":59},"16":{"loc":{"start":{"line":63,"column":15},"end":{"line":80,"column":15}},"type":"cond-expr","locations":[{"start":{"line":64,"column":16},"end":{"line":64,"column":98}},{"start":{"line":66,"column":16},"end":{"line":79,"column":23}}],"line":63},"17":{"loc":{"start":{"line":68,"column":19},"end":{"line":78,"column":19}},"type":"binary-expr","locations":[{"start":{"line":68,"column":19},"end":{"line":68,"column":40}},{"start":{"line":69,"column":20},"end":{"line":77,"column":27}}],"line":68},"18":{"loc":{"start":{"line":73,"column":29},"end":{"line":73,"column":114}},"type":"cond-expr","locations":[{"start":{"line":73,"column":58},"end":{"line":73,"column":96}},{"start":{"line":73,"column":99},"end":{"line":73,"column":114}}],"line":73}},"s":{"0":0,"1":0,"2":0,"3":0,"4":0,"5":0,"6":0,"7":0,"8":0,"9":0,"10":0,"11":0,"12":0,"13":0,"14":0,"15":0,"16":0,"17":0,"18":0,"19":0,"20":0,"21":0,"22":0,"23":0,"24":0,"25":0,"26":0,"27":0},"f":{"0":0,"1":0,"2":0,"3":0,"4":0},"b":{"0":[0],"1":[0],"2":[0,0],"3":[0,0],"4":[0,0],"5":[0,0],"6":[0,0],"7":[0,0],"8":[0,0],"9":[0,0],"10":[0,0],"11":[0,0,0],"12":[0,0],"13":[0,0],"14":[0,0],"15":[0,0],"16":[0,0],"17":[0,0],"18":[0,0]}}
,"/Users/apple/Desktop/MinuteMeals/src/components/RecipeSkeleton.js": {"path":"/Users/apple/Desktop/MinuteMeals/src/components/RecipeSkeleton.js","statementMap":{"0":{"start":{"line":4,"column":30},"end":{"line":38,"column":1}},"1":{"start":{"line":5,"column":33},"end":{"line":5,"column":53}},"2":{"start":{"line":7,"column":2},"end":{"line":12,"column":7}},"3":{"start":{"line":8,"column":18},"end":{"line":10,"column":11}},"4":{"start":{"line":9,"column":6},"end":{"line":9,"column":31}},"5":{"start":{"line":9,"column":25},"end":{"line":9,"column":30}},"6":{"start":{"line":11,"column":4},"end":{"line":11,"column":35}},"7":{"start":{"line":11,"column":15},"end":{"line":11,"column":35}},"8":{"start":{"line":14,"column":18},"end":{"line":16,"column":3}},"9":{"start":{"line":15,"column":4},"end":{"line":15,"column":77}},"10":{"start":{"line":18,"column":2},"end":{"line":37,"column":3}},"11":{"start":{"line":40,"column":15},"end":{"line":101,"column":2}}},"fnMap":{"0":{"name":"(anonymous_0)","decl":{"start":{"line":4,"column":30},"end":{"line":4,"column":31}},"loc":{"start":{"line":4,"column":34},"end":{"line":38,"column":1}},"line":4},"1":{"name":"(anonymous_1)","decl":{"start":{"line":7,"column":18},"end":{"line":7,"column":19}},"loc":{"start":{"line":7,"column":22},"end":{"line":12,"column":3}},"line":7},"2":{"name":"(anonymous_2)","decl":{"start":{"line":8,"column":30},"end":{"line":8,"column":31}},"loc":{"start":{"line":8,"column":34},"end":{"line":10,"column":5}},"line":8},"3":{"name":"(anonymous_3)","decl":{"start":{"line":9,"column":18},"end":{"line":9,"column":19}},"loc":{"start":{"line":9,"column":25},"end":{"line":9,"column":30}},"line":9},"4":{"name":"(anonymous_4)","decl":{"start":{"line":11,"column":11},"end":{"line":11,"column":12}},"loc":{"start":{"line":11,"column":15},"end":{"line":11,"column":35}},"line":11},"5":{"name":"(anonymous_5)","decl":{"start":{"line":14,"column":18},"end":{"line":14,"column":19}},"loc":{"start":{"line":15,"column":4},"end":{"line":15,"column":77}},"line":15}},"branchMap":{"0":{"loc":{"start":{"line":15,"column":30},"end":{"line":15,"column":67}},"type":"cond-expr","locations":[{"start":{"line":15,"column":41},"end":{"line":15,"column":54}},{"start":{"line":15,"column":57},"end":{"line":15,"column":67}}],"line":15}},"s":{"0":0,"1":0,"2":0,"3":0,"4":0,"5":0,"6":0,"7":0,"8":0,"9":0,"10":0,"11":0},"f":{"0":0,"1":0,"2":0,"3":0,"4":0,"5":0},"b":{"0":[0,0]}}
,"/Users/apple/Desktop/MinuteMeals/src/components/SearchBar.js": {"path":"/Users/apple/Desktop/MinuteMeals/src/components/SearchBar.js","statementMap":{"0":{"start":{"line":6,"column":25},"end":{"line":51,"column":1}},"1":{"start":{"line":7,"column":26},"end":{"line":7,"column":41}},"2":{"start":{"line":8,"column":22},"end":{"line":13,"column":3}},"3":{"start":{"line":9,"column":22},"end":{"line":9,"column":30}},"4":{"start":{"line":10,"column":4},"end":{"line":12,"column":5}},"5":{"start":{"line":11,"column":6},"end":{"line":11,"column":27}},"6":{"start":{"line":14,"column":21},"end":{"line":20,"column":3}},"7":{"start":{"line":15,"column":4},"end":{"line":15,"column":20}},"8":{"start":{"line":16,"column":22},"end":{"line":16,"column":34}},"9":{"start":{"line":17,"column":4},"end":{"line":19,"column":5}},"10":{"start":{"line":18,"column":6},"end":{"line":18,"column":27}},"11":{"start":{"line":21,"column":21},"end":{"line":27,"column":3}},"12":{"start":{"line":22,"column":4},"end":{"line":22,"column":15}},"13":{"start":{"line":23,"column":22},"end":{"line":23,"column":34}},"14":{"start":{"line":24,"column":4},"end":{"line":26,"column":5}},"15":{"start":{"line":25,"column":6},"end":{"line":25,"column":22}},"16":{"start":{"line":28,"column":18},"end":{"line":28,"column":31}},"17":{"start":{"line":30,"column":2},"end":{"line":50,"column":3}},"18":{"start":{"line":53,"column":15},"end":{"line":80,"column":2}}},"fnMap":{"0":{"name":"(anonymous_0)","decl":{"start":{"line":6,"column":25},"end":{"line":6,"column":26}},"loc":{"start":{"line":6,"column":107},"end":{"line":51,"column":1}},"line":6},"1":{"name":"(anonymous_1)","decl":{"start":{"line":8,"column":22},"end":{"line":8,"column":23}},"loc":{"start":{"line":8,"column":26},"end":{"line":13,"column":3}},"line":8},"2":{"name":"(anonymous_2)","decl":{"start":{"line":14,"column":21},"end":{"line":14,"column":22}},"loc":{"start":{"line":14,"column":32},"end":{"line":20,"column":3}},"line":14},"3":{"name":"(anonymous_3)","decl":{"start":{"line":21,"column":21},"end":{"line":21,"column":22}},"loc":{"start":{"line":21,"column":25},"end":{"line":27,"column":3}},"line":21}},"branchMap":{"0":{"loc":{"start":{"line":6,"column":27},"end":{"line":6,"column":52}},"type":"default-arg","locations":[{"start":{"line":6,"column":41},"end":{"line":6,"column":52}}],"line":6},"1":{"loc":{"start":{"line":6,"column":75},"end":{"line":6,"column":85}},"type":"default-arg","locations":[{"start":{"line":6,"column":83},"end":{"line":6,"column":85}}],"line":6},"2":{"loc":{"start":{"line":6,"column":86},"end":{"line":6,"column":103}},"type":"default-arg","locations":[{"start":{"line":6,"column":98},"end":{"line":6,"column":103}}],"line":6},"3":{"loc":{"start":{"line":10,"column":4},"end":{"line":12,"column":5}},"type":"if","locations":[{"start":{"line":10,"column":4},"end":{"line":12,"column":5}},{"start":{},"end":{}}],"line":10},"4":{"loc":{"start":{"line":17,"column":4},"end":{"line":19,"column":5}},"type":"if","locations":[{"start":{"line":17,"column":4},"end":{"line":19,"column":5}},{"start":{},"end":{}}],"line":17},"5":{"loc":{"start":{"line":24,"column":4},"end":{"line":26,"column":5}},"type":"if","locations":[{"start":{"line":24,"column":4},"end":{"line":26,"column":5}},{"start":{},"end":{}}],"line":24},"6":{"loc":{"start":{"line":43,"column":9},"end":{"line":47,"column":9}},"type":"binary-expr","locations":[{"start":{"line":43,"column":9},"end":{"line":43,"column":16}},{"start":{"line":44,"column":10},"end":{"line":46,"column":29}}],"line":43}},"s":{"0":0,"1":0,"2":0,"3":0,"4":0,"5":0,"6":0,"7":0,"8":0,"9":0,"10":0,"11":0,"12":0,"13":0,"14":0,"15":0,"16":0,"17":0,"18":0},"f":{"0":0,"1":0,"2":0,"3":0},"b":{"0":[0],"1":[0],"2":[0],"3":[0,0],"4":[0,0],"5":[0,0],"6":[0,0]}}
,"/Users/apple/Desktop/MinuteMeals/src/components/Snackbar.js": {"path":"/Users/apple/Desktop/MinuteMeals/src/components/Snackbar.js","statementMap":{"0":{"start":{"line":5,"column":24},"end":{"line":59,"column":1}},"1":{"start":{"line":6,"column":25},"end":{"line":6,"column":40}},"2":{"start":{"line":7,"column":35},"end":{"line":7,"column":50}},"3":{"start":{"line":9,"column":2},"end":{"line":20,"column":23}},"4":{"start":{"line":10,"column":23},"end":{"line":10,"column":30}},"5":{"start":{"line":11,"column":4},"end":{"line":19,"column":5}},"6":{"start":{"line":12,"column":6},"end":{"line":12,"column":15}},"7":{"start":{"line":13,"column":20},"end":{"line":15,"column":17}},"8":{"start":{"line":14,"column":8},"end":{"line":14,"column":17}},"9":{"start":{"line":16,"column":6},"end":{"line":16,"column":37}},"10":{"start":{"line":16,"column":18},"end":{"line":16,"column":37}},"11":{"start":{"line":18,"column":6},"end":{"line":18,"column":15}},"12":{"start":{"line":22,"column":18},"end":{"line":27,"column":3}},"13":{"start":{"line":23,"column":4},"end":{"line":23,"column":22}},"14":{"start":{"line":24,"column":4},"end":{"line":26,"column":9}},"15":{"start":{"line":25,"column":6},"end":{"line":25,"column":19}},"16":{"start":{"line":28,"column":18},"end":{"line":35,"column":3}},"17":{"start":{"line":29,"column":4},"end":{"line":29,"column":18}},"18":{"start":{"line":30,"column":4},"end":{"line":34,"column":10}},"19":{"start":{"line":31,"column":6},"end":{"line":31,"column":25}},"20":{"start":{"line":32,"column":25},"end":{"line":32,"column":34}},"21":{"start":{"line":33,"column":6},"end":{"line":33,"column":33}},"22":{"start":{"line":33,"column":22},"end":{"line":33,"column":33}},"23":{"start":{"line":36,"column":2},"end":{"line":38,"column":3}},"24":{"start":{"line":37,"column":4},"end":{"line":37,"column":15}},"25":{"start":{"line":39,"column":20},"end":{"line":39,"column":47}},"26":{"start":{"line":41,"column":2},"end":{"line":58,"column":3}},"27":{"start":{"line":61,"column":15},"end":{"line":116,"column":2}}},"fnMap":{"0":{"name":"(anonymous_0)","decl":{"start":{"line":5,"column":24},"end":{"line":5,"column":25}},"loc":{"start":{"line":5,"column":96},"end":{"line":59,"column":1}},"line":5},"1":{"name":"(anonymous_1)","decl":{"start":{"line":9,"column":12},"end":{"line":9,"column":13}},"loc":{"start":{"line":9,"column":16},"end":{"line":20,"column":3}},"line":9},"2":{"name":"(anonymous_2)","decl":{"start":{"line":13,"column":31},"end":{"line":13,"column":32}},"loc":{"start":{"line":13,"column":35},"end":{"line":15,"column":7}},"line":13},"3":{"name":"(anonymous_3)","decl":{"start":{"line":16,"column":13},"end":{"line":16,"column":14}},"loc":{"start":{"line":16,"column":18},"end":{"line":16,"column":37}},"line":16},"4":{"name":"(anonymous_4)","decl":{"start":{"line":22,"column":18},"end":{"line":22,"column":19}},"loc":{"start":{"line":22,"column":22},"end":{"line":27,"column":3}},"line":22},"5":{"name":"(anonymous_5)","decl":{"start":{"line":24,"column":15},"end":{"line":24,"column":16}},"loc":{"start":{"line":24,"column":19},"end":{"line":26,"column":5}},"line":24},"6":{"name":"(anonymous_6)","decl":{"start":{"line":28,"column":18},"end":{"line":28,"column":19}},"loc":{"start":{"line":28,"column":22},"end":{"line":35,"column":3}},"line":28},"7":{"name":"(anonymous_7)","decl":{"start":{"line":30,"column":15},"end":{"line":30,"column":16}},"loc":{"start":{"line":30,"column":19},"end":{"line":34,"column":5}},"line":30}},"branchMap":{"0":{"loc":{"start":{"line":5,"column":77},"end":{"line":5,"column":92}},"type":"default-arg","locations":[{"start":{"line":5,"column":88},"end":{"line":5,"column":92}}],"line":5},"1":{"loc":{"start":{"line":11,"column":4},"end":{"line":19,"column":5}},"type":"if","locations":[{"start":{"line":11,"column":4},"end":{"line":19,"column":5}},{"start":{"line":17,"column":11},"end":{"line":19,"column":5}}],"line":11},"2":{"loc":{"start":{"line":33,"column":6},"end":{"line":33,"column":33}},"type":"if","locations":[{"start":{"line":33,"column":6},"end":{"line":33,"column":33}},{"start":{},"end":{}}],"line":33},"3":{"loc":{"start":{"line":36,"column":2},"end":{"line":38,"column":3}},"type":"if","locations":[{"start":{"line":36,"column":2},"end":{"line":38,"column":3}},{"start":{},"end":{}}],"line":36},"4":{"loc":{"start":{"line":39,"column":20},"end":{"line":39,"column":47}},"type":"binary-expr","locations":[{"start":{"line":39,"column":20},"end":{"line":39,"column":30}},{"start":{"line":39,"column":34},"end":{"line":39,"column":47}}],"line":39},"5":{"loc":{"start":{"line":43,"column":26},"end":{"line":43,"column":56}},"type":"cond-expr","locations":[{"start":{"line":43,"column":33},"end":{"line":43,"column":42}},{"start":{"line":43,"column":45},"end":{"line":43,"column":56}}],"line":43},"6":{"loc":{"start":{"line":47,"column":11},"end":{"line":51,"column":11}},"type":"binary-expr","locations":[{"start":{"line":47,"column":11},"end":{"line":47,"column":20}},{"start":{"line":48,"column":12},"end":{"line":50,"column":31}}],"line":47}},"s":{"0":0,"1":0,"2":0,"3":0,"4":0,"5":0,"6":0,"7":0,"8":0,"9":0,"10":0,"11":0,"12":0,"13":0,"14":0,"15":0,"16":0,"17":0,"18":0,"19":0,"20":0,"21":0,"22":0,"23":0,"24":0,"25":0,"26":0,"27":0},"f":{"0":0,"1":0,"2":0,"3":0,"4":0,"5":0,"6":0,"7":0},"b":{"0":[0],"1":[0,0],"2":[0,0],"3":[0,0],"4":[0,0],"5":[0,0],"6":[0,0]}}
,"/Users/apple/Desktop/MinuteMeals/src/screens/Favorites.js": {"path":"/Users/apple/Desktop/MinuteMeals/src/screens/Favorites.js","statementMap":{"0":{"start":{"line":10,"column":21},"end":{"line":10,"column":36}},"1":{"start":{"line":11,"column":27},"end":{"line":11,"column":37}},"2":{"start":{"line":12,"column":31},"end":{"line":12,"column":43}},"3":{"start":{"line":13,"column":31},"end":{"line":13,"column":46}},"4":{"start":{"line":14,"column":37},"end":{"line":14,"column":52}},"5":{"start":{"line":16,"column":22},"end":{"line":49,"column":41}},"6":{"start":{"line":17,"column":25},"end":{"line":17,"column":51}},"7":{"start":{"line":18,"column":4},"end":{"line":21,"column":5}},"8":{"start":{"line":19,"column":6},"end":{"line":19,"column":20}},"9":{"start":{"line":20,"column":6},"end":{"line":20,"column":12}},"10":{"start":{"line":22,"column":4},"end":{"line":22,"column":20}},"11":{"start":{"line":23,"column":4},"end":{"line":48,"column":5}},"12":{"start":{"line":24,"column":24},"end":{"line":24,"column":57}},"13":{"start":{"line":25,"column":29},"end":{"line":38,"column":8}},"14":{"start":{"line":26,"column":8},"end":{"line":37,"column":9}},"15":{"start":{"line":27,"column":25},"end":{"line":27,"column":50}},"16":{"start":{"line":28,"column":28},"end":{"line":28,"column":34}},"17":{"start":{"line":29,"column":10},"end":{"line":32,"column":11}},"18":{"start":{"line":30,"column":26},"end":{"line":30,"column":60}},"19":{"start":{"line":31,"column":12},"end":{"line":31,"column":33}},"20":{"start":{"line":33,"column":10},"end":{"line":33,"column":21}},"21":{"start":{"line":36,"column":10},"end":{"line":36,"column":21}},"22":{"start":{"line":39,"column":22},"end":{"line":39,"column":55}},"23":{"start":{"line":40,"column":27},"end":{"line":40,"column":69}},"24":{"start":{"line":40,"column":53},"end":{"line":40,"column":68}},"25":{"start":{"line":41,"column":6},"end":{"line":41,"column":30}},"26":{"start":{"line":44,"column":6},"end":{"line":44,"column":79}},"27":{"start":{"line":47,"column":6},"end":{"line":47,"column":23}},"28":{"start":{"line":51,"column":2},"end":{"line":53,"column":18}},"29":{"start":{"line":52,"column":4},"end":{"line":52,"column":17}},"30":{"start":{"line":55,"column":22},"end":{"line":59,"column":18}},"31":{"start":{"line":56,"column":4},"end":{"line":56,"column":23}},"32":{"start":{"line":57,"column":4},"end":{"line":57,"column":23}},"33":{"start":{"line":58,"column":4},"end":{"line":58,"column":24}},"34":{"start":{"line":61,"column":22},"end":{"line":67,"column":15}},"35":{"start":{"line":62,"column":4},"end":{"line":65,"column":7}},"36":{"start":{"line":66,"column":4},"end":{"line":66,"column":60}},"37":{"start":{"line":69,"column":21},"end":{"line":76,"column":31}},"38":{"start":{"line":70,"column":23},"end":{"line":70,"column":57}},"39":{"start":{"line":71,"column":4},"end":{"line":75,"column":5}},"40":{"start":{"line":72,"column":6},"end":{"line":72,"column":45}},"41":{"start":{"line":74,"column":6},"end":{"line":74,"column":40}},"42":{"start":{"line":78,"column":19},"end":{"line":86,"column":3}},"43":{"start":{"line":79,"column":4},"end":{"line":85,"column":28}},"44":{"start":{"line":83,"column":19},"end":{"line":83,"column":36}},"45":{"start":{"line":88,"column":18},"end":{"line":99,"column":3}},"46":{"start":{"line":89,"column":18},"end":{"line":89,"column":40}},"47":{"start":{"line":90,"column":20},"end":{"line":90,"column":29}},"48":{"start":{"line":91,"column":4},"end":{"line":98,"column":5}},"49":{"start":{"line":101,"column":20},"end":{"line":109,"column":3}},"50":{"start":{"line":102,"column":4},"end":{"line":108,"column":6}},"51":{"start":{"line":107,"column":25},"end":{"line":107,"column":55}},"52":{"start":{"line":110,"column":21},"end":{"line":110,"column":39}},"53":{"start":{"line":112,"column":2},"end":{"line":142,"column":3}},"54":{"start":{"line":119,"column":32},"end":{"line":119,"column":46}},"55":{"start":{"line":145,"column":15},"end":{"line":179,"column":2}}},"fnMap":{"0":{"name":"Favorites","decl":{"start":{"line":9,"column":24},"end":{"line":9,"column":33}},"loc":{"start":{"line":9,"column":35},"end":{"line":143,"column":1}},"line":9},"1":{"name":"(anonymous_1)","decl":{"start":{"line":16,"column":34},"end":{"line":16,"column":35}},"loc":{"start":{"line":16,"column":44},"end":{"line":49,"column":3}},"line":16},"2":{"name":"(anonymous_2)","decl":{"start":{"line":25,"column":49},"end":{"line":25,"column":50}},"loc":{"start":{"line":25,"column":67},"end":{"line":38,"column":7}},"line":25},"3":{"name":"(anonymous_3)","decl":{"start":{"line":40,"column":42},"end":{"line":40,"column":43}},"loc":{"start":{"line":40,"column":53},"end":{"line":40,"column":68}},"line":40},"4":{"name":"(anonymous_4)","decl":{"start":{"line":51,"column":12},"end":{"line":51,"column":13}},"loc":{"start":{"line":51,"column":16},"end":{"line":53,"column":3}},"line":51},"5":{"name":"(anonymous_5)","decl":{"start":{"line":55,"column":34},"end":{"line":55,"column":35}},"loc":{"start":{"line":55,"column":44},"end":{"line":59,"column":3}},"line":55},"6":{"name":"(anonymous_6)","decl":{"start":{"line":61,"column":34},"end":{"line":61,"column":35}},"loc":{"start":{"line":61,"column":42},"end":{"line":67,"column":3}},"line":61},"7":{"name":"(anonymous_7)","decl":{"start":{"line":69,"column":33},"end":{"line":69,"column":34}},"loc":{"start":{"line":69,"column":45},"end":{"line":76,"column":3}},"line":69},"8":{"name":"(anonymous_8)","decl":{"start":{"line":78,"column":19},"end":{"line":78,"column":20}},"loc":{"start":{"line":79,"column":4},"end":{"line":85,"column":28}},"line":79},"9":{"name":"(anonymous_9)","decl":{"start":{"line":83,"column":15},"end":{"line":83,"column":16}},"loc":{"start":{"line":83,"column":19},"end":{"line":83,"column":36}},"line":83},"10":{"name":"(anonymous_10)","decl":{"start":{"line":88,"column":18},"end":{"line":88,"column":19}},"loc":{"start":{"line":88,"column":22},"end":{"line":99,"column":3}},"line":88},"11":{"name":"(anonymous_11)","decl":{"start":{"line":101,"column":20},"end":{"line":101,"column":21}},"loc":{"start":{"line":102,"column":4},"end":{"line":108,"column":6}},"line":102},"12":{"name":"(anonymous_12)","decl":{"start":{"line":107,"column":21},"end":{"line":107,"column":22}},"loc":{"start":{"line":107,"column":25},"end":{"line":107,"column":55}},"line":107},"13":{"name":"(anonymous_13)","decl":{"start":{"line":119,"column":24},"end":{"line":119,"column":25}},"loc":{"start":{"line":119,"column":32},"end":{"line":119,"column":46}},"line":119}},"branchMap":{"0":{"loc":{"start":{"line":18,"column":4},"end":{"line":21,"column":5}},"type":"if","locations":[{"start":{"line":18,"column":4},"end":{"line":21,"column":5}},{"start":{},"end":{}}],"line":18},"1":{"loc":{"start":{"line":29,"column":10},"end":{"line":32,"column":11}},"type":"if","locations":[{"start":{"line":29,"column":10},"end":{"line":32,"column":11}},{"start":{},"end":{}}],"line":29},"2":{"loc":{"start":{"line":71,"column":4},"end":{"line":75,"column":5}},"type":"if","locations":[{"start":{"line":71,"column":4},"end":{"line":75,"column":5}},{"start":{"line":73,"column":11},"end":{"line":75,"column":5}}],"line":71},"3":{"loc":{"start":{"line":95,"column":11},"end":{"line":95,"column":69}},"type":"cond-expr","locations":[{"start":{"line":95,"column":21},"end":{"line":95,"column":39}},{"start":{"line":95,"column":42},"end":{"line":95,"column":69}}],"line":95},"4":{"loc":{"start":{"line":115,"column":7},"end":{"line":140,"column":7}},"type":"cond-expr","locations":[{"start":{"line":116,"column":8},"end":{"line":128,"column":10}},{"start":{"line":130,"column":8},"end":{"line":139,"column":15}}],"line":115},"5":{"loc":{"start":{"line":132,"column":11},"end":{"line":138,"column":11}},"type":"cond-expr","locations":[{"start":{"line":133,"column":12},"end":{"line":135,"column":19}},{"start":{"line":137,"column":12},"end":{"line":137,"column":23}}],"line":132}},"s":{"0":0,"1":0,"2":0,"3":0,"4":0,"5":0,"6":0,"7":0,"8":0,"9":0,"10":0,"11":0,"12":0,"13":0,"14":0,"15":0,"16":0,"17":0,"18":0,"19":0,"20":0,"21":0,"22":0,"23":0,"24":0,"25":0,"26":0,"27":0,"28":0,"29":0,"30":0,"31":0,"32":0,"33":0,"34":0,"35":0,"36":0,"37":0,"38":0,"39":0,"40":0,"41":0,"42":0,"43":0,"44":0,"45":0,"46":0,"47":0,"48":0,"49":0,"50":0,"51":0,"52":0,"53":0,"54":0,"55":0},"f":{"0":0,"1":0,"2":0,"3":0,"4":0,"5":0,"6":0,"7":0,"8":0,"9":0,"10":0,"11":0,"12":0,"13":0},"b":{"0":[0,0],"1":[0,0],"2":[0,0],"3":[0,0],"4":[0,0],"5":[0,0]}}
,"/Users/apple/Desktop/MinuteMeals/src/screens/Matches.js": {"path":"/Users/apple/Desktop/MinuteMeals/src/screens/Matches.js","statementMap":{"0":{"start":{"line":12,"column":21},"end":{"line":12,"column":36}},"1":{"start":{"line":13,"column":27},"end":{"line":13,"column":37}},"2":{"start":{"line":14,"column":37},"end":{"line":14,"column":52}},"3":{"start":{"line":15,"column":53},"end":{"line":15,"column":65}},"4":{"start":{"line":16,"column":43},"end":{"line":16,"column":55}},"5":{"start":{"line":17,"column":35},"end":{"line":17,"column":50}},"6":{"start":{"line":18,"column":29},"end":{"line":18,"column":41}},"7":{"start":{"line":19,"column":23},"end":{"line":19,"column":32}},"8":{"start":{"line":20,"column":20},"end":{"line":23,"column":14}},"9":{"start":{"line":21,"column":17},"end":{"line":21,"column":42}},"10":{"start":{"line":24,"column":21},"end":{"line":28,"column":4}},"11":{"start":{"line":30,"column":22},"end":{"line":68,"column":48}},"12":{"start":{"line":31,"column":4},"end":{"line":33,"column":5}},"13":{"start":{"line":32,"column":6},"end":{"line":32,"column":40}},"14":{"start":{"line":34,"column":4},"end":{"line":34,"column":54}},"15":{"start":{"line":35,"column":29},"end":{"line":35,"column":51}},"16":{"start":{"line":36,"column":4},"end":{"line":36,"column":22}},"17":{"start":{"line":37,"column":4},"end":{"line":37,"column":30}},"18":{"start":{"line":38,"column":4},"end":{"line":38,"column":28}},"19":{"start":{"line":39,"column":4},"end":{"line":67,"column":5}},"20":{"start":{"line":40,"column":20},"end":{"line":40,"column":22}},"21":{"start":{"line":41,"column":22},"end":{"line":41,"column":65}},"22":{"start":{"line":42,"column":6},"end":{"line":45,"column":7}},"23":{"start":{"line":43,"column":23},"end":{"line":43,"column":82}},"24":{"start":{"line":44,"column":8},"end":{"line":44,"column":38}},"25":{"start":{"line":46,"column":6},"end":{"line":51,"column":7}},"26":{"start":{"line":47,"column":37},"end":{"line":47,"column":79}},"27":{"start":{"line":48,"column":8},"end":{"line":48,"column":51}},"28":{"start":{"line":49,"column":8},"end":{"line":49,"column":45}},"29":{"start":{"line":50,"column":8},"end":{"line":50,"column":37}},"30":{"start":{"line":54,"column":6},"end":{"line":60,"column":7}},"31":{"start":{"line":55,"column":8},"end":{"line":55,"column":53}},"32":{"start":{"line":56,"column":8},"end":{"line":56,"column":71}},"33":{"start":{"line":57,"column":8},"end":{"line":59,"column":9}},"34":{"start":{"line":58,"column":10},"end":{"line":58,"column":100}},"35":{"start":{"line":63,"column":6},"end":{"line":66,"column":7}},"36":{"start":{"line":64,"column":8},"end":{"line":64,"column":27}},"37":{"start":{"line":65,"column":8},"end":{"line":65,"column":35}},"38":{"start":{"line":70,"column":2},"end":{"line":72,"column":27}},"39":{"start":{"line":71,"column":4},"end":{"line":71,"column":17}},"40":{"start":{"line":74,"column":2},"end":{"line":78,"column":3}},"41":{"start":{"line":76,"column":6},"end":{"line":76,"column":19}},"42":{"start":{"line":80,"column":2},"end":{"line":86,"column":7}},"43":{"start":{"line":81,"column":4},"end":{"line":85,"column":5}},"44":{"start":{"line":82,"column":6},"end":{"line":84,"column":7}},"45":{"start":{"line":83,"column":8},"end":{"line":83,"column":42}},"46":{"start":{"line":88,"column":22},"end":{"line":92,"column":18}},"47":{"start":{"line":89,"column":4},"end":{"line":89,"column":23}},"48":{"start":{"line":90,"column":4},"end":{"line":90,"column":27}},"49":{"start":{"line":91,"column":4},"end":{"line":91,"column":24}},"50":{"start":{"line":94,"column":22},"end":{"line":100,"column":15}},"51":{"start":{"line":95,"column":4},"end":{"line":98,"column":7}},"52":{"start":{"line":99,"column":4},"end":{"line":99,"column":60}},"53":{"start":{"line":102,"column":21},"end":{"line":108,"column":31}},"54":{"start":{"line":103,"column":4},"end":{"line":107,"column":5}},"55":{"start":{"line":104,"column":6},"end":{"line":104,"column":45}},"56":{"start":{"line":106,"column":6},"end":{"line":106,"column":40}},"57":{"start":{"line":110,"column":23},"end":{"line":112,"column":15}},"58":{"start":{"line":111,"column":4},"end":{"line":111,"column":41}},"59":{"start":{"line":114,"column":23},"end":{"line":116,"column":15}},"60":{"start":{"line":115,"column":4},"end":{"line":115,"column":28}},"61":{"start":{"line":118,"column":24},"end":{"line":122,"column":3}},"62":{"start":{"line":119,"column":4},"end":{"line":121,"column":6}},"63":{"start":{"line":120,"column":6},"end":{"line":120,"column":50}},"64":{"start":{"line":124,"column":28},"end":{"line":129,"column":3}},"65":{"start":{"line":125,"column":4},"end":{"line":128,"column":11}},"66":{"start":{"line":131,"column":26},"end":{"line":143,"column":3}},"67":{"start":{"line":132,"column":4},"end":{"line":142,"column":11}},"68":{"start":{"line":139,"column":23},"end":{"line":139,"column":52}},"69":{"start":{"line":145,"column":20},"end":{"line":157,"column":3}},"70":{"start":{"line":146,"column":4},"end":{"line":148,"column":5}},"71":{"start":{"line":147,"column":6},"end":{"line":147,"column":30}},"72":{"start":{"line":149,"column":4},"end":{"line":156,"column":5}},"73":{"start":{"line":159,"column":19},"end":{"line":172,"column":3}},"74":{"start":{"line":160,"column":4},"end":{"line":162,"column":5}},"75":{"start":{"line":161,"column":6},"end":{"line":161,"column":53}},"76":{"start":{"line":163,"column":4},"end":{"line":171,"column":5}},"77":{"start":{"line":168,"column":23},"end":{"line":168,"column":40}},"78":{"start":{"line":169,"column":32},"end":{"line":169,"column":58}},"79":{"start":{"line":174,"column":22},"end":{"line":229,"column":3}},"80":{"start":{"line":175,"column":4},"end":{"line":181,"column":5}},"81":{"start":{"line":176,"column":6},"end":{"line":180,"column":9}},"82":{"start":{"line":176,"column":52},"end":{"line":180,"column":7}},"83":{"start":{"line":183,"column":4},"end":{"line":185,"column":5}},"84":{"start":{"line":184,"column":6},"end":{"line":184,"column":15}},"85":{"start":{"line":186,"column":17},"end":{"line":186,"column":19}},"86":{"start":{"line":187,"column":4},"end":{"line":227,"column":5}},"87":{"start":{"line":188,"column":6},"end":{"line":188,"column":17}},"88":{"start":{"line":190,"column":29},"end":{"line":192,"column":66}},"89":{"start":{"line":191,"column":24},"end":{"line":191,"column":53}},"90":{"start":{"line":192,"column":22},"end":{"line":192,"column":65}},"91":{"start":{"line":193,"column":33},"end":{"line":204,"column":10}},"92":{"start":{"line":195,"column":10},"end":{"line":197,"column":37}},"93":{"start":{"line":200,"column":10},"end":{"line":202,"column":11}},"94":{"start":{"line":201,"column":12},"end":{"line":201,"column":62}},"95":{"start":{"line":203,"column":10},"end":{"line":203,"column":60}},"96":{"start":{"line":205,"column":6},"end":{"line":215,"column":7}},"97":{"start":{"line":206,"column":8},"end":{"line":211,"column":10}},"98":{"start":{"line":212,"column":8},"end":{"line":214,"column":10}},"99":{"start":{"line":213,"column":10},"end":{"line":213,"column":55}},"100":{"start":{"line":216,"column":6},"end":{"line":226,"column":7}},"101":{"start":{"line":217,"column":8},"end":{"line":222,"column":10}},"102":{"start":{"line":223,"column":8},"end":{"line":225,"column":10}},"103":{"start":{"line":224,"column":10},"end":{"line":224,"column":59}},"104":{"start":{"line":228,"column":4},"end":{"line":228,"column":15}},"105":{"start":{"line":230,"column":23},"end":{"line":230,"column":36}},"106":{"start":{"line":232,"column":2},"end":{"line":271,"column":3}},"107":{"start":{"line":256,"column":34},"end":{"line":256,"column":42}},"108":{"start":{"line":258,"column":12},"end":{"line":260,"column":13}},"109":{"start":{"line":259,"column":14},"end":{"line":259,"column":35}},"110":{"start":{"line":261,"column":12},"end":{"line":261,"column":35}},"111":{"start":{"line":274,"column":15},"end":{"line":356,"column":2}}},"fnMap":{"0":{"name":"Matches","decl":{"start":{"line":11,"column":24},"end":{"line":11,"column":31}},"loc":{"start":{"line":11,"column":33},"end":{"line":272,"column":1}},"line":11},"1":{"name":"(anonymous_1)","decl":{"start":{"line":21,"column":9},"end":{"line":21,"column":10}},"loc":{"start":{"line":21,"column":17},"end":{"line":21,"column":42}},"line":21},"2":{"name":"(anonymous_2)","decl":{"start":{"line":30,"column":34},"end":{"line":30,"column":35}},"loc":{"start":{"line":30,"column":62},"end":{"line":68,"column":3}},"line":30},"3":{"name":"(anonymous_3)","decl":{"start":{"line":70,"column":12},"end":{"line":70,"column":13}},"loc":{"start":{"line":70,"column":18},"end":{"line":72,"column":3}},"line":70},"4":{"name":"(anonymous_4)","decl":{"start":{"line":75,"column":16},"end":{"line":75,"column":17}},"loc":{"start":{"line":75,"column":22},"end":{"line":77,"column":5}},"line":75},"5":{"name":"(anonymous_5)","decl":{"start":{"line":80,"column":12},"end":{"line":80,"column":13}},"loc":{"start":{"line":80,"column":16},"end":{"line":86,"column":3}},"line":80},"6":{"name":"(anonymous_6)","decl":{"start":{"line":81,"column":11},"end":{"line":81,"column":12}},"loc":{"start":{"line":81,"column":15},"end":{"line":85,"column":5}},"line":81},"7":{"name":"(anonymous_7)","decl":{"start":{"line":88,"column":34},"end":{"line":88,"column":35}},"loc":{"start":{"line":88,"column":44},"end":{"line":92,"column":3}},"line":88},"8":{"name":"(anonymous_8)","decl":{"start":{"line":94,"column":34},"end":{"line":94,"column":35}},"loc":{"start":{"line":94,"column":42},"end":{"line":100,"column":3}},"line":94},"9":{"name":"(anonymous_9)","decl":{"start":{"line":102,"column":33},"end":{"line":102,"column":34}},"loc":{"start":{"line":102,"column":45},"end":{"line":108,"column":3}},"line":102},"10":{"name":"(anonymous_10)","decl":{"start":{"line":110,"column":35},"end":{"line":110,"column":36}},"loc":{"start":{"line":110,"column":55},"end":{"line":112,"column":3}},"line":110},"11":{"name":"(anonymous_11)","decl":{"start":{"line":114,"column":35},"end":{"line":114,"column":36}},"loc":{"start":{"line":114,"column":41},"end":{"line":116,"column":3}},"line":114},"12":{"name":"(anonymous_12)","decl":{"start":{"line":118,"column":24},"end":{"line":118,"column":25}},"loc":{"start":{"line":118,"column":30},"end":{"line":122,"column":3}},"line":118},"13":{"name":"(anonymous_13)","decl":{"start":{"line":119,"column":34},"end":{"line":119,"column":35}},"loc":{"start":{"line":120,"column":6},"end":{"line":120,"column":50}},"line":120},"14":{"name":"(anonymous_14)","decl":{"start":{"line":124,"column":28},"end":{"line":124,"column":29}},"loc":{"start":{"line":125,"column":4},"end":{"line":128,"column":11}},"line":125},"15":{"name":"(anonymous_15)","decl":{"start":{"line":131,"column":26},"end":{"line":131,"column":27}},"loc":{"start":{"line":132,"column":4},"end":{"line":142,"column":11}},"line":132},"16":{"name":"(anonymous_16)","decl":{"start":{"line":139,"column":17},"end":{"line":139,"column":18}},"loc":{"start":{"line":139,"column":23},"end":{"line":139,"column":52}},"line":139},"17":{"name":"(anonymous_17)","decl":{"start":{"line":145,"column":20},"end":{"line":145,"column":21}},"loc":{"start":{"line":145,"column":26},"end":{"line":157,"column":3}},"line":145},"18":{"name":"(anonymous_18)","decl":{"start":{"line":159,"column":19},"end":{"line":159,"column":20}},"loc":{"start":{"line":159,"column":29},"end":{"line":172,"column":3}},"line":159},"19":{"name":"(anonymous_19)","decl":{"start":{"line":168,"column":17},"end":{"line":168,"column":18}},"loc":{"start":{"line":168,"column":23},"end":{"line":168,"column":40}},"line":168},"20":{"name":"(anonymous_20)","decl":{"start":{"line":169,"column":26},"end":{"line":169,"column":27}},"loc":{"start":{"line":169,"column":32},"end":{"line":169,"column":58}},"line":169},"21":{"name":"(anonymous_21)","decl":{"start":{"line":174,"column":22},"end":{"line":174,"column":23}},"loc":{"start":{"line":174,"column":26},"end":{"line":229,"column":3}},"line":174},"22":{"name":"(anonymous_22)","decl":{"start":{"line":176,"column":33},"end":{"line":176,"column":34}},"loc":{"start":{"line":176,"column":52},"end":{"line":180,"column":7}},"line":176},"23":{"name":"(anonymous_23)","decl":{"start":{"line":191,"column":16},"end":{"line":191,"column":17}},"loc":{"start":{"line":191,"column":24},"end":{"line":191,"column":53}},"line":191},"24":{"name":"(anonymous_24)","decl":{"start":{"line":192,"column":14},"end":{"line":192,"column":15}},"loc":{"start":{"line":192,"column":22},"end":{"line":192,"column":65}},"line":192},"25":{"name":"(anonymous_25)","decl":{"start":{"line":194,"column":16},"end":{"line":194,"column":17}},"loc":{"start":{"line":195,"column":10},"end":{"line":197,"column":37}},"line":195},"26":{"name":"(anonymous_26)","decl":{"start":{"line":199,"column":14},"end":{"line":199,"column":15}},"loc":{"start":{"line":199,"column":21},"end":{"line":204,"column":9}},"line":199},"27":{"name":"(anonymous_27)","decl":{"start":{"line":212,"column":31},"end":{"line":212,"column":32}},"loc":{"start":{"line":212,"column":45},"end":{"line":214,"column":9}},"line":212},"28":{"name":"(anonymous_28)","decl":{"start":{"line":223,"column":35},"end":{"line":223,"column":36}},"loc":{"start":{"line":223,"column":49},"end":{"line":225,"column":9}},"line":223},"29":{"name":"(anonymous_29)","decl":{"start":{"line":256,"column":24},"end":{"line":256,"column":25}},"loc":{"start":{"line":256,"column":34},"end":{"line":256,"column":42}},"line":256},"30":{"name":"(anonymous_30)","decl":{"start":{"line":257,"column":22},"end":{"line":257,"column":23}},"loc":{"start":{"line":257,"column":34},"end":{"line":262,"column":11}},"line":257}},"branchMap":{"0":{"loc":{"start":{"line":30,"column":41},"end":{"line":30,"column":59}},"type":"default-arg","locations":[{"start":{"line":30,"column":54},"end":{"line":30,"column":59}}],"line":30},"1":{"loc":{"start":{"line":31,"column":4},"end":{"line":33,"column":5}},"type":"if","locations":[{"start":{"line":31,"column":4},"end":{"line":33,"column":5}},{"start":{},"end":{}}],"line":31},"2":{"loc":{"start":{"line":42,"column":6},"end":{"line":45,"column":7}},"type":"if","locations":[{"start":{"line":42,"column":6},"end":{"line":45,"column":7}},{"start":{},"end":{}}],"line":42},"3":{"loc":{"start":{"line":44,"column":18},"end":{"line":44,"column":38}},"type":"binary-expr","locations":[{"start":{"line":44,"column":18},"end":{"line":44,"column":32}},{"start":{"line":44,"column":36},"end":{"line":44,"column":38}}],"line":44},"4":{"loc":{"start":{"line":46,"column":6},"end":{"line":51,"column":7}},"type":"if","locations":[{"start":{"line":46,"column":6},"end":{"line":51,"column":7}},{"start":{},"end":{}}],"line":46},"5":{"loc":{"start":{"line":54,"column":6},"end":{"line":60,"column":7}},"type":"if","locations":[{"start":{"line":54,"column":6},"end":{"line":60,"column":7}},{"start":{},"end":{}}],"line":54},"6":{"loc":{"start":{"line":54,"column":10},"end":{"line":54,"column":82}},"type":"binary-expr","locations":[{"start":{"line":54,"column":10},"end":{"line":54,"column":51}},{"start":{"line":54,"column":55},"end":{"line":54,"column":82}}],"line":54},"7":{"loc":{"start":{"line":57,"column":8},"end":{"line":59,"column":9}},"type":"if","locations":[{"start":{"line":57,"column":8},"end":{"line":59,"column":9}},{"start":{},"end":{}}],"line":57},"8":{"loc":{"start":{"line":63,"column":6},"end":{"line":66,"column":7}},"type":"if","locations":[{"start":{"line":63,"column":6},"end":{"line":66,"column":7}},{"start":{},"end":{}}],"line":63},"9":{"loc":{"start":{"line":82,"column":6},"end":{"line":84,"column":7}},"type":"if","locations":[{"start":{"line":82,"column":6},"end":{"line":84,"column":7}},{"start":{},"end":{}}],"line":82},"10":{"loc":{"start":{"line":103,"column":4},"end":{"line":107,"column":5}},"type":"if","locations":[{"start":{"line":103,"column":4},"end":{"line":107,"column":5}},{"start":{"line":105,"column":9},"end":{"line":107,"column":5}}],"line":103},"11":{"loc":{"start":{"line":146,"column":4},"end":{"line":148,"column":5}},"type":"if","locations":[{"start":{"line":146,"column":4},"end":{"line":148,"column":5}},{"start":{},"end":{}}],"line":146},"12":{"loc":{"start":{"line":160,"column":4},"end":{"line":162,"column":5}},"type":"if","locations":[{"start":{"line":160,"column":4},"end":{"line":162,"column":5}},{"start":{},"end":{}}],"line":160},"13":{"loc":{"start":{"line":175,"column":4},"end":{"line":181,"column":5}},"type":"if","locations":[{"start":{"line":175,"column":4},"end":{"line":181,"column":5}},{"start":{},"end":{}}],"line":175},"14":{"loc":{"start":{"line":183,"column":4},"end":{"line":185,"column":5}},"type":"if","locations":[{"start":{"line":183,"column":4},"end":{"line":185,"column":5}},{"start":{},"end":{}}],"line":183},"15":{"loc":{"start":{"line":187,"column":4},"end":{"line":227,"column":5}},"type":"if","locations":[{"start":{"line":187,"column":4},"end":{"line":227,"column":5}},{"start":{"line":189,"column":9},"end":{"line":227,"column":5}}],"line":187},"16":{"loc":{"start":{"line":195,"column":10},"end":{"line":197,"column":37}},"type":"binary-expr","locations":[{"start":{"line":195,"column":10},"end":{"line":195,"column":37}},{"start":{"line":196,"column":10},"end":{"line":196,"column":38}},{"start":{"line":197,"column":10},"end":{"line":197,"column":37}}],"line":195},"17":{"loc":{"start":{"line":200,"column":10},"end":{"line":202,"column":11}},"type":"if","locations":[{"start":{"line":200,"column":10},"end":{"line":202,"column":11}},{"start":{},"end":{}}],"line":200},"18":{"loc":{"start":{"line":205,"column":6},"end":{"line":215,"column":7}},"type":"if","locations":[{"start":{"line":205,"column":6},"end":{"line":215,"column":7}},{"start":{},"end":{}}],"line":205},"19":{"loc":{"start":{"line":216,"column":6},"end":{"line":226,"column":7}},"type":"if","locations":[{"start":{"line":216,"column":6},"end":{"line":226,"column":7}},{"start":{},"end":{}}],"line":216},"20":{"loc":{"start":{"line":238,"column":58},"end":{"line":238,"column":100}},"type":"cond-expr","locations":[{"start":{"line":238,"column":92},"end":{"line":238,"column":94}},{"start":{"line":238,"column":97},"end":{"line":238,"column":100}}],"line":238},"21":{"loc":{"start":{"line":247,"column":7},"end":{"line":269,"column":7}},"type":"cond-expr","locations":[{"start":{"line":248,"column":8},"end":{"line":250,"column":15}},{"start":{"line":251,"column":10},"end":{"line":269,"column":7}}],"line":247},"22":{"loc":{"start":{"line":247,"column":7},"end":{"line":247,"column":45}},"type":"binary-expr","locations":[{"start":{"line":247,"column":7},"end":{"line":247,"column":16}},{"start":{"line":247,"column":20},"end":{"line":247,"column":45}}],"line":247},"23":{"loc":{"start":{"line":251,"column":10},"end":{"line":269,"column":7}},"type":"cond-expr","locations":[{"start":{"line":252,"column":8},"end":{"line":252,"column":19}},{"start":{"line":254,"column":8},"end":{"line":268,"column":10}}],"line":251},"24":{"loc":{"start":{"line":258,"column":12},"end":{"line":260,"column":13}},"type":"if","locations":[{"start":{"line":258,"column":12},"end":{"line":260,"column":13}},{"start":{},"end":{}}],"line":258}},"s":{"0":0,"1":0,"2":0,"3":0,"4":0,"5":0,"6":0,"7":0,"8":0,"9":0,"10":0,"11":0,"12":0,"13":0,"14":0,"15":0,"16":0,"17":0,"18":0,"19":0,"20":0,"21":0,"22":0,"23":0,"24":0,"25":0,"26":0,"27":0,"28":0,"29":0,"30":0,"31":0,"32":0,"33":0,"34":0,"35":0,"36":0,"37":0,"38":0,"39":0,"40":0,"41":0,"42":0,"43":0,"44":0,"45":0,"46":0,"47":0,"48":0,"49":0,"50":0,"51":0,"52":0,"53":0,"54":0,"55":0,"56":0,"57":0,"58":0,"59":0,"60":0,"61":0,"62":0,"63":0,"64":0,"65":0,"66":0,"67":0,"68":0,"69":0,"70":0,"71":0,"72":0,"73":0,"74":0,"75":0,"76":0,"77":0,"78":0,"79":0,"80":0,"81":0,"82":0,"83":0,"84":0,"85":0,"86":0,"87":0,"88":0,"89":0,"90":0,"91":0,"92":0,"93":0,"94":0,"95":0,"96":0,"97":0,"98":0,"99":0,"100":0,"101":0,"102":0,"103":0,"104":0,"105":0,"106":0,"107":0,"108":0,"109":0,"110":0,"111":0},"f":{"0":0,"1":0,"2":0,"3":0,"4":0,"5":0,"6":0,"7":0,"8":0,"9":0,"10":0,"11":0,"12":0,"13":0,"14":0,"15":0,"16":0,"17":0,"18":0,"19":0,"20":0,"21":0,"22":0,"23":0,"24":0,"25":0,"26":0,"27":0,"28":0,"29":0,"30":0},"b":{"0":[0],"1":[0,0],"2":[0,0],"3":[0,0],"4":[0,0],"5":[0,0],"6":[0,0],"7":[0,0],"8":[0,0],"9":[0,0],"10":[0,0],"11":[0,0],"12":[0,0],"13":[0,0],"14":[0,0],"15":[0,0],"16":[0,0,0],"17":[0,0],"18":[0,0],"19":[0,0],"20":[0,0],"21":[0,0],"22":[0,0],"23":[0,0],"24":[0,0]}}
,"/Users/apple/Desktop/MinuteMeals/src/screens/Pantry.js": {"path":"/Users/apple/Desktop/MinuteMeals/src/screens/Pantry.js","statementMap":{"0":{"start":{"line":14,"column":27},"end":{"line":20,"column":1}},"1":{"start":{"line":23,"column":21},"end":{"line":23,"column":36}},"2":{"start":{"line":24,"column":27},"end":{"line":24,"column":37}},"3":{"start":{"line":25,"column":37},"end":{"line":25,"column":49}},"4":{"start":{"line":26,"column":39},"end":{"line":26,"column":51}},"5":{"start":{"line":27,"column":47},"end":{"line":27,"column":62}},"6":{"start":{"line":28,"column":33},"end":{"line":28,"column":48}},"7":{"start":{"line":29,"column":55},"end":{"line":29,"column":67}},"8":{"start":{"line":30,"column":51},"end":{"line":30,"column":66}},"9":{"start":{"line":32,"column":24},"end":{"line":48,"column":3}},"10":{"start":{"line":34,"column":6},"end":{"line":45,"column":7}},"11":{"start":{"line":35,"column":25},"end":{"line":38,"column":21}},"12":{"start":{"line":36,"column":10},"end":{"line":37,"column":50}},"13":{"start":{"line":39,"column":8},"end":{"line":39,"column":32}},"14":{"start":{"line":40,"column":8},"end":{"line":40,"column":32}},"15":{"start":{"line":43,"column":8},"end":{"line":43,"column":26}},"16":{"start":{"line":44,"column":8},"end":{"line":44,"column":33}},"17":{"start":{"line":50,"column":23},"end":{"line":53,"column":20}},"18":{"start":{"line":51,"column":4},"end":{"line":51,"column":23}},"19":{"start":{"line":52,"column":4},"end":{"line":52,"column":23}},"20":{"start":{"line":55,"column":18},"end":{"line":63,"column":34}},"21":{"start":{"line":56,"column":22},"end":{"line":56,"column":53}},"22":{"start":{"line":57,"column":4},"end":{"line":62,"column":5}},"23":{"start":{"line":58,"column":6},"end":{"line":58,"column":38}},"24":{"start":{"line":59,"column":6},"end":{"line":59,"column":23}},"25":{"start":{"line":60,"column":6},"end":{"line":60,"column":24}},"26":{"start":{"line":61,"column":6},"end":{"line":61,"column":31}},"27":{"start":{"line":65,"column":21},"end":{"line":67,"column":15}},"28":{"start":{"line":66,"column":4},"end":{"line":66,"column":42}},"29":{"start":{"line":69,"column":22},"end":{"line":73,"column":25}},"30":{"start":{"line":70,"column":4},"end":{"line":72,"column":5}},"31":{"start":{"line":71,"column":6},"end":{"line":71,"column":25}},"32":{"start":{"line":75,"column":20},"end":{"line":132,"column":7}},"33":{"start":{"line":76,"column":4},"end":{"line":131,"column":5}},"34":{"start":{"line":78,"column":31},"end":{"line":78,"column":80}},"35":{"start":{"line":80,"column":6},"end":{"line":87,"column":7}},"36":{"start":{"line":81,"column":8},"end":{"line":85,"column":9}},"37":{"start":{"line":86,"column":8},"end":{"line":86,"column":14}},"38":{"start":{"line":90,"column":6},"end":{"line":127,"column":7}},"39":{"start":{"line":97,"column":29},"end":{"line":101,"column":16}},"40":{"start":{"line":103,"column":14},"end":{"line":105,"column":15}},"41":{"start":{"line":104,"column":16},"end":{"line":104,"column":60}},"42":{"start":{"line":111,"column":29},"end":{"line":115,"column":16}},"43":{"start":{"line":117,"column":14},"end":{"line":119,"column":15}},"44":{"start":{"line":118,"column":16},"end":{"line":118,"column":60}},"45":{"start":{"line":129,"column":6},"end":{"line":129,"column":59}},"46":{"start":{"line":130,"column":6},"end":{"line":130,"column":72}},"47":{"start":{"line":134,"column":27},"end":{"line":173,"column":7}},"48":{"start":{"line":135,"column":4},"end":{"line":135,"column":21}},"49":{"start":{"line":136,"column":4},"end":{"line":172,"column":5}},"50":{"start":{"line":137,"column":6},"end":{"line":137,"column":48}},"51":{"start":{"line":140,"column":23},"end":{"line":140,"column":56}},"52":{"start":{"line":143,"column":26},"end":{"line":143,"column":51}},"53":{"start":{"line":143,"column":44},"end":{"line":143,"column":50}},"54":{"start":{"line":145,"column":6},"end":{"line":152,"column":7}},"55":{"start":{"line":146,"column":8},"end":{"line":150,"column":9}},"56":{"start":{"line":151,"column":8},"end":{"line":151,"column":14}},"57":{"start":{"line":155,"column":6},"end":{"line":155,"column":41}},"58":{"start":{"line":156,"column":6},"end":{"line":156,"column":32}},"59":{"start":{"line":159,"column":6},"end":{"line":159,"column":45}},"60":{"start":{"line":161,"column":25},"end":{"line":161,"column":66}},"61":{"start":{"line":163,"column":6},"end":{"line":167,"column":7}},"62":{"start":{"line":164,"column":8},"end":{"line":164,"column":91}},"63":{"start":{"line":165,"column":13},"end":{"line":167,"column":7}},"64":{"start":{"line":166,"column":8},"end":{"line":166,"column":92}},"65":{"start":{"line":169,"column":6},"end":{"line":169,"column":65}},"66":{"start":{"line":171,"column":6},"end":{"line":171,"column":24}},"67":{"start":{"line":175,"column":35},"end":{"line":194,"column":45}},"68":{"start":{"line":177,"column":21},"end":{"line":177,"column":22}},"69":{"start":{"line":178,"column":4},"end":{"line":183,"column":6}},"70":{"start":{"line":179,"column":6},"end":{"line":182,"column":7}},"71":{"start":{"line":180,"column":8},"end":{"line":180,"column":35}},"72":{"start":{"line":181,"column":8},"end":{"line":181,"column":20}},"73":{"start":{"line":185,"column":4},"end":{"line":185,"column":31}},"74":{"start":{"line":186,"column":4},"end":{"line":186,"column":30}},"75":{"start":{"line":189,"column":4},"end":{"line":193,"column":6}},"76":{"start":{"line":192,"column":12},"end":{"line":192,"column":42}},"77":{"start":{"line":196,"column":35},"end":{"line":199,"column":7}},"78":{"start":{"line":197,"column":4},"end":{"line":197,"column":31}},"79":{"start":{"line":198,"column":4},"end":{"line":198,"column":30}},"80":{"start":{"line":201,"column":21},"end":{"line":210,"column":15}},"81":{"start":{"line":202,"column":4},"end":{"line":209,"column":5}},"82":{"start":{"line":207,"column":57},"end":{"line":207,"column":80}},"83":{"start":{"line":212,"column":25},"end":{"line":219,"column":3}},"84":{"start":{"line":213,"column":4},"end":{"line":218,"column":48}},"85":{"start":{"line":218,"column":29},"end":{"line":218,"column":45}},"86":{"start":{"line":221,"column":25},"end":{"line":230,"column":3}},"87":{"start":{"line":222,"column":4},"end":{"line":229,"column":6}},"
[...]
"line":338,"column":2},"end":{"line":338,"column":39}},"type":"if","locations":[{"start":{"line":338,"column":2},"end":{"line":338,"column":39}},{"start":{},"end":{}}],"line":338},"23":{"loc":{"start":{"line":341,"column":26},"end":{"line":341,"column":37}},"type":"binary-expr","locations":[{"start":{"line":341,"column":26},"end":{"line":341,"column":32}},{"start":{"line":341,"column":36},"end":{"line":341,"column":37}}],"line":341},"24":{"loc":{"start":{"line":341,"column":42},"end":{"line":341,"column":53}},"type":"binary-expr","locations":[{"start":{"line":341,"column":42},"end":{"line":341,"column":48}},{"start":{"line":341,"column":52},"end":{"line":341,"column":53}}],"line":341},"25":{"loc":{"start":{"line":344,"column":18},"end":{"line":344,"column":37}},"type":"binary-expr","locations":[{"start":{"line":344,"column":18},"end":{"line":344,"column":32}},{"start":{"line":344,"column":36},"end":{"line":344,"column":37}}],"line":344},"26":{"loc":{"start":{"line":347,"column":2},"end":{"line":350,"column":3}},"type":"if","locations":[{"start":{"line":347,"column":2},"end":{"line":350,"column":3}},{"start":{},"end":{}}],"line":347},"27":{"loc":{"start":{"line":347,"column":6},"end":{"line":347,"column":91}},"type":"binary-expr","locations":[{"start":{"line":347,"column":6},"end":{"line":347,"column":49}},{"start":{"line":347,"column":53},"end":{"line":347,"column":91}}],"line":347},"28":{"loc":{"start":{"line":354,"column":17},"end":{"line":354,"column":30}},"type":"binary-expr","locations":[{"start":{"line":354,"column":17},"end":{"line":354,"column":25}},{"start":{"line":354,"column":29},"end":{"line":354,"column":30}}],"line":354},"29":{"loc":{"start":{"line":356,"column":11},"end":{"line":356,"column":83}},"type":"binary-expr","locations":[{"start":{"line":356,"column":11},"end":{"line":356,"column":47}},{"start":{"line":356,"column":51},"end":{"line":356,"column":83}}],"line":356},"30":{"loc":{"start":{"line":359,"column":2},"end":{"line":362,"column":3}},"type":"if","locations":[{"start":{"line":359,"column":2},"end":{"line":362,"column":3}},{"start":{},"end":{}}],"line":359},"31":{"loc":{"start":{"line":372,"column":2},"end":{"line":372,"column":35}},"type":"default-arg","locations":[{"start":{"line":372,"column":30},"end":{"line":372,"column":35}}],"line":372},"32":{"loc":{"start":{"line":380,"column":4},"end":{"line":380,"column":29}},"type":"if","locations":[{"start":{"line":380,"column":4},"end":{"line":380,"column":29}},{"start":{},"end":{}}],"line":380},"33":{"loc":{"start":{"line":382,"column":4},"end":{"line":384,"column":5}},"type":"if","locations":[{"start":{"line":382,"column":4},"end":{"line":384,"column":5}},{"start":{},"end":{}}],"line":382},"34":{"loc":{"start":{"line":393,"column":4},"end":{"line":395,"column":5}},"type":"if","locations":[{"start":{"line":393,"column":4},"end":{"line":395,"column":5}},{"start":{},"end":{}}],"line":393},"35":{"loc":{"start":{"line":393,"column":8},"end":{"line":393,"column":63}},"type":"binary-expr","locations":[{"start":{"line":393,"column":8},"end":{"line":393,"column":35}},{"start":{"line":393,"column":39},"end":{"line":393,"column":63}}],"line":393},"36":{"loc":{"start":{"line":398,"column":4},"end":{"line":400,"column":5}},"type":"if","locations":[{"start":{"line":398,"column":4},"end":{"line":400,"column":5}},{"start":{},"end":{}}],"line":398},"37":{"loc":{"start":{"line":404,"column":2},"end":{"line":421,"column":3}},"type":"if","locations":[{"start":{"line":404,"column":2},"end":{"line":421,"column":3}},{"start":{},"end":{}}],"line":404},"38":{"loc":{"start":{"line":404,"column":6},"end":{"line":404,"column":63}},"type":"binary-expr","locations":[{"start":{"line":404,"column":6},"end":{"line":404,"column":22}},{"start":{"line":404,"column":26},"end":{"line":404,"column":63}}],"line":404},"39":{"loc":{"start":{"line":410,"column":8},"end":{"line":418,"column":9}},"type":"if","locations":[{"start":{"line":410,"column":8},"end":{"line":418,"column":9}},{"start":{},"end":{}}],"line":410},"40":{"loc":{"start":{"line":411,"column":10},"end":{"line":417,"column":11}},"type":"if","locations":[{"start":{"line":411,"column":10},"end":{"line":417,"column":11}},{"start":{"line":413,"column":17},"end":{"line":417,"column":11}}],"line":411},"41":{"loc":{"start":{"line":444,"column":2},"end":{"line":486,"column":3}},"type":"if","locations":[{"start":{"line":444,"column":2},"end":{"line":486,"column":3}},{"start":{},"end":{}}],"line":444},"42":{"loc":{"start":{"line":446,"column":4},"end":{"line":448,"column":5}},"type":"if","locations":[{"start":{"line":446,"column":4},"end":{"line":448,"column":5}},{"start":{},"end":{}}],"line":446},"43":{"loc":{"start":{"line":455,"column":4},"end":{"line":461,"column":5}},"type":"if","locations":[{"start":{"line":455,"column":4},"end":{"line":461,"column":5}},{"start":{},"end":{}}],"line":455},"44":{"loc":{"start":{"line":455,"column":8},"end":{"line":455,"column":37}},"type":"binary-expr","locations":[{"start":{"line":455,"column":8},"end":{"line":455,"column":21}},{"start":{"line":455,"column":25},"end":{"line":455,"column":37}}],"line":455},"45":{"loc":{"start":{"line":458,"column":6},"end":{"line":460,"column":7}},"type":"if","locations":[{"start":{"line":458,"column":6},"end":{"line":460,"column":7}},{"start":{},"end":{}}],"line":458},"46":{"loc":{"start":{"line":465,"column":4},"end":{"line":483,"column":5}},"type":"if","locations":[{"start":{"line":465,"column":4},"end":{"line":483,"column":5}},{"start":{},"end":{}}],"line":465},"47":{"loc":{"start":{"line":477,"column":8},"end":{"line":481,"column":9}},"type":"if","locations":[{"start":{"line":477,"column":8},"end":{"line":481,"column":9}},{"start":{},"end":{}}],"line":477},"48":{"loc":{"start":{"line":495,"column":2},"end":{"line":495,"column":36}},"type":"if","locations":[{"start":{"line":495,"column":2},"end":{"line":495,"column":36}},{"start":{},"end":{}}],"line":495},"49":{"loc":{"start":{"line":498,"column":2},"end":{"line":502,"column":3}},"type":"if","locations":[{"start":{"line":498,"column":2},"end":{"line":502,"column":3}},{"start":{},"end":{}}],"line":498},"50":{"loc":{"start":{"line":498,"column":6},"end":{"line":499,"column":62}},"type":"binary-expr","locations":[{"start":{"line":498,"column":6},"end":{"line":498,"column":40}},{"start":{"line":499,"column":6},"end":{"line":499,"column":62}}],"line":498},"51":{"loc":{"start":{"line":499,"column":26},"end":{"line":499,"column":47}},"type":"binary-expr","locations":[{"start":{"line":499,"column":26},"end":{"line":499,"column":42}},{"start":{"line":499,"column":46},"end":{"line":499,"column":47}}],"line":499},"52":{"loc":{"start":{"line":529,"column":2},"end":{"line":537,"column":3}},"type":"if","locations":[{"start":{"line":529,"column":2},"end":{"line":537,"column":3}},{"start":{},"end":{}}],"line":529},"53":{"loc":{"start":{"line":533,"column":4},"end":{"line":536,"column":5}},"type":"if","locations":[{"start":{"line":533,"column":4},"end":{"line":536,"column":5}},{"start":{},"end":{}}],"line":533},"54":{"loc":{"start":{"line":542,"column":2},"end":{"line":545,"column":3}},"type":"if","locations":[{"start":{"line":542,"column":2},"end":{"line":545,"column":3}},{"start":{},"end":{}}],"line":542},"55":{"loc":{"start":{"line":557,"column":41},"end":{"line":557,"column":86}},"type":"binary-expr","locations":[{"start":{"line":557,"column":41},"end":{"line":557,"column":62}},{"start":{"line":557,"column":66},"end":{"line":557,"column":86}}],"line":557},"56":{"loc":{"start":{"line":559,"column":2},"end":{"line":559,"column":39}},"type":"if","locations":[{"start":{"line":559,"column":2},"end":{"line":559,"column":39}},{"start":{},"end":{}}],"line":559},"57":{"loc":{"start":{"line":562,"column":26},"end":{"line":562,"column":37}},"type":"binary-expr","locations":[{"start":{"line":562,"column":26},"end":{"line":562,"column":32}},{"start":{"line":562,"column":36},"end":{"line":562,"column":37}}],"line":562},"58":{"loc":{"start":{"line":562,"column":42},"end":{"line":562,"column":53}},"type":"binary-expr","locations":[{"start":{"line":562,"column":42},"end":{"line":562,"column":48}},{"start":{"line":562,"column":52},"end":{"line":562,"column":53}}],"line":562},"59":{"loc":{"start":{"line":565,"column":18},"end":{"line":565,"column":37}},"type":"binary-expr","locations":[{"start":{"line":565,"column":18},"end":{"line":565,"column":32}},{"start":{"line":565,"column":36},"end":{"line":565,"column":37}}],"line":565},"60":{"loc":{"start":{"line":568,"column":2},"end":{"line":574,"column":3}},"type":"if","locations":[{"start":{"line":568,"column":2},"end":{"line":574,"column":3}},{"start":{},"end":{}}],"line":568},"61":{"loc":{"start":{"line":570,"column":4},"end":{"line":573,"column":5}},"type":"if","locations":[{"start":{"line":570,"column":4},"end":{"line":573,"column":5}},{"start":{},"end":{}}],"line":570},"62":{"loc":{"start":{"line":593,"column":4},"end":{"line":593,"column":43}},"type":"if","locations":[{"start":{"line":593,"column":4},"end":{"line":593,"column":43}},{"start":{},"end":{}}],"line":593},"63":{"loc":{"start":{"line":593,"column":8},"end":{"line":593,"column":33}},"type":"binary-expr","locations":[{"start":{"line":593,"column":8},"end":{"line":593,"column":19}},{"start":{"line":593,"column":23},"end":{"line":593,"column":33}}],"line":593},"64":{"loc":{"start":{"line":595,"column":16},"end":{"line":595,"column":38}},"type":"binary-expr","locations":[{"start":{"line":595,"column":16},"end":{"line":595,"column":26}},{"start":{"line":595,"column":30},"end":{"line":595,"column":38}}],"line":595},"65":{"loc":{"start":{"line":597,"column":4},"end":{"line":599,"column":5}},"type":"if","locations":[{"start":{"line":597,"column":4},"end":{"line":599,"column":5}},{"start":{},"end":{}}],"line":597},"66":{"loc":{"start":{"line":608,"column":4},"end":{"line":610,"column":5}},"type":"if","locations":[{"start":{"line":608,"column":4},"end":{"line":610,"column":5}},{"start":{},"end":{}}],"line":608},"67":{"loc":{"start":{"line":613,"column":4},"end":{"line":615,"column":5}},"type":"if","locations":[{"start":{"line":613,"column":4},"end":{"line":615,"column":5}},{"start":{},"end":{}}],"line":613},"68":{"loc":{"start":{"line":613,"column":8},"end":{"line":613,"column":63}},"type":"binary-expr","locations":[{"start":{"line":613,"column":8},"end":{"line":613,"column":35}},{"start":{"line":613,"column":39},"end":{"line":613,"column":63}}],"line":613},"69":{"loc":{"start":{"line":618,"column":4},"end":{"line":620,"column":5}},"type":"if","locations":[{"start":{"line":618,"column":4},"end":{"line":620,"column":5}},{"start":{},"end":{}}],"line":618},"70":{"loc":{"start":{"line":623,"column":4},"end":{"line":625,"column":5}},"type":"if","locations":[{"start":{"line":623,"column":4},"end":{"line":625,"column":5}},{"start":{},"end":{}}],"line":623},"71":{"loc":{"start":{"line":629,"column":2},"end":{"line":644,"column":3}},"type":"if","locations":[{"start":{"line":629,"column":2},"end":{"line":644,"column":3}},{"start":{},"end":{}}],"line":629},"72":{"loc":{"start":{"line":635,"column":8},"end":{"line":641,"column":9}},"type":"if","locations":[{"start":{"line":635,"column":8},"end":{"line":641,"column":9}},{"start":{},"end":{}}],"line":635},"73":{"loc":{"start":{"line":636,"column":10},"end":{"line":640,"column":11}},"type":"if","locations":[{"start":{"line":636,"column":10},"end":{"line":640,"column":11}},{"start":{},"end":{}}],"line":636},"74":{"loc":{"start":{"line":649,"column":20},"end":{"line":649,"column":57}},"type":"binary-expr","locations":[{"start":{"line":649,"column":20},"end":{"line":649,"column":35}},{"start":{"line":649,"column":39},"end":{"line":649,"column":57}}],"line":649},"75":{"loc":{"start":{"line":667,"column":2},"end":{"line":709,"column":3}},"type":"if","locations":[{"start":{"line":667,"column":2},"end":{"line":709,"column":3}},{"start":{},"end":{}}],"line":667},"76":{"loc":{"start":{"line":669,"column":4},"end":{"line":671,"column":5}},"type":"if","locations":[{"start":{"line":669,"column":4},"end":{"line":671,"column":5}},{"start":{},"end":{}}],"line":669},"77":{"loc":{"start":{"line":678,"column":4},"end":{"line":684,"column":5}},"type":"if","locations":[{"start":{"line":678,"column":4},"end":{"line":684,"column":5}},{"start":{},"end":{}}],"line":678},"78":{"loc":{"start":{"line":678,"column":8},"end":{"line":678,"column":37}},"type":"binary-expr","locations":[{"start":{"line":678,"column":8},"end":{"line":678,"column":21}},{"start":{"line":678,"column":25},"end":{"line":678,"column":37}}],"line":678},"79":{"loc":{"start":{"line":681,"column":6},"end":{"line":683,"column":7}},"type":"if","locations":[{"start":{"line":681,"column":6},"end":{"line":683,"column":7}},{"start":{},"end":{}}],"line":681},"80":{"loc":{"start":{"line":688,"column":4},"end":{"line":706,"column":5}},"type":"if","locations":[{"start":{"line":688,"column":4},"end":{"line":706,"column":5}},{"start":{},"end":{}}],"line":688},"81":{"loc":{"start":{"line":700,"column":8},"end":{"line":704,"column":9}},"type":"if","locations":[{"start":{"line":700,"column":8},"end":{"line":704,"column":9}},{"start":{},"end":{}}],"line":700},"82":{"loc":{"start":{"line":732,"column":2},"end":{"line":743,"column":3}},"type":"if","locations":[{"start":{"line":732,"column":2},"end":{"line":743,"column":3}},{"start":{},"end":{}}],"line":732},"83":{"loc":{"start":{"line":749,"column":2},"end":{"line":751,"column":3}},"type":"if","locations":[{"start":{"line":749,"column":2},"end":{"line":751,"column":3}},{"start":{},"end":{}}],"line":749},"84":{"loc":{"start":{"line":756,"column":2},"end":{"line":759,"column":3}},"type":"if","locations":[{"start":{"line":756,"column":2},"end":{"line":759,"column":3}},{"start":{},"end":{}}],"line":756},"85":{"loc":{"start":{"line":781,"column":2},"end":{"line":794,"column":3}},"type":"if","locations":[{"start":{"line":781,"column":2},"end":{"line":794,"column":3}},{"start":{},"end":{}}],"line":781},"86":{"loc":{"start":{"line":786,"column":4},"end":{"line":793,"column":5}},"type":"if","locations":[{"start":{"line":786,"column":4},"end":{"line":793,"column":5}},{"start":{},"end":{}}],"line":786},"87":{"loc":{"start":{"line":789,"column":6},"end":{"line":792,"column":7}},"type":"if","locations":[{"start":{"line":789,"column":6},"end":{"line":792,"column":7}},{"start":{},"end":{}}],"line":789},"88":{"loc":{"start":{"line":819,"column":4},"end":{"line":821,"column":5}},"type":"if","locations":[{"start":{"line":819,"column":4},"end":{"line":821,"column":5}},{"start":{},"end":{}}],"line":819},"89":{"loc":{"start":{"line":819,"column":8},"end":{"line":819,"column":28}},"type":"binary-expr","locations":[{"start":{"line":819,"column":8},"end":{"line":819,"column":17}},{"start":{"line":819,"column":21},"end":{"line":819,"column":28}}],"line":819},"90":{"loc":{"start":{"line":824,"column":16},"end":{"line":824,"column":83}},"type":"cond-expr","locations":[{"start":{"line":824,"column":49},"end":{"line":824,"column":59}},{"start":{"line":824,"column":62},"end":{"line":824,"column":83}}],"line":824},"91":{"loc":{"start":{"line":831,"column":4},"end":{"line":835,"column":5}},"type":"if","locations":[{"start":{"line":831,"column":4},"end":{"line":835,"column":5}},{"start":{},"end":{}}],"line":831},"92":{"loc":{"start":{"line":831,"column":8},"end":{"line":831,"column":81}},"type":"binary-expr","locations":[{"start":{"line":831,"column":8},"end":{"line":831,"column":29}},{"start":{"line":831,"column":33},"end":{"line":831,"column":81}}],"line":831},"93":{"loc":{"start":{"line":839,"column":49},"end":{"line":839,"column":163}},"type":"cond-expr","locations":[{"start":{"line":839,"column":75},"end":{"line":839,"column":82}},{"start":{"line":839,"column":85},"end":{"line":839,"column":163}}],"line":839},"94":{"loc":{"start":{"line":843,"column":4},"end":{"line":846,"column":5}},"type":"if","locations":[{"start":{"line":843,"column":4},"end":{"line":846,"column":5}},{"start":{},"end":{}}],"line":843}},"s":{"0":0,"1":0,"2":0,"3":0,"4":0,"5":0,"6":0,"7":0,"8":0,"9":0,"10":0,"11":0,"12":0,"13":0,"14":0,"15":0,"16":0,"17":0,"18":0,"19":0,"20":0,"21":0,"22":0,"23":0,"24":0,"25":0,"26":0,"27":0,"28":0,"29":0,"30":0,"31":0,"32":0,"33":0,"34":0,"35":0,"36":0,"37":0,"38":0,"39":0,"40":0,"41":0,"42":0,"43":0,"44":0,"45":0,"46":0,"47":0,"48":0,"49":0,"50":0,"51":0,"52":0,"53":0,"54":0,"55":0,"56":0,"57":0,"58":0,"59":0,"60":0,"61":0,"62":0,"63":0,"64":0,"65":0,"66":0,"67":0,"68":0,"69":0,"70":0,"71":0,"72":0,"73":0,"74":0,"75":0,"76":0,"77":0,"78":0,"79":0,"80":0,"81":0,"82":0,"83":0,"84":0,"85":0,"86":0,"87":0,"88":0,"89":0,"90":0,"91":0,"92":0,"93":0,"94":0,"95":0,"96":0,"97":0,"98":0,"99":0,"100":0,"101":0,"102":0,"103":0,"104":0,"105":0,"106":0,"107":0,"108":0,"109":0,"110":0,"111":0,"112":0,"113":0,"114":0,"115":0,"116":0,"117":0,"118":0,"119":0,"120":0,"121":0,"122":0,"123":0,"124":0,"125":0,"126":0,"127":0,"128":0,"129":0,"130":0,"131":0,"132":0,"133":0,"134":0,"135":0,"136":0,"137":0,"138":0,"139":0,"140":0,"141":0,"142":0,"143":0,"144":0,"145":0,"146":0,"147":0,"148":0,"149":0,"150":0,"151":0,"152":0,"153":0,"154":0,"155":0,"156":0,"157":0,"158":0,"159":0,"160":0,"161":0,"162":0,"163":0,"164":0,"165":0,"166":0,"167":0,"168":0,"169":0,"170":0,"171":0,"172":0,"173":0,"174":0,"175":0,"176":0,"177":0,"178":0,"179":0,"180":0,"181":0,"182":0,"183":0,"184":0,"185":0,"186":0,"187":0,"188":0,"189":0,"190":0,"191":0,"192":0,"193":0,"194":0,"195":0,"196":0,"197":0,"198":0,"199":0,"200":0,"201":0,"202":0,"203":0,"204":0,"205":0,"206":0,"207":0,"208":0,"209":0,"210":0,"211":0,"212":0,"213":0,"214":0,"215":0,"216":0,"217":0,"218":0,"219":0,"220":0,"221":0,"222":0,"223":0,"224":0,"225":0,"226":0,"227":0,"228":0,"229":0,"230":0,"231":0,"232":0,"233":0,"234":0,"235":0,"236":0,"237":0,"238":0,"239":0,"240":0,"241":0,"242":0,"243":0,"244":0,"245":0,"246":0,"247":0,"248":0,"249":0,"250":0,"251":0,"252":0,"253":0,"254":0,"255":0,"256":0,"257":0,"258":0,"259":0,"260":0,"261":0,"262":0,"263":0,"264":0,"265":0,"266":0,"267":0,"268":0,"269":0,"270":0,"271":0,"272":0,"273":0,"274":0,"275":0,"276":0,"277":0,"278":0,"279":0,"280":0,"281":0,"282":0,"283":0,"284":0,"285":0,"286":0,"287":0,"288":0,"289":0,"290":0,"291":0,"292":0,"293":0,"294":0,"295":0,"296":0,"297":0,"298":0,"299":0,"300":0,"301":0,"302":0,"303":0,"304":0,"305":0,"306":0,"307":0,"308":0,"309":0,"310":0,"311":0,"312":0,"313":0,"314":0,"315":0,"316":0,"317":0,"318":0,"319":0,"320":0,"321":0,"322":0,"323":0,"324":0,"325":0,"326":0,"327":0,"328":0,"329":0,"330":0,"331":0,"332":0,"333":0,"334":0,"335":0,"336":0,"337":0,"338":0},"f":{"0":0,"1":0,"2":0,"3":0,"4":0,"5":0,"6":0,"7":0,"8":0,"9":0,"10":0,"11":0,"12":0,"13":0,"14":0,"15":0,"16":0,"17":0,"18":0,"19":0,"20":0,"21":0,"22":0,"23":0,"24":0,"25":0,"26":0,"27":0,"28":0,"29":0,"30":0,"31":0,"32":0,"33":0,"34":0,"35":0,"36":0,"37":0,"38":0,"39":0,"40":0,"41":0,"42":0,"43":0,"44":0,"45":0,"46":0,"47":0,"48":0,"49":0,"50":0,"51":0,"52":0,"53":0},"b":{"0":[0,0],"1":[0,0],"2":[0,0],"3":[0,0],"4":[0,0],"5":[0,0],"6":[0,0],"7":[0,0],"8":[0,0],"9":[0,0],"10":[0,0],"11":[0,0],"12":[0,0],"13":[0,0],"14":[0,0],"15":[0,0],"16":[0,0],"17":[0,0],"18":[0,0],"19":[0,0],"20":[0,0],"21":[0,0],"22":[0,0],"23":[0,0],"24":[0,0],"25":[0,0],"26":[0,0],"27":[0,0],"28":[0,0],"29":[0,0],"30":[0,0],"31":[0],"32":[0,0],"33":[0,0],"34":[0,0],"35":[0,0],"36":[0,0],"37":[0,0],"38":[0,0],"39":[0,0],"40":[0,0],"41":[0,0],"42":[0,0],"43":[0,0],"44":[0,0],"45":[0,0],"46":[0,0],"47":[0,0],"48":[0,0],"49":[0,0],"50":[0,0],"51":[0,0],"52":[0,0],"53":[0,0],"54":[0,0],"55":[0,0],"56":[0,0],"57":[0,0],"58":[0,0],"59":[0,0],"60":[0,0],"61":[0,0],"62":[0,0],"63":[0,0],"64":[0,0],"65":[0,0],"66":[0,0],"67":[0,0],"68":[0,0],"69":[0,0],"70":[0,0],"71":[0,0],"72":[0,0],"73":[0,0],"74":[0,0],"75":[0,0],"76":[0,0],"77":[0,0],"78":[0,0],"79":[0,0],"80":[0,0],"81":[0,0],"82":[0,0],"83":[0,0],"84":[0,0],"85":[0,0],"86":[0,0],"87":[0,0],"88":[0,0],"89":[0,0],"90":[0,0],"91":[0,0],"92":[0,0],"93":[0,0],"94":[0,0]}}
}
