TN:
SF:src/components/Badge.js
FN:4,(anonymous_0)
FN:5,(anonymous_1)
FN:21,(anonymous_2)
FN:37,(anonymous_3)
FN:45,(anonymous_4)
FNF:5
FNH:0
FNDA:0,(anonymous_0)
FNDA:0,(anonymous_1)
FNDA:0,(anonymous_2)
FNDA:0,(anonymous_3)
FNDA:0,(anonymous_4)
DA:4,0
DA:5,0
DA:6,0
DA:7,0
DA:8,0
DA:9,0
DA:10,0
DA:11,0
DA:12,0
DA:13,0
DA:14,0
DA:15,0
DA:16,0
DA:17,0
DA:18,0
DA:21,0
DA:22,0
DA:23,0
DA:24,0
DA:25,0
DA:26,0
DA:27,0
DA:28,0
DA:29,0
DA:30,0
DA:31,0
DA:32,0
DA:33,0
DA:34,0
DA:37,0
DA:38,0
DA:39,0
DA:40,0
DA:41,0
DA:42,0
DA:45,0
DA:46,0
DA:47,0
DA:48,0
DA:49,0
DA:50,0
DA:53,0
DA:60,0
LF:43
LH:0
BRDA:4,0,0,0
BRDA:4,1,0,0
BRDA:6,2,0,0
BRDA:6,2,1,0
BRDA:8,3,0,0
BRDA:8,3,1,0
BRDA:10,4,0,0
BRDA:10,4,1,0
BRDA:12,5,0,0
BRDA:12,5,1,0
BRDA:14,6,0,0
BRDA:14,6,1,0
BRDA:16,7,0,0
BRDA:16,7,1,0
BRDA:22,8,0,0
BRDA:22,8,1,0
BRDA:24,9,0,0
BRDA:24,9,1,0
BRDA:26,10,0,0
BRDA:26,10,1,0
BRDA:28,11,0,0
BRDA:28,11,1,0
BRDA:30,12,0,0
BRDA:30,12,1,0
BRDA:32,13,0,0
BRDA:32,13,1,0
BRDA:38,14,0,0
BRDA:38,14,1,0
BRDA:40,15,0,0
BRDA:40,15,1,0
BRDA:46,16,0,0
BRDA:46,16,1,0
BRDA:48,17,0,0
BRDA:48,17,1,0
BRF:34
BRH:0
end_of_record
TN:
SF:src/components/EmptyState.js
FN:5,(anonymous_0)
FNF:1
FNH:0
FNDA:0,(anonymous_0)
DA:5,0
DA:6,0
DA:7,0
DA:9,0
DA:27,0
LF:5
LH:0
BRDA:5,0,0,0
BRDA:5,1,0,0
BRDA:5,2,0,0
BRDA:7,3,0,0
BRDA:7,3,1,0
BRDA:15,4,0,0
BRDA:15,4,1,0
BRDA:18,5,0,0
BRDA:18,5,1,0
BRF:9
BRH:0
end_of_record
TN:
SF:src/components/FilterBar.js
FN:4,(anonymous_0)
FN:5,(anonymous_1)
FN:7,(anonymous_2)
FN:20,(anonymous_3)
FN:21,(anonymous_4)
FN:22,(anonymous_5)
FNF:6
FNH:0
FNDA:0,(anonymous_0)
FNDA:0,(anonymous_1)
FNDA:0,(anonymous_2)
FNDA:0,(anonymous_3)
FNDA:0,(anonymous_4)
FNDA:0,(anonymous_5)
DA:4,0
DA:5,0
DA:7,0
DA:8,0
DA:13,0
DA:14,0
DA:15,0
DA:17,0
DA:20,0
DA:21,0
DA:22,0
DA:28,0
LF:12
LH:0
BRDA:4,0,0,0
BRDA:7,1,0,0
BRDA:8,2,0,0
BRDA:8,2,1,0
BRDA:9,3,0,0
BRDA:9,3,1,0
BRF:6
BRH:0
end_of_record
TN:
SF:src/components/IngredientConfirmationDialog.js
FN:5,(anonymous_0)
FN:10,(anonymous_1)
FN:14,(anonymous_2)
FN:15,(anonymous_3)
FN:26,(anonymous_4)
FN:29,(anonymous_5)
FN:34,(anonymous_6)
FN:44,(anonymous_7)
FN:81,(anonymous_8)
FN:85,(anonymous_9)
FNF:10
FNH:0
FNDA:0,(anonymous_0)
FNDA:0,(anonymous_1)
FNDA:0,(anonymous_2)
FNDA:0,(anonymous_3)
FNDA:0,(anonymous_4)
FNDA:0,(anonymous_5)
FNDA:0,(anonymous_6)
FNDA:0,(anonymous_7)
FNDA:0,(anonymous_8)
FNDA:0,(anonymous_9)
DA:5,0
DA:6,0
DA:7,0
DA:10,0
DA:11,0
DA:14,0
DA:15,0
DA:16,0
DA:17,0
DA:18,0
DA:20,0
DA:22,0
DA:26,0
DA:27,0
DA:28,0
DA:29,0
DA:30,0
DA:34,0
DA:35,0
DA:36,0
DA:37,0
DA:38,0
DA:40,0
DA:41,0
DA:44,0
DA:45,0
DA:46,0
DA:49,0
DA:51,0
DA:82,0
DA:85,0
DA:151,0
LF:32
LH:0
BRDA:17,0,0,0
BRDA:17,0,1,0
BRDA:28,1,0,0
BRDA:28,1,1,0
BRDA:36,2,0,0
BRDA:36,2,1,0
BRDA:74,3,0,0
BRDA:74,3,1,0
BRDA:89,4,0,0
BRDA:89,4,1,0
BRDA:91,5,0,0
BRDA:91,5,1,0
BRDA:97,6,0,0
BRDA:97,6,1,0
BRDA:102,7,0,0
BRDA:102,7,1,0
BRDA:129,8,0,0
BRDA:129,8,1,0
BRDA:141,9,0,0
BRDA:141,9,1,0
BRF:20
BRH:0
end_of_record
TN:
SF:src/components/ListItem.js
FN:5,(anonymous_0)
FN:6,(anonymous_1)
FN:12,(anonymous_2)
FNF:3
FNH:0
FNDA:0,(anonymous_0)
FNDA:0,(anonymous_1)
FNDA:0,(anonymous_2)
DA:5,0
DA:6,0
DA:7,0
DA:8,0
DA:9,0
DA:12,0
DA:13,0
DA:14,0
DA:15,0
DA:18,0
DA:19,0
DA:20,0
DA:21,0
DA:23,0
DA:50,0
LF:15
LH:0
BRDA:5,0,0,0
BRDA:5,1,0,0
BRDA:8,2,0,0
BRDA:8,2,1,0
BRDA:14,3,0,0
BRDA:14,3,1,0
BRDA:26,4,0,0
BRDA:26,4,1,0
BRDA:28,5,0,0
BRDA:28,5,1,0
BRDA:28,6,0,0
BRDA:28,6,1,0
BRDA:31,7,0,0
BRDA:31,7,1,0
BRDA:36,8,0,0
BRDA:36,8,1,0
BRDA:41,9,0,0
BRDA:41,9,1,0
BRDA:42,10,0,0
BRDA:42,10,1,0
BRF:20
BRH:0
end_of_record
TN:
SF:src/components/PantryIcon.js
FN:6,(anonymous_0)
FNF:1
FNH:0
FNDA:0,(anonymous_0)
DA:6,0
DA:7,0
DA:8,0
DA:9,0
DA:15,0
DA:18,0
LF:6
LH:0
BRDA:8,0,0,0
BRDA:8,0,1,0
BRF:2
BRH:0
end_of_record
TN:
SF:src/components/RecipeCard.js
FN:6,(anonymous_0)
FN:7,(anonymous_1)
FN:13,(anonymous_2)
FN:23,(anonymous_3)
FN:70,(anonymous_4)
FNF:5
FNH:0
FNDA:0,(anonymous_0)
FNDA:0,(anonymous_1)
FNDA:0,(anonymous_2)
FNDA:0,(anonymous_3)
FNDA:0,(anonymous_4)
DA:6,0
DA:7,0
DA:8,0
DA:9,0
DA:10,0
DA:13,0
DA:14,0
DA:15,0
DA:16,0
DA:17,0
DA:19,0
DA:20,0
DA:21,0
DA:23,0
DA:24,0
DA:25,0
DA:27,0
DA:28,0
DA:30,0
DA:31,0
DA:33,0
DA:35,0
DA:36,0
DA:37,0
DA:38,0
DA:40,0
DA:71,0
DA:89,0
LF:28
LH:0
BRDA:6,0,0,0
BRDA:6,1,0,0
BRDA:9,2,0,0
BRDA:9,2,1,0
BRDA:14,3,0,0
BRDA:14,3,1,0
BRDA:16,4,0,0
BRDA:16,4,1,0
BRDA:21,5,0,0
BRDA:21,5,1,0
BRDA:24,6,0,0
BRDA:24,6,1,0
BRDA:27,7,0,0
BRDA:27,7,1,0
BRDA:30,8,0,0
BRDA:30,8,1,0
BRDA:36,9,0,0
BRDA:36,9,1,0
BRDA:37,10,0,0
BRDA:37,10,1,0
BRDA:38,11,0,0
BRDA:38,11,1,0
BRDA:38,11,2,0
BRDA:44,12,0,0
BRDA:44,12,1,0
BRDA:44,13,0,0
BRDA:44,13,1,0
BRDA:52,14,0,0
BRDA:52,14,1,0
BRDA:59,15,0,0
BRDA:59,15,1,0
BRDA:63,16,0,0
BRDA:63,16,1,0
BRDA:68,17,0,0
BRDA:68,17,1,0
BRDA:73,18,0,0
BRDA:73,18,1,0
BRF:37
BRH:0
end_of_record
TN:
SF:src/components/RecipeSkeleton.js
FN:4,(anonymous_0)
FN:7,(anonymous_1)
FN:8,(anonymous_2)
FN:9,(anonymous_3)
FN:11,(anonymous_4)
FN:14,(anonymous_5)
FNF:6
FNH:0
FNDA:0,(anonymous_0)
FNDA:0,(anonymous_1)
FNDA:0,(anonymous_2)
FNDA:0,(anonymous_3)
FNDA:0,(anonymous_4)
FNDA:0,(anonymous_5)
DA:4,0
DA:5,0
DA:7,0
DA:8,0
DA:9,0
DA:11,0
DA:14,0
DA:15,0
DA:18,0
DA:40,0
LF:10
LH:0
BRDA:15,0,0,0
BRDA:15,0,1,0
BRF:2
BRH:0
end_of_record
TN:
SF:src/components/SearchBar.js
FN:6,(anonymous_0)
FN:8,(anonymous_1)
FN:14,(anonymous_2)
FN:21,(anonymous_3)
FNF:4
FNH:0
FNDA:0,(anonymous_0)
FNDA:0,(anonymous_1)
FNDA:0,(anonymous_2)
FNDA:0,(anonymous_3)
DA:6,0
DA:7,0
DA:8,0
DA:9,0
DA:10,0
DA:11,0
DA:14,0
DA:15,0
DA:16,0
DA:17,0
DA:18,0
DA:21,0
DA:22,0
DA:23,0
DA:24,0
DA:25,0
DA:28,0
DA:30,0
DA:53,0
LF:19
LH:0
BRDA:6,0,0,0
BRDA:6,1,0,0
BRDA:6,2,0,0
BRDA:10,3,0,0
BRDA:10,3,1,0
BRDA:17,4,0,0
BRDA:17,4,1,0
BRDA:24,5,0,0
BRDA:24,5,1,0
BRDA:43,6,0,0
BRDA:43,6,1,0
BRF:11
BRH:0
end_of_record
TN:
SF:src/components/Snackbar.js
FN:5,(anonymous_0)
FN:9,(anonymous_1)
FN:13,(anonymous_2)
FN:16,(anonymous_3)
FN:22,(anonymous_4)
FN:24,(anonymous_5)
FN:28,(anonymous_6)
FN:30,(anonymous_7)
FNF:8
FNH:0
FNDA:0,(anonymous_0)
FNDA:0,(anonymous_1)
FNDA:0,(anonymous_2)
FNDA:0,(anonymous_3)
FNDA:0,(anonymous_4)
FNDA:0,(anonymous_5)
FNDA:0,(anonymous_6)
FNDA:0,(anonymous_7)
DA:5,0
DA:6,0
DA:7,0
DA:9,0
DA:10,0
DA:11,0
DA:12,0
DA:13,0
DA:14,0
DA:16,0
DA:18,0
DA:22,0
DA:23,0
DA:24,0
DA:25,0
DA:28,0
DA:29,0
DA:30,0
DA:31,0
DA:32,0
DA:33,0
DA:36,0
DA:37,0
DA:39,0
DA:41,0
DA:61,0
LF:26
LH:0
BRDA:5,0,0,0
BRDA:11,1,0,0
BRDA:11,1,1,0
BRDA:33,2,0,0
BRDA:33,2,1,0
BRDA:36,3,0,0
BRDA:36,3,1,0
BRDA:39,4,0,0
BRDA:39,4,1,0
BRDA:43,5,0,0
BRDA:43,5,1,0
BRDA:47,6,0,0
BRDA:47,6,1,0
BRF:13
BRH:0
end_of_record
TN:
SF:src/screens/Favorites.js
FN:9,Favorites
FN:16,(anonymous_1)
FN:25,(anonymous_2)
FN:40,(anonymous_3)
FN:51,(anonymous_4)
FN:55,(anonymous_5)
FN:61,(anonymous_6)
FN:69,(anonymous_7)
FN:78,(anonymous_8)
FN:83,(anonymous_9)
FN:88,(anonymous_10)
FN:101,(anonymous_11)
FN:107,(anonymous_12)
FN:119,(anonymous_13)
FNF:14
FNH:0
FNDA:0,Favorites
FNDA:0,(anonymous_1)
FNDA:0,(anonymous_2)
FNDA:0,(anonymous_3)
FNDA:0,(anonymous_4)
FNDA:0,(anonymous_5)
FNDA:0,(anonymous_6)
FNDA:0,(anonymous_7)
FNDA:0,(anonymous_8)
FNDA:0,(anonymous_9)
FNDA:0,(anonymous_10)
FNDA:0,(anonymous_11)
FNDA:0,(anonymous_12)
FNDA:0,(anonymous_13)
DA:10,0
DA:11,0
DA:12,0
DA:13,0
DA:14,0
DA:16,0
DA:17,0
DA:18,0
DA:19,0
DA:20,0
DA:22,0
DA:23,0
DA:24,0
DA:25,0
DA:26,0
DA:27,0
DA:28,0
DA:29,0
DA:30,0
DA:31,0
DA:33,0
DA:36,0
DA:39,0
DA:40,0
DA:41,0
DA:44,0
DA:47,0
DA:51,0
DA:52,0
DA:55,0
DA:56,0
DA:57,0
DA:58,0
DA:61,0
DA:62,0
DA:66,0
DA:69,0
DA:70,0
DA:71,0
DA:72,0
DA:74,0
DA:78,0
DA:79,0
DA:83,0
DA:88,0
DA:89,0
DA:90,0
DA:91,0
DA:101,0
DA:102,0
DA:107,0
DA:110,0
DA:112,0
DA:119,0
DA:145,0
LF:55
LH:0
BRDA:18,0,0,0
BRDA:18,0,1,0
BRDA:29,1,0,0
BRDA:29,1,1,0
BRDA:71,2,0,0
BRDA:71,2,1,0
BRDA:95,3,0,0
BRDA:95,3,1,0
BRDA:115,4,0,0
BRDA:115,4,1,0
BRDA:132,5,0,0
BRDA:132,5,1,0
BRF:12
BRH:0
end_of_record
TN:
SF:src/screens/Matches.js
FN:11,Matches
FN:21,(anonymous_1)
FN:30,(anonymous_2)
FN:70,(anonymous_3)
FN:75,(anonymous_4)
FN:80,(anonymous_5)
FN:81,(anonymous_6)
FN:88,(anonymous_7)
FN:94,(anonymous_8)
FN:102,(anonymous_9)
FN:110,(anonymous_10)
FN:114,(anonymous_11)
FN:118,(anonymous_12)
FN:119,(anonymous_13)
FN:124,(anonymous_14)
FN:131,(anonymous_15)
FN:139,(anonymous_16)
FN:145,(anonymous_17)
FN:159,(anonymous_18)
FN:168,(anonymous_19)
FN:169,(anonymous_20)
FN:174,(anonymous_21)
FN:176,(anonymous_22)
FN:191,(anonymous_23)
FN:192,(anonymous_24)
FN:194,(anonymous_25)
FN:199,(anonymous_26)
FN:212,(anonymous_27)
FN:223,(anonymous_28)
FN:256,(anonymous_29)
FN:257,(anonymous_30)
FNF:31
FNH:0
FNDA:0,Matches
FNDA:0,(anonymous_1)
FNDA:0,(anonymous_2)
FNDA:0,(anonymous_3)
FNDA:0,(anonymous_4)
FNDA:0,(anonymous_5)
FNDA:0,(anonymous_6)
FNDA:0,(anonymous_7)
FNDA:0,(anonymous_8)
FNDA:0,(anonymous_9)
FNDA:0,(anonymous_10)
FNDA:0,(anonymous_11)
FNDA:0,(anonymous_12)
FNDA:0,(anonymous_13)
FNDA:0,(anonymous_14)
FNDA:0,(anonymous_15)
FNDA:0,(anonymous_16)
FNDA:0,(anonymous_17)
FNDA:0,(anonymous_18)
FNDA:0,(anonymous_19)
FNDA:0,(anonymous_20)
FNDA:0,(anonymous_21)
FNDA:0,(anonymous_22)
FNDA:0,(anonymous_23)
FNDA:0,(anonymous_24)
FNDA:0,(anonymous_25)
FNDA:0,(anonymous_26)
FNDA:0,(anonymous_27)
FNDA:0,(anonymous_28)
FNDA:0,(anonymous_29)
FNDA:0,(anonymous_30)
DA:12,0
DA:13,0
DA:14,0
DA:15,0
DA:16,0
DA:17,0
DA:18,0
DA:19,0
DA:20,0
DA:21,0
DA:24,0
DA:30,0
DA:31,0
DA:32,0
DA:34,0
DA:35,0
DA:36,0
DA:37,0
DA:38,0
DA:39,0
DA:40,0
DA:41,0
DA:42,0
DA:43,0
DA:44,0
DA:46,0
DA:47,0
DA:48,0
DA:49,0
DA:50,0
DA:54,0
DA:55,0
DA:56,0
DA:57,0
DA:58,0
DA:63,0
DA:64,0
DA:65,0
DA:70,0
DA:71,0
DA:74,0
DA:76,0
DA:80,0
DA:81,0
DA:82,0
DA:83,0
DA:88,0
DA:89,0
DA:90,0
DA:91,0
DA:94,0
DA:95,0
DA:99,0
DA:102,0
DA:103,0
DA:104,0
DA:106,0
DA:110,0
DA:111,0
DA:114,0
DA:115,0
DA:118,0
DA:119,0
DA:120,0
DA:124,0
DA:125,0
DA:131,0
DA:132,0
DA:139,0
DA:145,0
DA:146,0
DA:147,0
DA:149,0
DA:159,0
DA:160,0
DA:161,0
DA:163,0
DA:168,0
DA:169,0
DA:174,0
DA:175,0
DA:176,0
DA:183,0
DA:184,0
DA:186,0
DA:187,0
DA:188,0
DA:190,0
DA:191,0
DA:192,0
DA:193,0
DA:195,0
DA:200,0
DA:201,0
DA:203,0
DA:205,0
DA:206,0
DA:212,0
DA:213,0
DA:216,0
DA:217,0
DA:223,0
DA:224,0
DA:228,0
DA:230,0
DA:232,0
DA:256,0
DA:258,0
DA:259,0
DA:261,0
DA:274,0
LF:111
LH:0
BRDA:30,0,0,0
BRDA:31,1,0,0
BRDA:31,1,1,0
BRDA:42,2,0,0
BRDA:42,2,1,0
BRDA:44,3,0,0
BRDA:44,3,1,0
BRDA:46,4,0,0
BRDA:46,4,1,0
BRDA:54,5,0,0
BRDA:54,5,1,0
BRDA:54,6,0,0
BRDA:54,6,1,0
BRDA:57,7,0,0
BRDA:57,7,1,0
BRDA:63,8,0,0
BRDA:63,8,1,0
BRDA:82,9,0,0
BRDA:82,9,1,0
BRDA:103,10,0,0
BRDA:103,10,1,0
BRDA:146,11,0,0
BRDA:146,11,1,0
BRDA:160,12,0,0
BRDA:160,12,1,0
BRDA:175,13,0,0
BRDA:175,13,1,0
BRDA:183,14,0,0
BRDA:183,14,1,0
BRDA:187,15,0,0
BRDA:187,15,1,0
BRDA:195,16,0,0
BRDA:195,16,1,0
BRDA:195,16,2,0
BRDA:200,17,0,0
BRDA:200,17,1,0
BRDA:205,18,0,0
BRDA:205,18,1,0
BRDA:216,19,0,0
BRDA:216,19,1,0
BRDA:238,20,0,0
BRDA:238,20,1,0
BRDA:247,21,0,0
BRDA:247,21,1,0
BRDA:247,22,0,0
BRDA:247,22,1,0
BRDA:251,23,0,0
BRDA:251,23,1,0
BRDA:258,24,0,0
BRDA:258,24,1,0
BRF:50
BRH:0
end_of_record
TN:
SF:src/screens/Pantry.js
FN:22,Pantry
FN:33,(anonymous_1)
FN:35,(anonymous_2)
FN:50,(anonymous_3)
FN:55,(anonymous_4)
FN:65,(anonymous_5)
FN:69,(anonymous_6)
FN:75,(anonymous_7)
FN:96,(anonymous_8)
FN:110,(anonymous_9)
FN:134,(anonymous_10)
FN:143,(anonymous_11)
FN:175,(anonymous_12)
FN:178,(anonymous_13)
FN:192,(anonymous_14)
FN:196,(anonymous_15)
FN:201,(anonymous_16)
FN:207,(anonymous_17)
FN:212,(anonymous_18)
FN:218,(anonymous_19)
FN:221,(anonymous_20)
FN:227,(anonymous_21)
FN:232,(anonymous_22)
FN:273,(anonymous_23)
FN:281,(anonymous_24)
FN:293,(anonymous_25)
FN:304,(anonymous_26)
FN:311,(anonymous_27)
FNF:28
FNH:0
FNDA:0,Pantry
FNDA:0,(anonymous_1)
FNDA:0,(anonymous_2)
FNDA:0,(anonymous_3)
FNDA:0,(anonymous_4)
FNDA:0,(anonymous_5)
FNDA:0,(anonymous_6)
FNDA:0,(anonymous_7)
FNDA:0,(anonymous_8)
FNDA:0,(anonymous_9)
FNDA:0,(anonymous_10)
FNDA:0,(anonymous_11)
FNDA:0,(anonymous_12)
FNDA:0,(anonymous_13)
FNDA:0,(anonymous_14)
FNDA:0,(anonymous_15)
FNDA:0,(anonymous_16)
FNDA:0,(anonymous_17)
FNDA:0,(anonymous_18)
FNDA:0,(anonymous_19)
FNDA:0,(anonymous_20)
FNDA:0,(anonymous_21)
FNDA:0,(anonymous_22)
FNDA:0,(anonymous_23)
FNDA:0,(anonymous_24)
FNDA:0,(anonymous_25)
FNDA:0,(anonymous_26)
FNDA:0,(anonymous_27)
DA:14,0
DA:23,0
DA:24,0
DA:25,0
DA:26,0
DA:27,0
DA:28,0
DA:29,0
DA:30,0
DA:32,0
DA:34,0
DA:35,0
DA:36,0
DA:39,0
DA:40,0
DA:43,0
DA:44,0
DA:50,0
DA:51,0
DA:52,0
DA:55,0
DA:56,0
DA:57,0
DA:58,0
DA:59,0
DA:60,0
DA:61,0
DA:65,0
DA:66,0
DA:69,0
DA:70,0
DA:71,0
DA:75,0
DA:76,0
DA:78,0
DA:80,0
DA:81,0
DA:86,0
DA:90,0
DA:97,0
DA:103,0
DA:104,0
DA:111,0
DA:117,0
DA:118,0
DA:129,0
DA:130,0
DA:134,0
DA:135,0
DA:136,0
DA:137,0
DA:140,0
DA:143,0
DA:145,0
DA:146,0
DA:151,0
DA:155,0
DA:156,0
DA:159,0
DA:161,0
DA:163,0
DA:164,0
DA:165,0
DA:166,0
DA:169,0
DA:171,0
DA:175,0
DA:177,0
DA:178,0
DA:179,0
DA:180,0
DA:181,0
DA:185,0
DA:186,0
DA:189,0
DA:192,0
DA:196,0
DA:197,0
DA:198,0
DA:201,0
DA:202,0
DA:207,0
DA:212,0
DA:213,0
DA:218,0
DA:221,0
DA:222,0
DA:227,0
DA:232,0
DA:233,0
DA:273,0
DA:274,0
DA:275,0
DA:281,0
DA:286,0
DA:287,0
DA:294,0
DA:300,0
DA:304,0
DA:311,0
DA:320,0
DA:338,0
LF:102
LH:0
BRDA:34,0,0,0
BRDA:34,0,1,0
BRDA:36,1,0,0
BRDA:36,1,1,0
BRDA:57,2,0,0
BRDA:57,2,1,0
BRDA:57,3,0,0
BRDA:57,3,1,0
BRDA:70,4,0,0
BRDA:70,4,1,0
BRDA:80,5,0,0
BRDA:80,5,1,0
BRDA:103,6,0,0
BRDA:103,6,1,0
BRDA:103,7,0,0
BRDA:103,7,1,0
BRDA:117,8,0,0
BRDA:117,8,1,0
BRDA:117,9,0,0
BRDA:117,9,1,0
BRDA:145,10,0,0
BRDA:145,10,1,0
BRDA:163,11,0,0
BRDA:163,11,1,0
BRDA:165,12,0,0
BRDA:165,12,1,0
BRDA:165,13,0,0
BRDA:165,13,1,0
BRDA:179,14,0,0
BRDA:179,14,1,0
BRDA:190,15,0,0
BRDA:190,15,1,0
BRDA:246,16,0,0
BRDA:246,16,1,0
BRDA:249,17,0,0
BRDA:249,17,1,0
BRDA:261,18,0,0
BRDA:261,18,1,0
BRDA:274,19,0,0
BRDA:274,19,1,0
BRDA:274,20,0,0
BRDA:274,20,1,0
BRDA:286,21,0,0
BRDA:286,21,1,0
BRDA:308,22,0,0
BRDA:308,22,1,0
BRF:46
BRH:0
end_of_record
TN:
SF:src/screens/RecipeDetail.js
FN:13,RecipeDetail
FN:22,(anonymous_1)
FN:49,(anonymous_2)
FN:53,(anonymous_3)
FN:65,(anonymous_4)
FN:77,(anonymous_5)
FN:81,(anonymous_6)
FN:84,(anonymous_7)
FN:89,(anonymous_8)
FN:122,(anonymous_9)
FN:137,(anonymous_10)
FN:213,(anonymous_11)
FN:218,(anonymous_12)
FN:228,(anonymous_13)
FNF:14
FNH:0
FNDA:0,RecipeDetail
FNDA:0,(anonymous_1)
FNDA:0,(anonymous_2)
FNDA:0,(anonymous_3)
FNDA:0,(anonymous_4)
FNDA:0,(anonymous_5)
FNDA:0,(anonymous_6)
FNDA:0,(anonymous_7)
FNDA:0,(anonymous_8)
FNDA:0,(anonymous_9)
FNDA:0,(anonymous_10)
FNDA:0,(anonymous_11)
FNDA:0,(anonymous_12)
FNDA:0,(anonymous_13)
DA:14,0
DA:15,0
DA:16,0
DA:17,0
DA:18,0
DA:19,0
DA:20,0
DA:22,0
DA:23,0
DA:24,0
DA:25,0
DA:26,0
DA:27,0
DA:28,0
DA:31,0
DA:32,0
DA:33,0
DA:34,0
DA:35,0
DA:36,0
DA:41,0
DA:42,0
DA:45,0
DA:49,0
DA:50,0
DA:53,0
DA:54,0
DA:55,0
DA:57,0
DA:58,0
DA:61,0
DA:65,0
DA:66,0
DA:67,0
DA:70,0
DA:72,0
DA:73,0
DA:74,0
DA:77,0
DA:81,0
DA:82,0
DA:84,0
DA:85,0
DA:86,0
DA:88,0
DA:89,0
DA:90,0
DA:93,0
DA:97,0
DA:98,0
DA:107,0
DA:108,0
DA:121,0
DA:122,0
DA:123,0
DA:137,0
DA:138,0
DA:146,0
DA:213,0
DA:218,0
DA:228,0
DA:233,0
LF:62
LH:0
BRDA:23,0,0,0
BRDA:23,0,1,0
BRDA:26,1,0,0
BRDA:26,1,1,0
BRDA:26,2,0,0
BRDA:26,2,1,0
BRDA:32,3,0,0
BRDA:32,3,1,0
BRDA:54,4,0,0
BRDA:54,4,1,0
BRDA:57,5,0,0
BRDA:57,5,1,0
BRDA:66,6,0,0
BRDA:66,6,1,0
BRDA:66,7,0,0
BRDA:66,7,1,0
BRDA:66,7,2,0
BRDA:85,8,0,0
BRDA:85,8,1,0
BRDA:97,9,0,0
BRDA:97,9,1,0
BRDA:107,10,0,0
BRDA:107,10,1,0
BRDA:126,11,0,0
BRDA:126,11,1,0
BRDA:126,12,0,0
BRDA:126,12,1,0
BRDA:130,13,0,0
BRDA:130,13,1,0
BRDA:157,14,0,0
BRDA:157,14,1,0
BRDA:159,15,0,0
BRDA:159,15,1,0
BRDA:173,16,0,0
BRDA:173,16,1,0
BRDA:176,17,0,0
BRDA:176,17,1,0
BRDA:183,18,0,0
BRDA:183,18,1,0
BRDA:186,19,0,0
BRDA:186,19,1,0
BRDA:198,20,0,0
BRDA:198,20,1,0
BRDA:200,21,0,0
BRDA:200,21,1,0
BRDA:202,22,0,0
BRDA:202,22,1,0
BRDA:206,23,0,0
BRDA:206,23,1,0
BRDA:215,24,0,0
BRDA:215,24,1,0
BRDA:215,24,2,0
BRF:52
BRH:0
end_of_record
TN:
SF:src/screens/ShoppingList.js
FN:8,ShoppingList
FN:14,(anonymous_1)
FN:15,(anonymous_2)
FN:21,(anonymous_3)
FN:25,(anonymous_4)
FN:31,(anonymous_5)
FN:42,(anonymous_6)
FN:48,(anonymous_7)
FN:49,(anonymous_8)
FN:61,(anonymous_9)
FN:70,(anonymous_10)
FN:79,(anonymous_11)
FN:85,(anonymous_12)
FN:128,(anonymous_13)
FN:146,(anonymous_14)
FN:151,(anonymous_15)
FN:156,(anonymous_16)
FN:175,(anonymous_17)
FN:177,(anonymous_18)
FN:216,(anonymous_19)
FNF:20
FNH:0
FNDA:0,ShoppingList
FNDA:0,(anonymous_1)
FNDA:0,(anonymous_2)
FNDA:0,(anonymous_3)
FNDA:0,(anonymous_4)
FNDA:0,(anonymous_5)
FNDA:0,(anonymous_6)
FNDA:0,(anonymous_7)
FNDA:0,(anonymous_8)
FNDA:0,(anonymous_9)
FNDA:0,(anonymous_10)
FNDA:0,(anonymous_11)
FNDA:0,(anonymous_12)
FNDA:0,(anonymous_13)
FNDA:0,(anonymous_14)
FNDA:0,(anonymous_15)
FNDA:0,(anonymous_16)
FNDA:0,(anonymous_17)
FNDA:0,(anonymous_18)
FNDA:0,(anonymous_19)
DA:9,0
DA:10,0
DA:11,0
DA:12,0
DA:14,0
DA:15,0
DA:16,0
DA:17,0
DA:21,0
DA:22,0
DA:25,0
DA:26,0
DA:27,0
DA:28,0
DA:31,0
DA:32,0
DA:37,0
DA:38,0
DA:39,0
DA:42,0
DA:43,0
DA:44,0
DA:45,0
DA:48,0
DA:49,0
DA:50,0
DA:51,0
DA:52,0
DA:54,0
DA:62,0
DA:63,0
DA:70,0
DA:71,0
DA:79,0
DA:85,0
DA:86,0
DA:88,0
DA:89,0
DA:128,0
DA:137,0
DA:138,0
DA:140,0
DA:146,0
DA:151,0
DA:156,0
DA:175,0
DA:176,0
DA:177,0
DA:178,0
DA:180,0
DA:209,0
DA:216,0
DA:233,0
LF:53
LH:0
BRDA:16,0,0,0
BRDA:16,0,1,0
BRDA:27,1,0,0
BRDA:27,1,1,0
BRDA:28,2,0,0
BRDA:28,2,1,0
BRDA:50,3,0,0
BRDA:50,3,1,0
BRDA:88,4,0,0
BRDA:88,4,1,0
BRDA:137,5,0,0
BRDA:137,5,1,0
BRDA:137,6,0,0
BRDA:137,6,1,0
BRDA:137,7,0,0
BRDA:137,7,1,0
BRDA:163,8,0,0
BRDA:163,8,1,0
BRDA:166,9,0,0
BRDA:166,9,1,0
BRDA:169,10,0,0
BRDA:169,10,1,0
BRDA:184,11,0,0
BRDA:184,11,1,0
BRDA:186,12,0,0
BRDA:186,12,1,0
BRDA:188,13,0,0
BRDA:188,13,1,0
BRDA:212,14,0,0
BRDA:212,14,1,0
BRF:30
BRH:0
end_of_record
TN:
SF:src/services/imageScanning.js
FN:27,(anonymous_0)
FN:166,(anonymous_1)
FN:168,(anonymous_2)
FN:169,(anonymous_3)
FN:179,(anonymous_4)
FN:529,(anonymous_5)
FN:546,(anonymous_6)
FN:570,(anonymous_7)
FN:577,(anonymous_8)
FN:598,(anonymous_9)
FN:632,(anonymous_10)
FN:665,(anonymous_11)
FN:780,(anonymous_12)
FN:795,(anonymous_13)
FN:808,(anonymous_14)
FN:859,(anonymous_15)
FN:869,(anonymous_16)
FN:880,(anonymous_17)
FN:899,(anonymous_18)
FN:926,(anonymous_19)
FN:946,(anonymous_20)
FN:1073,(anonymous_21)
FN:1077,(anonymous_22)
FN:1099,(anonymous_23)
FN:1116,(anonymous_24)
FN:1125,(anonymous_25)
FN:1192,(anonymous_26)
FN:1203,(anonymous_27)
FN:1208,(anonymous_28)
FN:1256,(anonymous_29)
FN:1259,(anonymous_30)
FN:1267,(anonymous_31)
FN:1287,(anonymous_32)
FN:1343,(anonymous_33)
FN:1363,(anonymous_34)
FN:1366,(anonymous_35)
FNF:36
FNH:0
FNDA:0,(anonymous_0)
FNDA:0,(anonymous_1)
FNDA:0,(anonymous_2)
FNDA:0,(anonymous_3)
FNDA:0,(anonymous_4)
FNDA:0,(anonymous_5)
FNDA:0,(anonymous_6)
FNDA:0,(anonymous_7)
FNDA:0,(anonymous_8)
FNDA:0,(anonymous_9)
FNDA:0,(anonymous_10)
FNDA:0,(anonymous_11)
FNDA:0,(anonymous_12)
FNDA:0,(anonymous_13)
FNDA:0,(anonymous_14)
FNDA:0,(anonymous_15)
FNDA:0,(anonymous_16)
FNDA:0,(anonymous_17)
FNDA:0,(anonymous_18)
FNDA:0,(anonymous_19)
FNDA:0,(anonymous_20)
FNDA:0,(anonymous_21)
FNDA:0,(anonymous_22)
FNDA:0,(anonymous_23)
FNDA:0,(anonymous_24)
FNDA:0,(anonymous_25)
FNDA:0,(anonymous_26)
FNDA:0,(anonymous_27)
FNDA:0,(anonymous_28)
FNDA:0,(anonymous_29)
FNDA:0,(anonymous_30)
FNDA:0,(anonymous_31)
FNDA:0,(anonymous_32)
FNDA:0,(anonymous_33)
FNDA:0,(anonymous_34)
FNDA:0,(anonymous_35)
DA:12,0
DA:13,0
DA:14,0
DA:15,0
DA:16,0
DA:17,0
DA:20,0
DA:23,0
DA:27,0
DA:28,0
DA:39,0
DA:47,0
DA:115,0
DA:160,0
DA:165,0
DA:166,0
DA:167,0
DA:168,0
DA:169,0
DA:171,0
DA:175,0
DA:179,0
DA:180,0
DA:181,0
DA:182,0
DA:183,0
DA:185,0
DA:186,0
DA:188,0
DA:193,0
DA:478,0
DA:529,0
DA:530,0
DA:531,0
DA:532,0
DA:533,0
DA:535,0
DA:537,0
DA:538,0
DA:539,0
DA:540,0
DA:542,0
DA:546,0
DA:547,0
DA:548,0
DA:549,0
DA:550,0
DA:551,0
DA:557,0
DA:562,0
DA:564,0
DA:565,0
DA:570,0
DA:571,0
DA:572,0
DA:573,0
DA:577,0
DA:578,0
DA:579,0
DA:580,0
DA:581,0
DA:582,0
DA:583,0
DA:585,0
DA:590,0
DA:592,0
DA:593,0
DA:598,0
DA:599,0
DA:602,0
DA:612,0
DA:615,0
DA:616,0
DA:618,0
DA:619,0
DA:621,0
DA:622,0
DA:624,0
DA:625,0
DA:628,0
DA:632,0
DA:633,0
DA:636,0
DA:642,0
DA:643,0
DA:645,0
DA:646,0
DA:648,0
DA:654,0
DA:655,0
DA:656,0
DA:657,0
DA:661,0
DA:665,0
DA:666,0
DA:668,0
DA:669,0
DA:671,0
DA:674,0
DA:675,0
DA:676,0
DA:681,0
DA:684,0
DA:687,0
DA:690,0
DA:693,0
DA:694,0
DA:695,0
DA:699,0
DA:700,0
DA:701,0
DA:702,0
DA:707,0
DA:708,0
DA:709,0
DA:710,0
DA:715,0
DA:716,0
DA:717,0
DA:718,0
DA:721,0
DA:722,0
DA:723,0
DA:724,0
DA:729,0
DA:730,0
DA:731,0
DA:735,0
DA:736,0
DA:737,0
DA:741,0
DA:744,0
DA:745,0
DA:746,0
DA:749,0
DA:750,0
DA:751,0
DA:755,0
DA:756,0
DA:757,0
DA:761,0
DA:762,0
DA:763,0
DA:769,0
DA:770,0
DA:771,0
DA:775,0
DA:776,0
DA:780,0
DA:781,0
DA:782,0
DA:787,0
DA:789,0
DA:790,0
DA:795,0
DA:796,0
DA:797,0
DA:800,0
DA:802,0
DA:803,0
DA:808,0
DA:809,0
DA:810,0
DA:812,0
DA:813,0
DA:814,0
DA:815,0
DA:817,0
DA:819,0
DA:820,0
DA:821,0
DA:822,0
DA:825,0
DA:826,0
DA:828,0
DA:837,0
DA:838,0
DA:840,0
DA:841,0
DA:842,0
DA:843,0
DA:846,0
DA:847,0
DA:849,0
DA:851,0
DA:852,0
DA:859,0
DA:860,0
DA:861,0
DA:862,0
DA:865,0
DA:867,0
DA:868,0
DA:869,0
DA:870,0
DA:871,0
DA:875,0
DA:878,0
DA:879,0
DA:880,0
DA:881,0
DA:883,0
DA:884,0
DA:887,0
DA:890,0
DA:892,0
DA:895,0
DA:897,0
DA:898,0
DA:899,0
DA:900,0
DA:901,0
DA:902,0
DA:904,0
DA:905,0
DA:907,0
DA:908,0
DA:916,0
DA:917,0
DA:924,0
DA:925,0
DA:926,0
DA:927,0
DA:931,0
DA:936,0
DA:938,0
DA:942,0
DA:944,0
DA:945,0
DA:946,0
DA:947,0
DA:949,0
DA:951,0
DA:952,0
DA:958,0
DA:964,0
DA:965,0
DA:968,0
DA:972,0
DA:974,0
DA:980,0
DA:982,0
DA:984,0
DA:985,0
DA:987,0
DA:988,0
DA:989,0
DA:990,0
DA:991,0
DA:993,0
DA:994,0
DA:999,0
DA:1000,0
DA:1002,0
DA:1009,0
DA:1012,0
DA:1013,0
DA:1014,0
DA:1017,0
DA:1018,0
DA:1019,0
DA:1020,0
DA:1023,0
DA:1026,0
DA:1027,0
DA:1028,0
DA:1029,0
DA:1030,0
DA:1031,0
DA:1036,0
DA:1037,0
DA:1039,0
DA:1041,0
DA:1042,0
DA:1043,0
DA:1045,0
DA:1046,0
DA:1060,0
DA:1061,0
DA:1062,0
DA:1067,0
DA:1069,0
DA:1072,0
DA:1073,0
DA:1076,0
DA:1077,0
DA:1079,0
DA:1080,0
DA:1081,0
DA:1082,0
DA:1083,0
DA:1086,0
DA:1089,0
DA:1090,0
DA:1091,0
DA:1092,0
DA:1093,0
DA:1095,0
DA:1099,0
DA:1100,0
DA:1102,0
DA:1104,0
DA:1105,0
DA:1108,0
DA:1111,0
DA:1112,0
DA:1115,0
DA:1116,0
DA:1117,0
DA:1118,0
DA:1119,0
DA:1120,0
DA:1125,0
DA:1126,0
DA:1127,0
DA:1128,0
DA:1129,0
DA:1130,0
DA:1132,0
DA:1133,0
DA:1134,0
DA:1135,0
DA:1138,0
DA:1142,0
DA:1143,0
DA:1144,0
DA:1145,0
DA:1147,0
DA:1148,0
DA:1149,0
DA:1153,0
DA:1154,0
DA:1155,0
DA:1158,0
DA:1161,0
DA:1162,0
DA:1163,0
DA:1164,0
DA:1170,0
DA:1174,0
DA:1175,0
DA:1176,0
DA:1177,0
DA:1178,0
DA:1184,0
DA:1185,0
DA:1186,0
DA:1187,0
DA:1192,0
DA:1193,0
DA:1194,0
DA:1195,0
DA:1196,0
DA:1197,0
DA:1198,0
DA:1199,0
DA:1200,0
DA:1203,0
DA:1207,0
DA:1208,0
DA:1210,0
DA:1211,0
DA:1212,0
DA:1214,0
DA:1216,0
DA:1217,0
DA:1218,0
DA:1219,0
DA:1220,0
DA:1222,0
DA:1223,0
DA:1224,0
DA:1226,0
DA:1227,0
DA:1228,0
DA:1230,0
DA:1231,0
DA:1232,0
DA:1234,0
DA:1235,0
DA:1236,0
DA:1240,0
DA:1241,0
DA:1242,0
DA:1243,0
DA:1244,0
DA:1245,0
DA:1247,0
DA:1250,0
DA:1251,0
DA:1252,0
DA:1255,0
DA:1256,0
DA:1259,0
DA:1260,0
DA:1261,0
DA:1262,0
DA:1263,0
DA:1264,0
DA:1265,0
DA:1267,0
DA:1268,0
DA:1269,0
DA:1270,0
DA:1273,0
DA:1275,0
DA:1277,0
DA:1280,0
DA:1283,0
DA:1284,0
DA:1287,0
DA:1288,0
DA:1289,0
DA:1303,0
DA:1304,0
DA:1307,0
DA:1314,0
DA:1315,0
DA:1316,0
DA:1317,0
DA:1318,0
DA:1320,0
DA:1321,0
DA:1324,0
DA:1326,0
DA:1329,0
DA:1330,0
DA:1343,0
DA:1344,0
DA:1345,0
DA:1348,0
DA:1350,0
DA:1351,0
DA:1354,0
DA:1357,0
DA:1358,0
DA:1361,0
DA:1363,0
DA:1366,0
DA:1371,0
DA:1373,0
DA:1375,0
DA:1378,0
DA:1379,0
LF:444
LH:0
BRDA:20,0,0,0
BRDA:20,0,1,0
BRDA:21,1,0,0
BRDA:21,1,1,0
BRDA:21,1,2,0
BRDA:23,2,0,0
BRDA:23,2,1,0
BRDA:24,3,0,0
BRDA:24,3,1,0
BRDA:24,3,2,0
BRDA:29,4,0,0
BRDA:29,4,1,0
BRDA:29,4,2,0
BRDA:32,5,0,0
BRDA:32,5,1,0
BRDA:32,5,2,0
BRDA:180,6,0,0
BRDA:180,6,1,0
BRDA:182,7,0,0
BRDA:182,7,1,0
BRDA:183,8,0,0
BRDA:183,8,1,0
BRDA:186,9,0,0
BRDA:186,9,1,0
BRDA:535,10,0,0
BRDA:535,10,1,0
BRDA:535,11,0,0
BRDA:535,11,1,0
BRDA:549,12,0,0
BRDA:549,12,1,0
BRDA:549,13,0,0
BRDA:549,13,1,0
BRDA:551,14,0,0
BRDA:551,14,1,0
BRDA:552,15,0,0
BRDA:552,15,1,0
BRDA:577,16,0,0
BRDA:580,17,0,0
BRDA:580,17,1,0
BRDA:581,18,0,0
BRDA:581,18,1,0
BRDA:582,19,0,0
BRDA:582,19,1,0
BRDA:582,20,0,0
BRDA:582,20,1,0
BRDA:583,21,0,0
BRDA:583,21,1,0
BRDA:583,22,0,0
BRDA:583,22,1,0
BRDA:599,23,0,0
BRDA:599,23,1,0
BRDA:599,24,0,0
BRDA:599,24,1,0
BRDA:612,25,0,0
BRDA:612,25,1,0
BRDA:615,26,0,0
BRDA:615,26,1,0
BRDA:615,27,0,0
BRDA:615,27,1,0
BRDA:618,28,0,0
BRDA:618,28,1,0
BRDA:621,29,0,0
BRDA:621,29,1,0
BRDA:621,30,0,0
BRDA:621,30,1,0
BRDA:621,30,2,0
BRDA:621,30,3,0
BRDA:624,31,0,0
BRDA:624,31,1,0
BRDA:624,32,0,0
BRDA:624,32,1,0
BRDA:633,33,0,0
BRDA:633,33,1,0
BRDA:633,34,0,0
BRDA:633,34,1,0
BRDA:643,35,0,0
BRDA:643,35,1,0
BRDA:645,36,0,0
BRDA:645,36,1,0
BRDA:645,37,0,0
BRDA:645,37,1,0
BRDA:654,38,0,0
BRDA:654,38,1,0
BRDA:654,39,0,0
BRDA:654,39,1,0
BRDA:656,40,0,0
BRDA:656,40,1,0
BRDA:666,41,0,0
BRDA:666,41,1,0
BRDA:666,42,0,0
BRDA:666,42,1,0
BRDA:674,43,0,0
BRDA:674,43,1,0
BRDA:693,44,0,0
BRDA:693,44,1,0
BRDA:699,45,0,0
BRDA:699,45,1,0
BRDA:708,46,0,0
BRDA:708,46,1,0
BRDA:708,47,0,0
BRDA:708,47,1,0
BRDA:716,48,0,0
BRDA:716,48,1,0
BRDA:721,49,0,0
BRDA:721,49,1,0
BRDA:729,50,0,0
BRDA:729,50,1,0
BRDA:735,51,0,0
BRDA:735,51,1,0
BRDA:744,52,0,0
BRDA:744,52,1,0
BRDA:749,53,0,0
BRDA:749,53,1,0
BRDA:755,54,0,0
BRDA:755,54,1,0
BRDA:761,55,0,0
BRDA:761,55,1,0
BRDA:769,56,0,0
BRDA:769,56,1,0
BRDA:769,57,0,0
BRDA:769,57,1,0
BRDA:769,57,2,0
BRDA:808,58,0,0
BRDA:808,59,0,0
BRDA:809,60,0,0
BRDA:809,60,1,0
BRDA:840,61,0,0
BRDA:840,61,1,0
BRDA:867,62,0,0
BRDA:867,62,1,0
BRDA:870,63,0,0
BRDA:870,63,1,0
BRDA:878,64,0,0
BRDA:878,64,1,0
BRDA:883,65,0,0
BRDA:883,65,1,0
BRDA:898,66,0,0
BRDA:898,66,1,0
BRDA:900,67,0,0
BRDA:900,67,1,0
BRDA:902,68,0,0
BRDA:902,68,1,0
BRDA:904,69,0,0
BRDA:904,69,1,0
BRDA:907,70,0,0
BRDA:907,70,1,0
BRDA:916,71,0,0
BRDA:916,71,1,0
BRDA:945,72,0,0
BRDA:945,72,1,0
BRDA:947,73,0,0
BRDA:947,73,1,0
BRDA:951,74,0,0
BRDA:951,74,1,0
BRDA:951,75,0,0
BRDA:951,75,1,0
BRDA:964,76,0,0
BRDA:964,76,1,0
BRDA:982,77,0,0
BRDA:982,77,1,0
BRDA:985,78,0,0
BRDA:985,78,1,0
BRDA:993,79,0,0
BRDA:993,79,1,0
BRDA:999,80,0,0
BRDA:999,80,1,0
BRDA:999,81,0,0
BRDA:999,81,1,0
BRDA:1012,82,0,0
BRDA:1012,82,1,0
BRDA:1023,83,0,0
BRDA:1023,83,1,0
BRDA:1023,84,0,0
BRDA:1023,84,1,0
BRDA:1026,85,0,0
BRDA:1026,85,1,0
BRDA:1029,86,0,0
BRDA:1029,86,1,0
BRDA:1036,87,0,0
BRDA:1036,87,1,0
BRDA:1037,88,0,0
BRDA:1037,88,1,0
BRDA:1039,89,0,0
BRDA:1039,89,1,0
BRDA:1039,90,0,0
BRDA:1039,90,1,0
BRDA:1039,90,2,0
BRDA:1045,91,0,0
BRDA:1045,91,1,0
BRDA:1050,92,0,0
BRDA:1050,92,1,0
BRDA:1082,93,0,0
BRDA:1082,93,1,0
BRDA:1104,94,0,0
BRDA:1104,94,1,0
BRDA:1117,95,0,0
BRDA:1117,95,1,0
BRDA:1119,96,0,0
BRDA:1119,96,1,0
BRDA:1119,97,0,0
BRDA:1119,97,1,0
BRDA:1119,97,2,0
BRDA:1119,97,3,0
BRDA:1126,98,0,0
BRDA:1126,98,1,0
BRDA:1130,99,0,0
BRDA:1130,99,1,0
BRDA:1132,100,0,0
BRDA:1132,100,1,0
BRDA:1133,101,0,0
BRDA:1133,101,1,0
BRDA:1142,102,0,0
BRDA:1142,102,1,0
BRDA:1147,103,0,0
BRDA:1147,103,1,0
BRDA:1147,104,0,0
BRDA:1147,104,1,0
BRDA:1148,105,0,0
BRDA:1148,105,1,0
BRDA:1148,106,0,0
BRDA:1148,106,1,0
BRDA:1154,107,0,0
BRDA:1154,107,1,0
BRDA:1161,108,0,0
BRDA:1161,108,1,0
BRDA:1164,109,0,0
BRDA:1164,109,1,0
BRDA:1174,110,0,0
BRDA:1174,110,1,0
BRDA:1176,111,0,0
BRDA:1176,111,1,0
BRDA:1178,112,0,0
BRDA:1178,112,1,0
BRDA:1184,113,0,0
BRDA:1184,113,1,0
BRDA:1184,114,0,0
BRDA:1184,114,1,0
BRDA:1187,115,0,0
BRDA:1187,115,1,0
BRDA:1193,116,0,0
BRDA:1193,116,1,0
BRDA:1196,117,0,0
BRDA:1196,117,1,0
BRDA:1197,118,0,0
BRDA:1197,118,1,0
BRDA:1200,119,0,0
BRDA:1200,119,1,0
BRDA:1208,120,0,0
BRDA:1208,120,1,0
BRDA:1218,121,0,0
BRDA:1218,121,1,0
BRDA:1219,122,0,0
BRDA:1219,122,1,0
BRDA:1219,123,0,0
BRDA:1219,123,1,0
BRDA:1222,124,0,0
BRDA:1222,124,1,0
BRDA:1223,125,0,0
BRDA:1223,125,1,0
BRDA:1223,126,0,0
BRDA:1223,126,1,0
BRDA:1226,127,0,0
BRDA:1226,127,1,0
BRDA:1227,128,0,0
BRDA:1227,128,1,0
BRDA:1227,129,0,0
BRDA:1227,129,1,0
BRDA:1230,130,0,0
BRDA:1230,130,1,0
BRDA:1231,131,0,0
BRDA:1231,131,1,0
BRDA:1231,132,0,0
BRDA:1231,132,1,0
BRDA:1234,133,0,0
BRDA:1234,133,1,0
BRDA:1235,134,0,0
BRDA:1235,134,1,0
BRDA:1235,135,0,0
BRDA:1235,135,1,0
BRDA:1241,136,0,0
BRDA:1241,136,1,0
BRDA:1242,137,0,0
BRDA:1242,137,1,0
BRDA:1243,138,0,0
BRDA:1243,138,1,0
BRDA:1244,139,0,0
BRDA:1244,139,1,0
BRDA:1245,140,0,0
BRDA:1245,140,1,0
BRDA:1260,141,0,0
BRDA:1260,141,1,0
BRDA:1260,142,0,0
BRDA:1260,142,1,0
BRDA:1263,143,0,0
BRDA:1263,143,1,0
BRDA:1267,144,0,0
BRDA:1267,144,1,0
BRDA:1273,145,0,0
BRDA:1273,145,1,0
BRDA:1277,146,0,0
BRDA:1277,146,1,0
BRDA:1288,147,0,0
BRDA:1288,147,1,0
BRDA:1288,148,0,0
BRDA:1288,148,1,0
BRDA:1304,149,0,0
BRDA:1304,149,1,0
BRDA:1315,150,0,0
BRDA:1315,150,1,0
BRDA:1315,151,0,0
BRDA:1315,151,1,0
BRDA:1317,152,0,0
BRDA:1317,152,1,0
BRDA:1321,153,0,0
BRDA:1321,153,1,0
BRDA:1350,154,0,0
BRDA:1350,154,1,0
BRDA:1362,155,0,0
BRDA:1362,155,1,0
BRDA:1363,156,0,0
BRDA:1363,156,1,0
BRDA:1364,157,0,0
BRDA:1364,157,1,0
BRDA:1365,158,0,0
BRDA:1365,158,1,0
BRDA:1367,159,0,0
BRDA:1367,159,1,0
BRF:327
BRH:0
end_of_record
TN:
SF:src/services/recipes.js
FN:115,(anonymous_0)
FN:127,(anonymous_1)
FN:143,(anonymous_2)
FN:152,(anonymous_3)
FN:155,(anonymous_4)
FN:158,(anonymous_5)
FN:168,(anonymous_6)
FN:172,(anonymous_7)
FN:180,(anonymous_8)
FN:206,(anonymous_9)
FN:210,(anonymous_10)
FN:223,(anonymous_11)
FN:235,(anonymous_12)
FN:243,(anonymous_13)
FN:255,(anonymous_14)
FN:264,(anonymous_15)
FN:270,(anonymous_16)
FN:274,(anonymous_17)
FN:277,(anonymous_18)
FN:278,(anonymous_19)
FN:280,(anonymous_20)
FN:302,(anonymous_21)
FN:315,(anonymous_22)
FN:316,(anonymous_23)
FN:318,(anonymous_24)
FN:333,(anonymous_25)
FN:336,(anonymous_26)
FN:351,(anonymous_27)
FN:379,(anonymous_28)
FN:382,(anonymous_29)
FN:391,(anonymous_30)
FN:395,(anonymous_31)
FN:400,(anonymous_32)
FN:406,(anonymous_33)
FN:410,(anonymous_34)
FN:411,(anonymous_35)
FN:420,(anonymous_36)
FN:425,(anonymous_37)
FN:426,(anonymous_38)
FN:437,(anonymous_39)
FN:441,(anonymous_40)
FN:448,(anonymous_41)
FNF:42
FNH:0
FNDA:0,(anonymous_0)
FNDA:0,(anonymous_1)
FNDA:0,(anonymous_2)
FNDA:0,(anonymous_3)
FNDA:0,(anonymous_4)
FNDA:0,(anonymous_5)
FNDA:0,(anonymous_6)
FNDA:0,(anonymous_7)
FNDA:0,(anonymous_8)
FNDA:0,(anonymous_9)
FNDA:0,(anonymous_10)
FNDA:0,(anonymous_11)
FNDA:0,(anonymous_12)
FNDA:0,(anonymous_13)
FNDA:0,(anonymous_14)
FNDA:0,(anonymous_15)
FNDA:0,(anonymous_16)
FNDA:0,(anonymous_17)
FNDA:0,(anonymous_18)
FNDA:0,(anonymous_19)
FNDA:0,(anonymous_20)
FNDA:0,(anonymous_21)
FNDA:0,(anonymous_22)
FNDA:0,(anonymous_23)
FNDA:0,(anonymous_24)
FNDA:0,(anonymous_25)
FNDA:0,(anonymous_26)
FNDA:0,(anonymous_27)
FNDA:0,(anonymous_28)
FNDA:0,(anonymous_29)
FNDA:0,(anonymous_30)
FNDA:0,(anonymous_31)
FNDA:0,(anonymous_32)
FNDA:0,(anonymous_33)
FNDA:0,(anonymous_34)
FNDA:0,(anonymous_35)
FNDA:0,(anonymous_36)
FNDA:0,(anonymous_37)
FNDA:0,(anonymous_38)
FNDA:0,(anonymous_39)
FNDA:0,(anonymous_40)
FNDA:0,(anonymous_41)
DA:3,0
DA:115,0
DA:116,0
DA:117,0
DA:119,0
DA:127,0
DA:128,0
DA:129,0
DA:130,0
DA:132,0
DA:143,0
DA:144,0
DA:147,0
DA:152,0
DA:153,0
DA:154,0
DA:155,0
DA:158,0
DA:159,0
DA:160,0
DA:168,0
DA:169,0
DA:170,0
DA:171,0
DA:172,0
DA:173,0
DA:174,0
DA:175,0
DA:176,0
DA:177,0
DA:179,0
DA:181,0
DA:183,0
DA:184,0
DA:185,0
DA:187,0
DA:190,0
DA:191,0
DA:194,0
DA:195,0
DA:206,0
DA:207,0
DA:208,0
DA:210,0
DA:211,0
DA:212,0
DA:214,0
DA:215,0
DA:217,0
DA:218,0
DA:220,0
DA:221,0
DA:222,0
DA:223,0
DA:224,0
DA:226,0
DA:227,0
DA:230,0
DA:234,0
DA:235,0
DA:236,0
DA:237,0
DA:238,0
DA:239,0
DA:241,0
DA:242,0
DA:243,0
DA:244,0
DA:245,0
DA:248,0
DA:249,0
DA:250,0
DA:252,0
DA:255,0
DA:256,0
DA:264,0
DA:270,0
DA:274,0
DA:275,0
DA:276,0
DA:277,0
DA:278,0
DA:279,0
DA:280,0
DA:281,0
DA:282,0
DA:287,0
DA:288,0
DA:293,0
DA:294,0
DA:295,0
DA:301,0
DA:302,0
DA:303,0
DA:307,0
DA:308,0
DA:309,0
DA:315,0
DA:316,0
DA:317,0
DA:318,0
DA:319,0
DA:320,0
DA:325,0
DA:326,0
DA:333,0
DA:334,0
DA:335,0
DA:336,0
DA:337,0
DA:338,0
DA:343,0
DA:344,0
DA:350,0
DA:351,0
DA:352,0
DA:353,0
DA:354,0
DA:359,0
DA:363,0
DA:364,0
DA:365,0
DA:371,0
DA:372,0
DA:379,0
DA:380,0
DA:381,0
DA:382,0
DA:384,0
DA:385,0
DA:388,0
DA:391,0
DA:395,0
DA:396,0
DA:397,0
DA:399,0
DA:400,0
DA:406,0
DA:407,0
DA:408,0
DA:410,0
DA:411,0
DA:412,0
DA:413,0
DA:420,0
DA:421,0
DA:422,0
DA:425,0
DA:426,0
DA:437,0
DA:438,0
DA:439,0
DA:441,0
DA:447,0
DA:448,0
DA:450,0
LF:156
LH:0
BRDA:116,0,0,0
BRDA:116,0,1,0
BRDA:116,1,0,0
BRDA:116,1,1,0
BRDA:129,2,0,0
BRDA:129,2,1,0
BRDA:154,3,0,0
BRDA:154,3,1,0
BRDA:159,4,0,0
BRDA:159,4,1,0
BRDA:159,5,0,0
BRDA:159,5,1,0
BRDA:174,6,0,0
BRDA:174,6,1,0
BRDA:179,7,0,0
BRDA:179,7,1,0
BRDA:181,8,0,0
BRDA:181,8,1,0
BRDA:183,9,0,0
BRDA:183,9,1,0
BRDA:191,10,0,0
BRDA:191,10,1,0
BRDA:207,11,0,0
BRDA:207,11,1,0
BRDA:207,12,0,0
BRDA:207,12,1,0
BRDA:211,13,0,0
BRDA:211,13,1,0
BRDA:211,14,0,0
BRDA:211,14,1,0
BRDA:214,15,0,0
BRDA:214,15,1,0
BRDA:214,16,0,0
BRDA:214,16,1,0
BRDA:217,17,0,0
BRDA:217,17,1,0
BRDA:217,18,0,0
BRDA:217,18,1,0
BRDA:220,19,0,0
BRDA:220,19,1,0
BRDA:226,20,0,0
BRDA:226,20,1,0
BRDA:226,21,0,0
BRDA:226,21,1,0
BRDA:235,22,0,0
BRDA:238,23,0,0
BRDA:238,23,1,0
BRDA:244,24,0,0
BRDA:244,24,1,0
BRDA:244,25,0,0
BRDA:244,25,1,0
BRDA:249,26,0,0
BRDA:249,26,1,0
BRDA:260,27,0,0
BRDA:260,27,1,0
BRDA:261,28,0,0
BRDA:261,28,1,0
BRDA:262,29,0,0
BRDA:262,29,1,0
BRDA:263,30,0,0
BRDA:263,30,1,0
BRDA:263,31,0,0
BRDA:263,31,1,0
BRDA:264,32,0,0
BRDA:264,32,1,0
BRDA:266,33,0,0
BRDA:266,33,1,0
BRDA:267,34,0,0
BRDA:267,34,1,0
BRDA:270,35,0,0
BRDA:270,35,1,0
BRDA:274,36,0,0
BRDA:274,37,0,0
BRDA:276,38,0,0
BRDA:276,38,1,0
BRDA:282,39,0,0
BRDA:282,39,1,0
BRDA:297,40,0,0
BRDA:297,40,1,0
BRDA:320,41,0,0
BRDA:320,41,1,0
BRDA:333,42,0,0
BRDA:333,43,0,0
BRDA:335,44,0,0
BRDA:335,44,1,0
BRDA:345,45,0,0
BRDA:345,45,1,0
BRDA:352,46,0,0
BRDA:352,46,1,0
BRDA:381,47,0,0
BRDA:381,47,1,0
BRDA:382,48,0,0
BRDA:382,48,1,0
BRDA:391,49,0,0
BRDA:391,49,1,0
BRDA:396,50,0,0
BRDA:396,50,1,0
BRDA:396,51,0,0
BRDA:396,51,1,0
BRDA:407,52,0,0
BRDA:407,52,1,0
BRDA:407,53,0,0
BRDA:407,53,1,0
BRDA:422,54,0,0
BRDA:422,54,1,0
BRDA:425,55,0,0
BRDA:429,56,0,0
BRDA:429,56,1,0
BRDA:430,57,0,0
BRDA:430,57,1,0
BRDA:437,58,0,0
BRDA:438,59,0,0
BRDA:438,59,1,0
BRF:113
BRH:0
end_of_record
TN:
SF:src/services/store.js
FN:31,(anonymous_0)
FN:40,(anonymous_1)
FN:51,(anonymous_2)
FN:53,(anonymous_3)
FN:68,(anonymous_4)
FN:85,(anonymous_5)
FN:108,(anonymous_6)
FN:123,(anonymous_7)
FN:128,(anonymous_8)
FN:135,(anonymous_9)
FN:142,(anonymous_10)
FN:143,(anonymous_11)
FN:144,(anonymous_12)
FN:224,(anonymous_13)
FN:229,(anonymous_14)
FN:234,(anonymous_15)
FN:239,(anonymous_16)
FN:244,(anonymous_17)
FN:249,(anonymous_18)
FN:254,(anonymous_19)
FN:259,(anonymous_20)
FN:264,(anonymous_21)
FN:269,(anonymous_22)
FN:274,(anonymous_23)
FN:278,(anonymous_24)
FN:283,(anonymous_25)
FN:288,(anonymous_26)
FN:293,(anonymous_27)
FN:298,(anonymous_28)
FN:303,(anonymous_29)
FN:308,(anonymous_30)
FN:312,(anonymous_31)
FN:317,(anonymous_32)
FN:322,(anonymous_33)
FN:327,(anonymous_34)
FN:333,(anonymous_35)
FN:335,(anonymous_36)
FN:336,(anonymous_37)
FN:357,(anonymous_38)
FN:361,(anonymous_39)
FN:365,(anonymous_40)
FN:376,(anonymous_41)
FNF:42
FNH:0
FNDA:0,(anonymous_0)
FNDA:0,(anonymous_1)
FNDA:0,(anonymous_2)
FNDA:0,(anonymous_3)
FNDA:0,(anonymous_4)
FNDA:0,(anonymous_5)
FNDA:0,(anonymous_6)
FNDA:0,(anonymous_7)
FNDA:0,(anonymous_8)
FNDA:0,(anonymous_9)
FNDA:0,(anonymous_10)
FNDA:0,(anonymous_11)
FNDA:0,(anonymous_12)
FNDA:0,(anonymous_13)
FNDA:0,(anonymous_14)
FNDA:0,(anonymous_15)
FNDA:0,(anonymous_16)
FNDA:0,(anonymous_17)
FNDA:0,(anonymous_18)
FNDA:0,(anonymous_19)
FNDA:0,(anonymous_20)
FNDA:0,(anonymous_21)
FNDA:0,(anonymous_22)
FNDA:0,(anonymous_23)
FNDA:0,(anonymous_24)
FNDA:0,(anonymous_25)
FNDA:0,(anonymous_26)
FNDA:0,(anonymous_27)
FNDA:0,(anonymous_28)
FNDA:0,(anonymous_29)
FNDA:0,(anonymous_30)
FNDA:0,(anonymous_31)
FNDA:0,(anonymous_32)
FNDA:0,(anonymous_33)
FNDA:0,(anonymous_34)
FNDA:0,(anonymous_35)
FNDA:0,(anonymous_36)
FNDA:0,(anonymous_37)
FNDA:0,(anonymous_38)
FNDA:0,(anonymous_39)
FNDA:0,(anonymous_40)
FNDA:0,(anonymous_41)
DA:5,0
DA:31,0
DA:32,0
DA:33,0
DA:36,0
DA:40,0
DA:41,0
DA:42,0
DA:43,0
DA:46,0
DA:47,0
DA:51,0
DA:52,0
DA:53,0
DA:54,0
DA:55,0
DA:57,0
DA:58,0
DA:59,0
DA:62,0
DA:65,0
DA:68,0
DA:69,0
DA:71,0
DA:72,0
DA:74,0
DA:82,0
DA:85,0
DA:90,0
DA:98,0
DA:99,0
DA:101,0
DA:106,0
DA:108,0
DA:111,0
DA:116,0
DA:121,0
DA:123,0
DA:126,0
DA:129,0
DA:133,0
DA:136,0
DA:142,0
DA:143,0
DA:144,0
DA:145,0
DA:154,0
DA:159,0
DA:164,0
DA:169,0
DA:174,0
DA:179,0
DA:187,0
DA:192,0
DA:197,0
DA:202,0
DA:212,0
DA:220,0
DA:224,0
DA:229,0
DA:234,0
DA:239,0
DA:244,0
DA:249,0
DA:254,0
DA:259,0
DA:264,0
DA:269,0
DA:274,0
DA:278,0
DA:283,0
DA:288,0
DA:293,0
DA:298,0
DA:303,0
DA:308,0
DA:312,0
DA:317,0
DA:322,0
DA:327,0
DA:331,0
DA:333,0
DA:334,0
DA:335,0
DA:336,0
DA:337,0
DA:338,0
DA:343,0
DA:344,0
DA:345,0
DA:346,0
DA:347,0
DA:348,0
DA:351,0
DA:354,0
DA:357,0
DA:358,0
DA:361,0
DA:362,0
DA:365,0
DA:366,0
DA:369,0
DA:376,0
DA:377,0
DA:378,0
DA:379,0
DA:381,0
LF:107
LH:0
BRDA:40,0,0,0
BRDA:43,1,0,0
BRDA:43,1,1,0
BRDA:54,2,0,0
BRDA:54,2,1,0
BRDA:54,3,0,0
BRDA:54,3,1,0
BRDA:58,4,0,0
BRDA:58,4,1,0
BRDA:59,5,0,0
BRDA:59,5,1,0
BRDA:69,6,0,0
BRDA:69,6,1,0
BRDA:69,6,2,0
BRDA:69,6,3,0
BRDA:69,6,4,0
BRDA:69,6,5,0
BRDA:69,6,6,0
BRDA:69,6,7,0
BRDA:69,6,8,0
BRDA:69,6,9,0
BRDA:69,6,10,0
BRDA:69,6,11,0
BRDA:69,6,12,0
BRDA:69,6,13,0
BRDA:69,6,14,0
BRDA:69,6,15,0
BRDA:69,6,16,0
BRDA:69,6,17,0
BRDA:69,6,18,0
BRDA:69,6,19,0
BRDA:69,6,20,0
BRDA:69,6,21,0
BRDA:69,6,22,0
BRDA:71,7,0,0
BRDA:71,7,1,0
BRDA:93,8,0,0
BRDA:93,8,1,0
BRDA:93,9,0,0
BRDA:93,9,1,0
BRDA:98,10,0,0
BRDA:98,10,1,0
BRDA:129,11,0,0
BRDA:129,11,1,0
BRDA:136,12,0,0
BRDA:136,12,1,0
BRDA:256,13,0,0
BRDA:256,13,1,0
BRDA:322,14,0,0
BRDA:322,15,0,0
BRDA:378,16,0,0
BRDA:378,16,1,0
BRF:52
BRH:0
end_of_record
TN:
SF:src/utils/debounce.js
FN:1,(anonymous_0)
FN:3,(anonymous_1)
FN:5,(anonymous_2)
FNF:3
FNH:0
FNDA:0,(anonymous_0)
FNDA:0,(anonymous_1)
FNDA:0,(anonymous_2)
DA:1,0
DA:3,0
DA:4,0
DA:5,0
LF:4
LH:0
BRF:0
BRH:0
end_of_record
TN:
SF:src/utils/env.js
FN:3,(anonymous_0)
FN:16,(anonymous_1)
FN:20,(anonymous_2)
FNF:3
FNH:0
FNDA:0,(anonymous_0)
FNDA:0,(anonymous_1)
FNDA:0,(anonymous_2)
DA:3,0
DA:4,0
DA:9,0
DA:10,0
DA:11,0
DA:13,0
DA:16,0
DA:17,0
DA:20,0
DA:21,0
DA:22,0
LF:11
LH:0
BRDA:4,0,0,0
BRDA:4,0,1,0
BRDA:4,0,2,0
BRDA:4,0,3,0
BRDA:9,1,0,0
BRDA:9,1,1,0
BRDA:9,2,0,0
BRDA:9,2,1,0
BRDA:21,3,0,0
BRDA:21,3,1,0
BRDA:21,4,0,0
BRDA:21,4,1,0
BRDA:22,5,0,0
BRDA:22,5,1,0
BRDA:22,5,2,0
BRF:15
BRH:0
end_of_record
TN:
SF:src/vision/bestOne.ts
FN:82,singularize
FN:109,normalizeToken
FN:120,isValidToken
FN:132,extractFromTags
FN:152,extractFromCaptions
FN:174,extractFromObjects
FN:196,buildScores
FN:256,selectBest
FN:260,(anonymous_8)
FN:313,pickBestOne
FNF:10
FNH:10
FNDA:137,singularize
FNDA:137,normalizeToken
FNDA:137,isValidToken
FNDA:23,extractFromTags
FNDA:23,extractFromCaptions
FNDA:23,extractFromObjects
FNDA:23,buildScores
FNDA:23,selectBest
FNDA:6,(anonymous_8)
FNDA:23,pickBestOne
DA:56,1
DA:70,1
DA:71,1
DA:72,1
DA:75,1
DA:84,137
DA:85,135
DA:86,135
DA:87,133
DA:88,133
DA:91,130
DA:92,3
DA:96,127
DA:97,0
DA:99,127
DA:100,2
DA:103,125
DA:110,137
DA:121,137
DA:122,107
DA:123,107
DA:124,70
DA:133,23
DA:135,23
DA:136,42
DA:137,42
DA:140,25
DA:141,25
DA:142,25
DA:146,23
DA:153,23
DA:155,23
DA:156,23
DA:158,23
DA:159,86
DA:160,86
DA:163,36
DA:164,36
DA:168,23
DA:175,23
DA:177,23
DA:178,9
DA:180,9
DA:181,9
DA:182,9
DA:184,9
DA:188,23
DA:203,23
DA:209,23
DA:211,23
DA:213,41
DA:216,41
DA:217,41
DA:220,41
DA:221,41
DA:222,41
DA:223,41
DA:225,41
DA:229,41
DA:230,15
DA:231,15
DA:236,26
DA:240,26
DA:250,23
DA:257,23
DA:260,20
DA:263,20
DA:264,20
DA:265,26
DA:266,26
DA:273,20
DA:276,20
DA:277,6
DA:278,6
DA:280,6
DA:281,0
DA:287,0
DA:288,0
DA:289,0
DA:290,0
DA:292,0
DA:293,0
DA:294,0
DA:300,20
DA:302,20
DA:314,23
DA:315,23
DA:316,23
DA:318,23
DA:320,23
DA:321,23
DA:322,23
DA:324,23
DA:325,23
DA:326,23
DA:328,23
DA:331,23
DA:333,23
DA:336,23
DA:338,23
DA:340,23
DA:343,0
DA:344,0
LF:103
LH:92
BRDA:84,0,0,2
BRDA:84,0,1,135
BRDA:85,1,0,0
BRDA:85,1,1,135
BRDA:86,2,0,2
BRDA:86,2,1,133
BRDA:87,3,0,0
BRDA:87,3,1,133
BRDA:88,4,0,3
BRDA:88,4,1,130
BRDA:91,5,0,3
BRDA:91,5,1,127
BRDA:91,6,0,130
BRDA:91,6,1,127
BRDA:91,6,2,127
BRDA:96,7,0,0
BRDA:96,7,1,127
BRDA:99,8,0,2
BRDA:99,8,1,125
BRDA:121,9,0,30
BRDA:121,9,1,107
BRDA:122,10,0,0
BRDA:122,10,1,107
BRDA:123,11,0,37
BRDA:123,11,1,70
BRDA:137,12,0,17
BRDA:137,12,1,25
BRDA:140,13,0,25
BRDA:140,13,1,25
BRDA:141,14,0,25
BRDA:141,14,1,0
BRDA:160,15,0,50
BRDA:160,15,1,36
BRDA:163,16,0,36
BRDA:163,16,1,32
BRDA:178,17,0,0
BRDA:178,17,1,9
BRDA:182,18,0,0
BRDA:182,18,1,9
BRDA:213,19,0,41
BRDA:213,19,1,16
BRDA:216,20,0,41
BRDA:216,20,1,9
BRDA:217,21,0,39
BRDA:217,21,1,2
BRDA:221,22,0,25
BRDA:221,22,1,16
BRDA:222,23,0,32
BRDA:222,23,1,9
BRDA:223,24,0,9
BRDA:223,24,1,32
BRDA:225,25,0,17
BRDA:225,25,1,24
BRDA:229,26,0,15
BRDA:229,26,1,26
BRDA:229,27,0,41
BRDA:229,27,1,24
BRDA:257,28,0,3
BRDA:257,28,1,20
BRDA:276,29,0,6
BRDA:276,29,1,14
BRDA:280,30,0,0
BRDA:280,30,1,6
BRDA:287,31,0,0
BRDA:287,31,1,0
BRDA:290,32,0,0
BRDA:290,32,1,0
BRDA:292,33,0,0
BRDA:292,33,1,0
BRDA:320,34,0,23
BRDA:320,34,1,1
BRDA:321,35,0,23
BRDA:321,35,1,1
BRDA:322,36,0,23
BRDA:322,36,1,1
BRF:75
BRH:61
end_of_record
TN:
SF:src/vision/canonicalize.ts
FN:76,normalize
FN:88,singularize
FN:132,singularizePhrase
FN:147,extractHeadword
FN:164,isGeneric
FN:171,isCleanSingleNoun
FN:184,canonicalizeSingle
FN:239,canonicalizeIngredients
FN:241,(anonymous_8)
FNF:9
FNH:0
FNDA:0,normalize
FNDA:0,singularize
FNDA:0,singularizePhrase
FNDA:0,extractHeadword
FNDA:0,isGeneric
FNDA:0,isCleanSingleNoun
FNDA:0,canonicalizeSingle
FNDA:0,canonicalizeIngredients
FNDA:0,(anonymous_8)
DA:17,0
DA:62,0
DA:77,0
DA:90,0
DA:99,0
DA:100,0
DA:104,0
DA:105,0
DA:108,0
DA:109,0
DA:112,0
DA:114,0
DA:115,0
DA:116,0
DA:119,0
DA:122,0
DA:123,0
DA:126,0
DA:133,0
DA:148,0
DA:151,0
DA:152,0
DA:153,0
DA:154,0
DA:158,0
DA:165,0
DA:172,0
DA:173,0
DA:186,0
DA:188,0
DA:189,0
DA:193,0
DA:196,0
DA:197,0
DA:201,0
DA:202,0
DA:203,0
DA:207,0
DA:208,0
DA:212,0
DA:213,0
DA:218,0
DA:219,0
DA:220,0
DA:223,0
DA:241,0
DA:242,0
DA:246,0
DA:247,0
DA:249,0
DA:250,0
DA:252,0
DA:253,0
DA:254,0
DA:258,0
LF:55
LH:0
BRDA:99,0,0,0
BRDA:99,0,1,0
BRDA:104,1,0,0
BRDA:104,1,1,0
BRDA:104,2,0,0
BRDA:104,2,1,0
BRDA:108,3,0,0
BRDA:108,3,1,0
BRDA:108,4,0,0
BRDA:108,4,1,0
BRDA:112,5,0,0
BRDA:112,5,1,0
BRDA:112,6,0,0
BRDA:112,6,1,0
BRDA:115,7,0,0
BRDA:115,7,1,0
BRDA:115,8,0,0
BRDA:115,8,1,0
BRDA:115,8,2,0
BRDA:115,8,3,0
BRDA:122,9,0,0
BRDA:122,9,1,0
BRDA:122,10,0,0
BRDA:122,10,1,0
BRDA:122,10,2,0
BRDA:122,10,3,0
BRDA:153,11,0,0
BRDA:153,11,1,0
BRDA:173,12,0,0
BRDA:173,12,1,0
BRDA:188,13,0,0
BRDA:188,13,1,0
BRDA:196,14,0,0
BRDA:196,14,1,0
BRDA:202,15,0,0
BRDA:202,15,1,0
BRDA:207,16,0,0
BRDA:207,16,1,0
BRDA:212,17,0,0
BRDA:212,17,1,0
BRDA:219,18,0,0
BRDA:219,18,1,0
BRDA:219,19,0,0
BRDA:219,19,1,0
BRDA:242,20,0,0
BRDA:242,20,1,0
BRDA:252,21,0,0
BRDA:252,21,1,0
BRDA:252,22,0,0
BRDA:252,22,1,0
BRF:50
BRH:0
end_of_record
TN:
SF:src/vision/ingredientExtractor.ts
FN:66,(anonymous_0)
FN:79,(anonymous_1)
FN:88,(anonymous_2)
FN:90,(anonymous_3)
FN:98,(anonymous_4)
FN:115,candidates
FN:119,(anonymous_6)
FN:122,(anonymous_7)
FN:125,(anonymous_8)
FN:126,(anonymous_9)
FN:127,(anonymous_10)
FN:141,scoreCand
FN:161,reduceAndScore
FN:164,(anonymous_13)
FN:165,(anonymous_14)
FN:197,(anonymous_15)
FN:198,(anonymous_16)
FN:199,(anonymous_17)
FN:219,(anonymous_18)
FN:228,(anonymous_19)
FN:239,(anonymous_20)
FN:244,(anonymous_21)
FN:244,(anonymous_22)
FN:245,(anonymous_23)
FN:254,(anonymous_24)
FN:261,(anonymous_25)
FN:262,(anonymous_26)
FN:275,extractIngredientsWithScores
FN:292,extractIngredients
FN:293,(anonymous_29)
FNF:30
FNH:0
FNDA:0,(anonymous_0)
FNDA:0,(anonymous_1)
FNDA:0,(anonymous_2)
FNDA:0,(anonymous_3)
FNDA:0,(anonymous_4)
FNDA:0,candidates
FNDA:0,(anonymous_6)
FNDA:0,(anonymous_7)
FNDA:0,(anonymous_8)
FNDA:0,(anonymous_9)
FNDA:0,(anonymous_10)
FNDA:0,scoreCand
FNDA:0,reduceAndScore
FNDA:0,(anonymous_13)
FNDA:0,(anonymous_14)
FNDA:0,(anonymous_15)
FNDA:0,(anonymous_16)
FNDA:0,(anonymous_17)
FNDA:0,(anonymous_18)
FNDA:0,(anonymous_19)
FNDA:0,(anonymous_20)
FNDA:0,(anonymous_21)
FNDA:0,(anonymous_22)
FNDA:0,(anonymous_23)
FNDA:0,(anonymous_24)
FNDA:0,(anonymous_25)
FNDA:0,(anonymous_26)
FNDA:0,extractIngredientsWithScores
FNDA:0,extractIngredients
FNDA:0,(anonymous_29)
DA:27,0
DA:34,0
DA:39,0
DA:56,0
DA:57,0
DA:58,0
DA:59,0
DA:66,0
DA:67,0
DA:68,0
DA:69,0
DA:70,0
DA:71,0
DA:72,0
DA:73,0
DA:79,0
DA:80,0
DA:88,0
DA:89,0
DA:90,0
DA:98,0
DA:99,0
DA:102,0
DA:103,0
DA:107,0
DA:116,0
DA:119,0
DA:122,0
DA:125,0
DA:126,0
DA:127,0
DA:128,0
DA:133,0
DA:147,0
DA:149,0
DA:150,0
DA:151,0
DA:153,0
DA:163,0
DA:164,0
DA:165,0
DA:167,0
DA:170,0
DA:171,0
DA:172,0
DA:173,0
DA:174,0
DA:177,0
DA:180,0
DA:188,0
DA:189,0
DA:190,0
DA:192,0
DA:193,0
DA:194,0
DA:197,0
DA:198,0
DA:199,0
DA:200,0
DA:202,0
DA:203,0
DA:204,0
DA:205,0
DA:207,0
DA:208,0
DA:209,0
DA:213,0
DA:216,0
DA:217,0
DA:219,0
DA:220,0
DA:221,0
DA:222,0
DA:228,0
DA:238,0
DA:239,0
DA:242,0
DA:243,0
DA:244,0
DA:245,0
DA:247,0
DA:248,0
DA:249,0
DA:254,0
DA:256,0
DA:257,0
DA:258,0
DA:261,0
DA:262,0
DA:264,0
DA:276,0
DA:277,0
DA:279,0
DA:281,0
DA:283,0
DA:293,0
LF:96
LH:0
BRDA:67,0,0,0
BRDA:67,0,1,0
BRDA:68,1,0,0
BRDA:68,1,1,0
BRDA:69,2,0,0
BRDA:69,2,1,0
BRDA:70,3,0,0
BRDA:70,3,1,0
BRDA:71,4,0,0
BRDA:71,4,1,0
BRDA:72,5,0,0
BRDA:72,5,1,0
BRDA:103,6,0,0
BRDA:103,6,1,0
BRDA:107,7,0,0
BRDA:107,7,1,0
BRDA:107,8,0,0
BRDA:107,8,1,0
BRDA:128,9,0,0
BRDA:128,9,1,0
BRDA:149,10,0,0
BRDA:149,10,1,0
BRDA:150,11,0,0
BRDA:150,11,1,0
BRDA:151,12,0,0
BRDA:151,12,1,0
BRDA:165,13,0,0
BRDA:165,13,1,0
BRDA:173,14,0,0
BRDA:173,14,1,0
BRDA:190,15,0,0
BRDA:190,15,1,0
BRDA:190,16,0,0
BRDA:190,16,1,0
BRDA:192,17,0,0
BRDA:192,17,1,0
BRDA:197,18,0,0
BRDA:197,18,1,0
BRDA:203,19,0,0
BRDA:203,19,1,0
BRDA:203,20,0,0
BRDA:203,20,1,0
BRDA:208,21,0,0
BRDA:208,21,1,0
BRDA:219,22,0,0
BRDA:219,22,1,0
BRDA:221,23,0,0
BRDA:221,23,1,0
BRDA:232,24,0,0
BRDA:232,24,1,0
BRDA:242,25,0,0
BRDA:242,25,1,0
BRDA:247,26,0,0
BRDA:247,26,1,0
BRDA:247,27,0,0
BRDA:247,27,1,0
BRDA:256,28,0,0
BRDA:256,28,1,0
BRDA:256,29,0,0
BRDA:256,29,1,0
BRDA:256,30,0,0
BRDA:256,30,1,0
BRF:62
BRH:0
end_of_record
TN:
SF:src/vision/refineMulti.ts
FN:48,iou
FN:66,keepDistinct
FN:70,(anonymous_2)
FN:74,(anonymous_3)
FN:90,cropJpeg
FN:147,extractBestCandidate
FN:183,(anonymous_6)
FN:184,(anonymous_7)
FN:204,refineMulti
FN:220,(anonymous_9)
FNF:10
FNH:0
FNDA:0,iou
FNDA:0,keepDistinct
FNDA:0,(anonymous_2)
FNDA:0,(anonymous_3)
FNDA:0,cropJpeg
FNDA:0,extractBestCandidate
FNDA:0,(anonymous_6)
FNDA:0,(anonymous_7)
FNDA:0,refineMulti
FNDA:0,(anonymous_9)
DA:37,0
DA:38,0
DA:39,0
DA:40,0
DA:41,0
DA:49,0
DA:50,0
DA:51,0
DA:52,0
DA:54,0
DA:55,0
DA:56,0
DA:57,0
DA:59,0
DA:67,0
DA:70,0
DA:72,0
DA:74,0
DA:75,0
DA:79,0
DA:80,0
DA:84,0
DA:96,0
DA:98,0
DA:100,0
DA:101,0
DA:102,0
DA:103,0
DA:106,0
DA:118,0
DA:119,0
DA:120,0
DA:128,0
DA:137,0
DA:139,0
DA:140,0
DA:150,0
DA:153,0
DA:154,0
DA:155,0
DA:156,0
DA:162,0
DA:163,0
DA:164,0
DA:166,0
DA:167,0
DA:168,0
DA:169,0
DA:170,0
DA:177,0
DA:178,0
DA:182,0
DA:183,0
DA:184,0
DA:187,0
DA:189,0
DA:217,0
DA:219,0
DA:220,0
DA:222,0
DA:223,0
DA:224,0
DA:227,0
DA:230,0
DA:231,0
DA:233,0
DA:236,0
DA:237,0
DA:239,0
DA:240,0
DA:243,0
DA:246,0
DA:249,0
DA:251,0
DA:252,0
DA:253,0
DA:255,0
DA:258,0
DA:264,0
DA:266,0
DA:268,0
DA:271,0
DA:272,0
LF:83
LH:0
BRDA:59,0,0,0
BRDA:59,0,1,0
BRDA:74,1,0,0
BRDA:74,1,1,0
BRDA:79,2,0,0
BRDA:79,2,1,0
BRDA:119,3,0,0
BRDA:119,3,1,0
BRDA:122,4,0,0
BRDA:122,4,1,0
BRDA:123,5,0,0
BRDA:123,5,1,0
BRDA:153,6,0,0
BRDA:153,6,1,0
BRDA:155,7,0,0
BRDA:155,7,1,0
BRDA:162,8,0,0
BRDA:162,8,1,0
BRDA:162,9,0,0
BRDA:162,9,1,0
BRDA:164,10,0,0
BRDA:164,10,1,0
BRDA:169,11,0,0
BRDA:169,11,1,0
BRDA:177,12,0,0
BRDA:177,12,1,0
BRDA:189,13,0,0
BRDA:189,13,1,0
BRDA:222,14,0,0
BRDA:222,14,1,0
BRDA:222,15,0,0
BRDA:222,15,1,0
BRDA:251,16,0,0
BRDA:251,16,1,0
BRDA:268,17,0,0
BRDA:268,17,1,0
BRF:36
BRH:0
end_of_record
TN:
SF:src/vision/robustDetector.ts
FN:127,toSingular
FN:140,clean
FN:150,stripDescriptors
FN:152,(anonymous_3)
FN:161,headword
FN:176,normalize
FN:192,callAzureVision
FN:228,imageToBase64
FN:240,preprocessImage
FN:297,extractCandidates
FN:335,applyAreaDominance
FN:336,(anonymous_11)
FN:341,(anonymous_12)
FN:353,(anonymous_13)
FN:370,scoreCandidates
FN:425,(anonymous_15)
FN:426,(anonymous_16)
FN:427,(anonymous_17)
FN:444,(anonymous_18)
FN:445,(anonymous_19)
FN:451,(anonymous_20)
FN:452,(anonymous_21)
FN:457,(anonymous_22)
FN:464,(anonymous_23)
FN:476,(anonymous_24)
FN:478,(anonymous_25)
FN:494,applyDominanceFilter
FN:512,detectCore
FN:534,(anonymous_28)
FN:543,(anonymous_29)
FN:556,applyEnhancedAreaDominance
FN:557,(anonymous_31)
FN:562,(anonymous_32)
FN:582,scoreEnhanced
FN:648,(anonymous_34)
FN:649,(anonymous_35)
FN:650,(anonymous_36)
FN:651,(anonymous_37)
FN:667,(anonymous_38)
FN:668,(anonymous_39)
FN:674,(anonymous_40)
FN:675,(anonymous_41)
FN:680,(anonymous_42)
FN:687,(anonymous_43)
FN:699,(anonymous_44)
FN:701,(anonymous_45)
FN:708,(anonymous_46)
FN:712,(anonymous_47)
FN:718,detectIngredientsEnhanced
FN:757,(anonymous_49)
FN:770,fallbackGuard
FN:783,(anonymous_51)
FN:784,(anonymous_52)
FN:809,detectIngredients
FNF:54
FNH:0
FNDA:0,toSingular
FNDA:0,clean
FNDA:0,stripDescriptors
FNDA:0,(anonymous_3)
FNDA:0,headword
FNDA:0,normalize
FNDA:0,callAzureVision
FNDA:0,imageToBase64
FNDA:0,preprocessImage
FNDA:0,extractCandidates
FNDA:0,applyAreaDominance
FNDA:0,(anonymous_11)
FNDA:0,(anonymous_12)
FNDA:0,(anonymous_13)
FNDA:0,scoreCandidates
FNDA:0,(anonymous_15)
FNDA:0,(anonymous_16)
FNDA:0,(anonymous_17)
FNDA:0,(anonymous_18)
FNDA:0,(anonymous_19)
FNDA:0,(anonymous_20)
FNDA:0,(anonymous_21)
FNDA:0,(anonymous_22)
FNDA:0,(anonymous_23)
FNDA:0,(anonymous_24)
FNDA:0,(anonymous_25)
FNDA:0,applyDominanceFilter
FNDA:0,detectCore
FNDA:0,(anonymous_28)
FNDA:0,(anonymous_29)
FNDA:0,applyEnhancedAreaDominance
FNDA:0,(anonymous_31)
FNDA:0,(anonymous_32)
FNDA:0,scoreEnhanced
FNDA:0,(anonymous_34)
FNDA:0,(anonymous_35)
FNDA:0,(anonymous_36)
FNDA:0,(anonymous_37)
FNDA:0,(anonymous_38)
FNDA:0,(anonymous_39)
FNDA:0,(anonymous_40)
FNDA:0,(anonymous_41)
FNDA:0,(anonymous_42)
FNDA:0,(anonymous_43)
FNDA:0,(anonymous_44)
FNDA:0,(anonymous_45)
FNDA:0,(anonymous_46)
FNDA:0,(anonymous_47)
FNDA:0,detectIngredientsEnhanced
FNDA:0,(anonymous_49)
FNDA:0,fallbackGuard
FNDA:0,(anonymous_51)
FNDA:0,(anonymous_52)
FNDA:0,detectIngredients
DA:59,0
DA:67,0
DA:82,0
DA:108,0
DA:109,0
DA:110,0
DA:111,0
DA:112,0
DA:113,0
DA:114,0
DA:115,0
DA:118,0
DA:119,0
DA:120,0
DA:128,0
DA:129,0
DA:130,0
DA:131,0
DA:132,0
DA:133,0
DA:134,0
DA:141,0
DA:151,0
DA:152,0
DA:162,0
DA:165,0
DA:166,0
DA:170,0
DA:177,0
DA:178,0
DA:181,0
DA:184,0
DA:198,0
DA:201,0
DA:202,0
DA:203,0
DA:204,0
DA:207,0
DA:216,0
DA:217,0
DA:218,0
DA:219,0
DA:222,0
DA:229,0
DA:232,0
DA:241,0
DA:242,0
DA:245,0
DA:250,0
DA:251,0
DA:254,0
DA:255,0
DA:256,0
DA:257,0
DA:259,0
DA:270,0
DA:271,0
DA:272,0
DA:280,0
DA:285,0
DA:287,0
DA:288,0
DA:298,0
DA:301,0
DA:302,0
DA:303,0
DA:304,0
DA:305,0
DA:306,0
DA:308,0
DA:319,0
DA:320,0
DA:321,0
DA:329,0
DA:336,0
DA:338,0
DA:341,0
DA:343,0
DA:344,0
DA:347,0
DA:348,0
DA:349,0
DA:353,0
DA:354,0
DA:355,0
DA:356,0
DA:359,0
DA:360,0
DA:361,0
DA:364,0
DA:375,0
DA:378,0
DA:379,0
DA:380,0
DA:382,0
DA:383,0
DA:386,0
DA:387,0
DA:390,0
DA:393,0
DA:394,0
DA:398,0
DA:399,0
DA:404,0
DA:405,0
DA:406,0
DA:408,0
DA:409,0
DA:410,0
DA:411,0
DA:412,0
DA:414,0
DA:415,0
DA:416,0
DA:424,0
DA:425,0
DA:426,0
DA:427,0
DA:430,0
DA:433,0
DA:434,0
DA:435,0
DA:436,0
DA:437,0
DA:439,0
DA:444,0
DA:445,0
DA:446,0
DA:447,0
DA:451,0
DA:452,0
DA:454,0
DA:455,0
DA:457,0
DA:458,0
DA:459,0
DA:464,0
DA:465,0
DA:467,0
DA:475,0
DA:476,0
DA:477,0
DA:478,0
DA:480,0
DA:485,0
DA:488,0
DA:495,0
DA:498,0
DA:500,0
DA:501,0
DA:505,0
DA:517,0
DA:520,0
DA:523,0
DA:524,0
DA:527,0
DA:529,0
DA:531,0
DA:533,0
DA:534,0
DA:535,0
DA:540,0
DA:542,0
DA:543,0
DA:544,0
DA:547,0
DA:548,0
DA:557,0
DA:559,0
DA:562,0
DA:564,0
DA:565,0
DA:568,0
DA:569,0
DA:570,0
DA:571,0
DA:572,0
DA:576,0
DA:583,0
DA:586,0
DA:587,0
DA:588,0
DA:589,0
DA:592,0
DA:593,0
DA:595,0
DA:597,0
DA:598,0
DA:601,0
DA:602,0
DA:605,0
DA:608,0
DA:609,0
DA:613,0
DA:614,0
DA:618,0
DA:619,0
DA:623,0
DA:624,0
DA:629,0
DA:630,0
DA:631,0
DA:633,0
DA:634,0
DA:635,0
DA:636,0
DA:637,0
DA:638,0
DA:639,0
DA:647,0
DA:648,0
DA:649,0
DA:650,0
DA:651,0
DA:654,0
DA:657,0
DA:658,0
DA:659,0
DA:660,0
DA:661,0
DA:663,0
DA:667,0
DA:668,0
DA:669,0
DA:670,0
DA:674,0
DA:675,0
DA:677,0
DA:678,0
DA:680,0
DA:681,0
DA:682,0
DA:687,0
DA:688,0
DA:690,0
DA:698,0
DA:699,0
DA:700,0
DA:701,0
DA:703,0
DA:708,0
DA:712,0
DA:723,0
DA:726,0
DA:729,0
DA:732,0
DA:733,0
DA:734,0
DA:735,0
DA:736,0
DA:745,0
DA:748,0
DA:749,0
DA:750,0
DA:754,0
DA:756,0
DA:757,0
DA:758,0
DA:761,0
DA:762,0
DA:775,0
DA:778,0
DA:781,0
DA:782,0
DA:783,0
DA:784,0
DA:786,0
DA:787,0
DA:789,0
DA:790,0
DA:791,0
DA:796,0
DA:797,0
DA:810,0
DA:811,0
DA:812,0
DA:813,0
DA:816,0
DA:817,0
DA:819,0
DA:820,0
DA:824,0
DA:825,0
DA:828,0
DA:831,0
DA:832,0
DA:833,0
DA:834,0
DA:839,0
DA:841,0
DA:843,0
DA:844,0
DA:845,0
DA:850,0
DA:852,0
DA:854,0
DA:855,0
DA:858,0
DA:859,0
LF:299
LH:0
BRDA:128,0,0,0
BRDA:128,0,1,0
BRDA:129,1,0,0
BRDA:129,1,1,0
BRDA:130,2,0,0
BRDA:130,2,1,0
BRDA:131,3,0,0
BRDA:131,3,1,0
BRDA:132,4,0,0
BRDA:132,4,1,0
BRDA:133,5,0,0
BRDA:133,5,1,0
BRDA:166,6,0,0
BRDA:166,6,1,0
BRDA:170,7,0,0
BRDA:170,7,1,0
BRDA:170,8,0,0
BRDA:170,8,1,0
BRDA:181,9,0,0
BRDA:181,9,1,0
BRDA:216,10,0,0
BRDA:216,10,1,0
BRDA:254,11,0,0
BRDA:254,11,1,0
BRDA:254,12,0,0
BRDA:254,12,1,0
BRDA:271,13,0,0
BRDA:271,13,1,0
BRDA:274,14,0,0
BRDA:274,14,1,0
BRDA:275,15,0,0
BRDA:275,15,1,0
BRDA:301,16,0,0
BRDA:301,16,1,0
BRDA:303,17,0,0
BRDA:303,17,1,0
BRDA:303,18,0,0
BRDA:303,18,1,0
BRDA:305,19,0,0
BRDA:305,19,1,0
BRDA:319,20,0,0
BRDA:319,20,1,0
BRDA:336,21,0,0
BRDA:336,21,1,0
BRDA:338,22,0,0
BRDA:338,22,1,0
BRDA:341,23,0,0
BRDA:341,23,1,0
BRDA:341,24,0,0
BRDA:341,24,1,0
BRDA:344,25,0,0
BRDA:344,25,1,0
BRDA:347,26,0,0
BRDA:347,26,1,0
BRDA:347,27,0,0
BRDA:347,27,1,0
BRDA:354,28,0,0
BRDA:354,28,1,0
BRDA:356,29,0,0
BRDA:356,29,1,0
BRDA:359,30,0,0
BRDA:359,30,1,0
BRDA:372,31,0,0
BRDA:380,32,0,0
BRDA:380,32,1,0
BRDA:382,33,0,0
BRDA:382,33,1,0
BRDA:393,34,0,0
BRDA:393,34,1,0
BRDA:393,35,0,0
BRDA:393,35,1,0
BRDA:398,36,0,0
BRDA:398,36,1,0
BRDA:404,37,0,0
BRDA:404,37,1,0
BRDA:404,38,0,0
BRDA:404,38,1,0
BRDA:410,39,0,0
BRDA:410,39,1,0
BRDA:411,40,0,0
BRDA:411,40,1,0
BRDA:444,41,0,0
BRDA:444,41,1,0
BRDA:446,42,0,0
BRDA:446,42,1,0
BRDA:455,43,0,0
BRDA:455,43,1,0
BRDA:455,44,0,0
BRDA:455,44,1,0
BRDA:458,45,0,0
BRDA:458,45,1,0
BRDA:465,46,0,0
BRDA:465,46,1,0
BRDA:477,47,0,0
BRDA:477,47,1,0
BRDA:495,48,0,0
BRDA:495,48,1,0
BRDA:498,49,0,0
BRDA:498,49,1,0
BRDA:498,50,0,0
BRDA:498,50,1,0
BRDA:499,51,0,0
BRDA:499,51,1,0
BRDA:529,52,0,0
BRDA:529,52,1,0
BRDA:533,53,0,0
BRDA:533,53,1,0
BRDA:542,54,0,0
BRDA:542,54,1,0
BRDA:557,55,0,0
BRDA:557,55,1,0
BRDA:559,56,0,0
BRDA:559,56,1,0
BRDA:562,57,0,0
BRDA:562,57,1,0
BRDA:562,58,0,0
BRDA:562,58,1,0
BRDA:565,59,0,0
BRDA:565,59,1,0
BRDA:568,60,0,0
BRDA:568,60,1,0
BRDA:570,61,0,0
BRDA:570,61,1,0
BRDA:593,62,0,0
BRDA:593,62,1,0
BRDA:593,63,0,0
BRDA:593,63,1,0
BRDA:595,64,0,0
BRDA:595,64,1,0
BRDA:597,65,0,0
BRDA:597,65,1,0
BRDA:608,66,0,0
BRDA:608,66,1,0
BRDA:613,67,0,0
BRDA:613,67,1,0
BRDA:613,68,0,0
BRDA:613,68,1,0
BRDA:618,69,0,0
BRDA:618,69,1,0
BRDA:623,70,0,0
BRDA:623,70,1,0
BRDA:629,71,0,0
BRDA:629,71,1,0
BRDA:635,72,0,0
BRDA:635,72,1,0
BRDA:636,73,0,0
BRDA:636,73,1,0
BRDA:649,74,0,0
BRDA:649,74,1,0
BRDA:667,75,0,0
BRDA:667,75,1,0
BRDA:669,76,0,0
BRDA:669,76,1,0
BRDA:678,77,0,0
BRDA:678,77,1,0
BRDA:678,78,0,0
BRDA:678,78,1,0
BRDA:681,79,0,0
BRDA:681,79,1,0
BRDA:688,80,0,0
BRDA:688,80,1,0
BRDA:700,81,0,0
BRDA:700,81,1,0
BRDA:732,82,0,0
BRDA:732,82,1,0
BRDA:749,83,0,0
BRDA:749,83,1,0
BRDA:756,84,0,0
BRDA:756,84,1,0
BRDA:781,85,0,0
BRDA:781,85,1,0
BRDA:786,86,0,0
BRDA:786,86,1,0
BRDA:789,87,0,0
BRDA:789,87,1,0
BRDA:819,88,0,0
BRDA:819,88,1,0
BRDA:819,89,0,0
BRDA:819,89,1,0
BRDA:824,90,0,0
BRDA:824,90,1,0
BRDA:831,91,0,0
BRDA:831,91,1,0
BRDA:831,92,0,0
BRDA:831,92,1,0
BRDA:839,93,0,0
BRDA:839,93,1,0
BRDA:843,94,0,0
BRDA:843,94,1,0
BRF:189
BRH:0
end_of_record
